2020-11-07 00:43:43.635  WARN 6199 --- [Atomikos:2] c.a.r.xa.XaResourceRecoveryManager       : Error while retrieving xids from resource - will retry later...

com.mysql.cj.jdbc.MysqlXAException: Undetermined error occurred in the underlying Connection - check your data for consistency
	at com.mysql.cj.jdbc.MysqlXAConnection.mapXAExceptionFromSQLException(MysqlXAConnection.java:336)
	at com.mysql.cj.jdbc.MysqlXAConnection.recover(MysqlXAConnection.java:184)
	at com.mysql.cj.jdbc.MysqlXAConnection.recover(MysqlXAConnection.java:112)
	at com.atomikos.datasource.xa.RecoveryScan.recoverXids(RecoveryScan.java:32)
	at com.atomikos.recovery.xa.XaResourceRecoveryManager.retrievePreparedXidsFromXaResource(XaResourceRecoveryManager.java:158)
	at com.atomikos.recovery.xa.XaResourceRecoveryManager.recover(XaResourceRecoveryManager.java:67)
	at com.atomikos.datasource.xa.XATransactionalResource.recover(XATransactionalResource.java:449)
	at com.atomikos.icatch.imp.TransactionServiceImp.performRecovery(TransactionServiceImp.java:490)
	at com.atomikos.icatch.imp.TransactionServiceImp.access$000(TransactionServiceImp.java:56)
	at com.atomikos.icatch.imp.TransactionServiceImp$1.alarm(TransactionServiceImp.java:471)
	at com.atomikos.timing.PooledAlarmTimer.notifyListeners(PooledAlarmTimer.java:95)
	at com.atomikos.timing.PooledAlarmTimer.run(PooledAlarmTimer.java:82)
	at java.util.concurrent.ThreadPoolExecutor.runWorker(ThreadPoolExecutor.java:1149)
	at java.util.concurrent.ThreadPoolExecutor$Worker.run(ThreadPoolExecutor.java:624)
	at java.lang.Thread.run(Thread.java:748)
Caused by: com.mysql.cj.jdbc.exceptions.CommunicationsException: Communications link failure

The last packet successfully received from the server was 7,228,922 milliseconds ago.  The last packet sent successfully to the server was 21,357 milliseconds ago.
	at com.mysql.cj.jdbc.exceptions.SQLError.createCommunicationsException(SQLError.java:172)
	at com.mysql.cj.jdbc.exceptions.SQLExceptionsMapping.translateException(SQLExceptionsMapping.java:64)
	at com.mysql.cj.jdbc.StatementImpl.executeQuery(StatementImpl.java:1247)
	at com.mysql.cj.jdbc.MysqlXAConnection.recover(MysqlXAConnection.java:163)
	... 13 common frames omitted
Caused by: com.mysql.cj.exceptions.CJCommunicationsException: Communications link failure

The last packet successfully received from the server was 7,228,922 milliseconds ago.  The last packet sent successfully to the server was 21,357 milliseconds ago.
	at sun.reflect.NativeConstructorAccessorImpl.newInstance0(Native Method)
	at sun.reflect.NativeConstructorAccessorImpl.newInstance(NativeConstructorAccessorImpl.java:62)
	at sun.reflect.DelegatingConstructorAccessorImpl.newInstance(DelegatingConstructorAccessorImpl.java:45)
	at java.lang.reflect.Constructor.newInstance(Constructor.java:423)
	at com.mysql.cj.exceptions.ExceptionFactory.createException(ExceptionFactory.java:59)
	at com.mysql.cj.exceptions.ExceptionFactory.createException(ExceptionFactory.java:103)
	at com.mysql.cj.exceptions.ExceptionFactory.createException(ExceptionFactory.java:149)
	at com.mysql.cj.exceptions.ExceptionFactory.createCommunicationsException(ExceptionFactory.java:165)
	at com.mysql.cj.protocol.a.NativeProtocol.readMessage(NativeProtocol.java:563)
	at com.mysql.cj.protocol.a.NativeProtocol.checkErrorMessage(NativeProtocol.java:735)
	at com.mysql.cj.protocol.a.NativeProtocol.sendCommand(NativeProtocol.java:674)
	at com.mysql.cj.protocol.a.NativeProtocol.sendQueryPacket(NativeProtocol.java:966)
	at com.mysql.cj.protocol.a.NativeProtocol.sendQueryString(NativeProtocol.java:912)
	at com.mysql.cj.NativeSession.execSQL(NativeSession.java:1162)
	at com.mysql.cj.jdbc.StatementImpl.executeQuery(StatementImpl.java:1215)
	... 14 common frames omitted
Caused by: java.net.SocketException: Operation timed out (Read failed)
	at java.net.SocketInputStream.socketRead0(Native Method)
	at java.net.SocketInputStream.socketRead(SocketInputStream.java:116)
	at java.net.SocketInputStream.read(SocketInputStream.java:171)
	at java.net.SocketInputStream.read(SocketInputStream.java:141)
	at com.mysql.cj.protocol.ReadAheadInputStream.fill(ReadAheadInputStream.java:107)
	at com.mysql.cj.protocol.ReadAheadInputStream.readFromUnderlyingStreamIfNecessary(ReadAheadInputStream.java:150)
	at com.mysql.cj.protocol.ReadAheadInputStream.read(ReadAheadInputStream.java:180)
	at java.io.FilterInputStream.read(FilterInputStream.java:133)
	at com.mysql.cj.protocol.FullReadInputStream.readFully(FullReadInputStream.java:64)
	at com.mysql.cj.protocol.a.SimplePacketReader.readHeader(SimplePacketReader.java:63)
	at com.mysql.cj.protocol.a.SimplePacketReader.readHeader(SimplePacketReader.java:45)
	at com.mysql.cj.protocol.a.TimeTrackingPacketReader.readHeader(TimeTrackingPacketReader.java:52)
	at com.mysql.cj.protocol.a.TimeTrackingPacketReader.readHeader(TimeTrackingPacketReader.java:41)
	at com.mysql.cj.protocol.a.MultiPacketReader.readHeader(MultiPacketReader.java:54)
	at com.mysql.cj.protocol.a.MultiPacketReader.readHeader(MultiPacketReader.java:44)
	at com.mysql.cj.protocol.a.NativeProtocol.readMessage(NativeProtocol.java:557)
	... 20 common frames omitted

2020-11-07 00:43:44.301  INFO 6199 --- [Atomikos:2] c.a.d.xa.XATransactionalResource         : master: refreshed XAResource
2020-11-07 00:55:11.243  WARN 6199 --- [Atomikos:2] c.a.r.xa.XaResourceRecoveryManager       : Error while retrieving xids from resource - will retry later...

com.mysql.cj.jdbc.MysqlXAException: Undetermined error occurred in the underlying Connection - check your data for consistency
	at com.mysql.cj.jdbc.MysqlXAConnection.mapXAExceptionFromSQLException(MysqlXAConnection.java:336)
	at com.mysql.cj.jdbc.MysqlXAConnection.recover(MysqlXAConnection.java:184)
	at com.mysql.cj.jdbc.MysqlXAConnection.recover(MysqlXAConnection.java:112)
	at com.atomikos.datasource.xa.RecoveryScan.recoverXids(RecoveryScan.java:32)
	at com.atomikos.recovery.xa.XaResourceRecoveryManager.retrievePreparedXidsFromXaResource(XaResourceRecoveryManager.java:158)
	at com.atomikos.recovery.xa.XaResourceRecoveryManager.recover(XaResourceRecoveryManager.java:67)
	at com.atomikos.datasource.xa.XATransactionalResource.recover(XATransactionalResource.java:449)
	at com.atomikos.icatch.imp.TransactionServiceImp.performRecovery(TransactionServiceImp.java:490)
	at com.atomikos.icatch.imp.TransactionServiceImp.access$000(TransactionServiceImp.java:56)
	at com.atomikos.icatch.imp.TransactionServiceImp$1.alarm(TransactionServiceImp.java:471)
	at com.atomikos.timing.PooledAlarmTimer.notifyListeners(PooledAlarmTimer.java:95)
	at com.atomikos.timing.PooledAlarmTimer.run(PooledAlarmTimer.java:82)
	at java.util.concurrent.ThreadPoolExecutor.runWorker(ThreadPoolExecutor.java:1149)
	at java.util.concurrent.ThreadPoolExecutor$Worker.run(ThreadPoolExecutor.java:624)
	at java.lang.Thread.run(Thread.java:748)
Caused by: com.mysql.cj.jdbc.exceptions.CommunicationsException: Communications link failure

The last packet successfully received from the server was 666,849 milliseconds ago.  The last packet sent successfully to the server was 29,731 milliseconds ago.
	at com.mysql.cj.jdbc.exceptions.SQLError.createCommunicationsException(SQLError.java:172)
	at com.mysql.cj.jdbc.exceptions.SQLExceptionsMapping.translateException(SQLExceptionsMapping.java:64)
	at com.mysql.cj.jdbc.StatementImpl.executeQuery(StatementImpl.java:1247)
	at com.mysql.cj.jdbc.MysqlXAConnection.recover(MysqlXAConnection.java:163)
	... 13 common frames omitted
Caused by: com.mysql.cj.exceptions.CJCommunicationsException: Communications link failure

The last packet successfully received from the server was 666,849 milliseconds ago.  The last packet sent successfully to the server was 29,731 milliseconds ago.
	at sun.reflect.NativeConstructorAccessorImpl.newInstance0(Native Method)
	at sun.reflect.NativeConstructorAccessorImpl.newInstance(NativeConstructorAccessorImpl.java:62)
	at sun.reflect.DelegatingConstructorAccessorImpl.newInstance(DelegatingConstructorAccessorImpl.java:45)
	at java.lang.reflect.Constructor.newInstance(Constructor.java:423)
	at com.mysql.cj.exceptions.ExceptionFactory.createException(ExceptionFactory.java:59)
	at com.mysql.cj.exceptions.ExceptionFactory.createException(ExceptionFactory.java:103)
	at com.mysql.cj.exceptions.ExceptionFactory.createException(ExceptionFactory.java:149)
	at com.mysql.cj.exceptions.ExceptionFactory.createCommunicationsException(ExceptionFactory.java:165)
	at com.mysql.cj.protocol.a.NativeProtocol.readMessage(NativeProtocol.java:563)
	at com.mysql.cj.protocol.a.NativeProtocol.checkErrorMessage(NativeProtocol.java:735)
	at com.mysql.cj.protocol.a.NativeProtocol.sendCommand(NativeProtocol.java:674)
	at com.mysql.cj.protocol.a.NativeProtocol.sendQueryPacket(NativeProtocol.java:966)
	at com.mysql.cj.protocol.a.NativeProtocol.sendQueryString(NativeProtocol.java:912)
	at com.mysql.cj.NativeSession.execSQL(NativeSession.java:1162)
	at com.mysql.cj.jdbc.StatementImpl.executeQuery(StatementImpl.java:1215)
	... 14 common frames omitted
Caused by: java.net.SocketException: Operation timed out (Read failed)
	at java.net.SocketInputStream.socketRead0(Native Method)
	at java.net.SocketInputStream.socketRead(SocketInputStream.java:116)
	at java.net.SocketInputStream.read(SocketInputStream.java:171)
	at java.net.SocketInputStream.read(SocketInputStream.java:141)
	at com.mysql.cj.protocol.ReadAheadInputStream.fill(ReadAheadInputStream.java:107)
	at com.mysql.cj.protocol.ReadAheadInputStream.readFromUnderlyingStreamIfNecessary(ReadAheadInputStream.java:150)
	at com.mysql.cj.protocol.ReadAheadInputStream.read(ReadAheadInputStream.java:180)
	at java.io.FilterInputStream.read(FilterInputStream.java:133)
	at com.mysql.cj.protocol.FullReadInputStream.readFully(FullReadInputStream.java:64)
	at com.mysql.cj.protocol.a.SimplePacketReader.readHeader(SimplePacketReader.java:63)
	at com.mysql.cj.protocol.a.SimplePacketReader.readHeader(SimplePacketReader.java:45)
	at com.mysql.cj.protocol.a.TimeTrackingPacketReader.readHeader(TimeTrackingPacketReader.java:52)
	at com.mysql.cj.protocol.a.TimeTrackingPacketReader.readHeader(TimeTrackingPacketReader.java:41)
	at com.mysql.cj.protocol.a.MultiPacketReader.readHeader(MultiPacketReader.java:54)
	at com.mysql.cj.protocol.a.MultiPacketReader.readHeader(MultiPacketReader.java:44)
	at com.mysql.cj.protocol.a.NativeProtocol.readMessage(NativeProtocol.java:557)
	... 20 common frames omitted

2020-11-07 00:55:11.756  INFO 6199 --- [Atomikos:2] c.a.d.xa.XATransactionalResource         : master: refreshed XAResource
2020-11-07 02:56:09.971  WARN 6199 --- [Atomikos:2] c.a.r.xa.XaResourceRecoveryManager       : Error while retrieving xids from resource - will retry later...

com.mysql.cj.jdbc.MysqlXAException: Undetermined error occurred in the underlying Connection - check your data for consistency
	at com.mysql.cj.jdbc.MysqlXAConnection.mapXAExceptionFromSQLException(MysqlXAConnection.java:336)
	at com.mysql.cj.jdbc.MysqlXAConnection.recover(MysqlXAConnection.java:184)
	at com.mysql.cj.jdbc.MysqlXAConnection.recover(MysqlXAConnection.java:112)
	at com.atomikos.datasource.xa.RecoveryScan.recoverXids(RecoveryScan.java:32)
	at com.atomikos.recovery.xa.XaResourceRecoveryManager.retrievePreparedXidsFromXaResource(XaResourceRecoveryManager.java:158)
	at com.atomikos.recovery.xa.XaResourceRecoveryManager.recover(XaResourceRecoveryManager.java:67)
	at com.atomikos.datasource.xa.XATransactionalResource.recover(XATransactionalResource.java:449)
	at com.atomikos.icatch.imp.TransactionServiceImp.performRecovery(TransactionServiceImp.java:490)
	at com.atomikos.icatch.imp.TransactionServiceImp.access$000(TransactionServiceImp.java:56)
	at com.atomikos.icatch.imp.TransactionServiceImp$1.alarm(TransactionServiceImp.java:471)
	at com.atomikos.timing.PooledAlarmTimer.notifyListeners(PooledAlarmTimer.java:95)
	at com.atomikos.timing.PooledAlarmTimer.run(PooledAlarmTimer.java:82)
	at java.util.concurrent.ThreadPoolExecutor.runWorker(ThreadPoolExecutor.java:1149)
	at java.util.concurrent.ThreadPoolExecutor$Worker.run(ThreadPoolExecutor.java:624)
	at java.lang.Thread.run(Thread.java:748)
Caused by: com.mysql.cj.jdbc.exceptions.CommunicationsException: Communications link failure

The last packet successfully received from the server was 7,238,129 milliseconds ago.  The last packet sent successfully to the server was 30,023 milliseconds ago.
	at com.mysql.cj.jdbc.exceptions.SQLError.createCommunicationsException(SQLError.java:172)
	at com.mysql.cj.jdbc.exceptions.SQLExceptionsMapping.translateException(SQLExceptionsMapping.java:64)
	at com.mysql.cj.jdbc.StatementImpl.executeQuery(StatementImpl.java:1247)
	at com.mysql.cj.jdbc.MysqlXAConnection.recover(MysqlXAConnection.java:163)
	... 13 common frames omitted
Caused by: com.mysql.cj.exceptions.CJCommunicationsException: Communications link failure

The last packet successfully received from the server was 7,238,129 milliseconds ago.  The last packet sent successfully to the server was 30,023 milliseconds ago.
	at sun.reflect.NativeConstructorAccessorImpl.newInstance0(Native Method)
	at sun.reflect.NativeConstructorAccessorImpl.newInstance(NativeConstructorAccessorImpl.java:62)
	at sun.reflect.DelegatingConstructorAccessorImpl.newInstance(DelegatingConstructorAccessorImpl.java:45)
	at java.lang.reflect.Constructor.newInstance(Constructor.java:423)
	at com.mysql.cj.exceptions.ExceptionFactory.createException(ExceptionFactory.java:59)
	at com.mysql.cj.exceptions.ExceptionFactory.createException(ExceptionFactory.java:103)
	at com.mysql.cj.exceptions.ExceptionFactory.createException(ExceptionFactory.java:149)
	at com.mysql.cj.exceptions.ExceptionFactory.createCommunicationsException(ExceptionFactory.java:165)
	at com.mysql.cj.protocol.a.NativeProtocol.readMessage(NativeProtocol.java:563)
	at com.mysql.cj.protocol.a.NativeProtocol.checkErrorMessage(NativeProtocol.java:735)
	at com.mysql.cj.protocol.a.NativeProtocol.sendCommand(NativeProtocol.java:674)
	at com.mysql.cj.protocol.a.NativeProtocol.sendQueryPacket(NativeProtocol.java:966)
	at com.mysql.cj.protocol.a.NativeProtocol.sendQueryString(NativeProtocol.java:912)
	at com.mysql.cj.NativeSession.execSQL(NativeSession.java:1162)
	at com.mysql.cj.jdbc.StatementImpl.executeQuery(StatementImpl.java:1215)
	... 14 common frames omitted
Caused by: java.net.SocketException: Operation timed out (Read failed)
	at java.net.SocketInputStream.socketRead0(Native Method)
	at java.net.SocketInputStream.socketRead(SocketInputStream.java:116)
	at java.net.SocketInputStream.read(SocketInputStream.java:171)
	at java.net.SocketInputStream.read(SocketInputStream.java:141)
	at com.mysql.cj.protocol.ReadAheadInputStream.fill(ReadAheadInputStream.java:107)
	at com.mysql.cj.protocol.ReadAheadInputStream.readFromUnderlyingStreamIfNecessary(ReadAheadInputStream.java:150)
	at com.mysql.cj.protocol.ReadAheadInputStream.read(ReadAheadInputStream.java:180)
	at java.io.FilterInputStream.read(FilterInputStream.java:133)
	at com.mysql.cj.protocol.FullReadInputStream.readFully(FullReadInputStream.java:64)
	at com.mysql.cj.protocol.a.SimplePacketReader.readHeader(SimplePacketReader.java:63)
	at com.mysql.cj.protocol.a.SimplePacketReader.readHeader(SimplePacketReader.java:45)
	at com.mysql.cj.protocol.a.TimeTrackingPacketReader.readHeader(TimeTrackingPacketReader.java:52)
	at com.mysql.cj.protocol.a.TimeTrackingPacketReader.readHeader(TimeTrackingPacketReader.java:41)
	at com.mysql.cj.protocol.a.MultiPacketReader.readHeader(MultiPacketReader.java:54)
	at com.mysql.cj.protocol.a.MultiPacketReader.readHeader(MultiPacketReader.java:44)
	at com.mysql.cj.protocol.a.NativeProtocol.readMessage(NativeProtocol.java:557)
	... 20 common frames omitted

2020-11-07 02:56:10.654  INFO 6199 --- [Atomikos:2] c.a.d.xa.XATransactionalResource         : master: refreshed XAResource
2020-11-07 04:57:08.713  WARN 6199 --- [Atomikos:2] c.a.r.xa.XaResourceRecoveryManager       : Error while retrieving xids from resource - will retry later...

com.mysql.cj.jdbc.MysqlXAException: Undetermined error occurred in the underlying Connection - check your data for consistency
	at com.mysql.cj.jdbc.MysqlXAConnection.mapXAExceptionFromSQLException(MysqlXAConnection.java:336)
	at com.mysql.cj.jdbc.MysqlXAConnection.recover(MysqlXAConnection.java:184)
	at com.mysql.cj.jdbc.MysqlXAConnection.recover(MysqlXAConnection.java:112)
	at com.atomikos.datasource.xa.RecoveryScan.recoverXids(RecoveryScan.java:32)
	at com.atomikos.recovery.xa.XaResourceRecoveryManager.retrievePreparedXidsFromXaResource(XaResourceRecoveryManager.java:158)
	at com.atomikos.recovery.xa.XaResourceRecoveryManager.recover(XaResourceRecoveryManager.java:67)
	at com.atomikos.datasource.xa.XATransactionalResource.recover(XATransactionalResource.java:449)
	at com.atomikos.icatch.imp.TransactionServiceImp.performRecovery(TransactionServiceImp.java:490)
	at com.atomikos.icatch.imp.TransactionServiceImp.access$000(TransactionServiceImp.java:56)
	at com.atomikos.icatch.imp.TransactionServiceImp$1.alarm(TransactionServiceImp.java:471)
	at com.atomikos.timing.PooledAlarmTimer.notifyListeners(PooledAlarmTimer.java:95)
	at com.atomikos.timing.PooledAlarmTimer.run(PooledAlarmTimer.java:82)
	at java.util.concurrent.ThreadPoolExecutor.runWorker(ThreadPoolExecutor.java:1149)
	at java.util.concurrent.ThreadPoolExecutor$Worker.run(ThreadPoolExecutor.java:624)
	at java.lang.Thread.run(Thread.java:748)
Caused by: com.mysql.cj.jdbc.exceptions.CommunicationsException: Communications link failure

The last packet successfully received from the server was 7,248,023 milliseconds ago.  The last packet sent successfully to the server was 39,998 milliseconds ago.
	at com.mysql.cj.jdbc.exceptions.SQLError.createCommunicationsException(SQLError.java:172)
	at com.mysql.cj.jdbc.exceptions.SQLExceptionsMapping.translateException(SQLExceptionsMapping.java:64)
	at com.mysql.cj.jdbc.StatementImpl.executeQuery(StatementImpl.java:1247)
	at com.mysql.cj.jdbc.MysqlXAConnection.recover(MysqlXAConnection.java:163)
	... 13 common frames omitted
Caused by: com.mysql.cj.exceptions.CJCommunicationsException: Communications link failure

The last packet successfully received from the server was 7,248,023 milliseconds ago.  The last packet sent successfully to the server was 39,998 milliseconds ago.
	at sun.reflect.NativeConstructorAccessorImpl.newInstance0(Native Method)
	at sun.reflect.NativeConstructorAccessorImpl.newInstance(NativeConstructorAccessorImpl.java:62)
	at sun.reflect.DelegatingConstructorAccessorImpl.newInstance(DelegatingConstructorAccessorImpl.java:45)
	at java.lang.reflect.Constructor.newInstance(Constructor.java:423)
	at com.mysql.cj.exceptions.ExceptionFactory.createException(ExceptionFactory.java:59)
	at com.mysql.cj.exceptions.ExceptionFactory.createException(ExceptionFactory.java:103)
	at com.mysql.cj.exceptions.ExceptionFactory.createException(ExceptionFactory.java:149)
	at com.mysql.cj.exceptions.ExceptionFactory.createCommunicationsException(ExceptionFactory.java:165)
	at com.mysql.cj.protocol.a.NativeProtocol.readMessage(NativeProtocol.java:563)
	at com.mysql.cj.protocol.a.NativeProtocol.checkErrorMessage(NativeProtocol.java:735)
	at com.mysql.cj.protocol.a.NativeProtocol.sendCommand(NativeProtocol.java:674)
	at com.mysql.cj.protocol.a.NativeProtocol.sendQueryPacket(NativeProtocol.java:966)
	at com.mysql.cj.protocol.a.NativeProtocol.sendQueryString(NativeProtocol.java:912)
	at com.mysql.cj.NativeSession.execSQL(NativeSession.java:1162)
	at com.mysql.cj.jdbc.StatementImpl.executeQuery(StatementImpl.java:1215)
	... 14 common frames omitted
Caused by: java.net.SocketException: Operation timed out (Read failed)
	at java.net.SocketInputStream.socketRead0(Native Method)
	at java.net.SocketInputStream.socketRead(SocketInputStream.java:116)
	at java.net.SocketInputStream.read(SocketInputStream.java:171)
	at java.net.SocketInputStream.read(SocketInputStream.java:141)
	at com.mysql.cj.protocol.ReadAheadInputStream.fill(ReadAheadInputStream.java:107)
	at com.mysql.cj.protocol.ReadAheadInputStream.readFromUnderlyingStreamIfNecessary(ReadAheadInputStream.java:150)
	at com.mysql.cj.protocol.ReadAheadInputStream.read(ReadAheadInputStream.java:180)
	at java.io.FilterInputStream.read(FilterInputStream.java:133)
	at com.mysql.cj.protocol.FullReadInputStream.readFully(FullReadInputStream.java:64)
	at com.mysql.cj.protocol.a.SimplePacketReader.readHeader(SimplePacketReader.java:63)
	at com.mysql.cj.protocol.a.SimplePacketReader.readHeader(SimplePacketReader.java:45)
	at com.mysql.cj.protocol.a.TimeTrackingPacketReader.readHeader(TimeTrackingPacketReader.java:52)
	at com.mysql.cj.protocol.a.TimeTrackingPacketReader.readHeader(TimeTrackingPacketReader.java:41)
	at com.mysql.cj.protocol.a.MultiPacketReader.readHeader(MultiPacketReader.java:54)
	at com.mysql.cj.protocol.a.MultiPacketReader.readHeader(MultiPacketReader.java:44)
	at com.mysql.cj.protocol.a.NativeProtocol.readMessage(NativeProtocol.java:557)
	... 20 common frames omitted

2020-11-07 04:57:09.049  INFO 6199 --- [Atomikos:2] c.a.d.xa.XATransactionalResource         : master: refreshed XAResource
2020-11-07 06:57:34.442  WARN 6199 --- [Atomikos:2] c.a.r.xa.XaResourceRecoveryManager       : Error while retrieving xids from resource - will retry later...

com.mysql.cj.jdbc.MysqlXAException: Undetermined error occurred in the underlying Connection - check your data for consistency
	at com.mysql.cj.jdbc.MysqlXAConnection.mapXAExceptionFromSQLException(MysqlXAConnection.java:336)
	at com.mysql.cj.jdbc.MysqlXAConnection.recover(MysqlXAConnection.java:184)
	at com.mysql.cj.jdbc.MysqlXAConnection.recover(MysqlXAConnection.java:112)
	at com.atomikos.datasource.xa.RecoveryScan.recoverXids(RecoveryScan.java:32)
	at com.atomikos.recovery.xa.XaResourceRecoveryManager.retrievePreparedXidsFromXaResource(XaResourceRecoveryManager.java:158)
	at com.atomikos.recovery.xa.XaResourceRecoveryManager.recover(XaResourceRecoveryManager.java:67)
	at com.atomikos.datasource.xa.XATransactionalResource.recover(XATransactionalResource.java:449)
	at com.atomikos.icatch.imp.TransactionServiceImp.performRecovery(TransactionServiceImp.java:490)
	at com.atomikos.icatch.imp.TransactionServiceImp.access$000(TransactionServiceImp.java:56)
	at com.atomikos.icatch.imp.TransactionServiceImp$1.alarm(TransactionServiceImp.java:471)
	at com.atomikos.timing.PooledAlarmTimer.notifyListeners(PooledAlarmTimer.java:95)
	at com.atomikos.timing.PooledAlarmTimer.run(PooledAlarmTimer.java:82)
	at java.util.concurrent.ThreadPoolExecutor.runWorker(ThreadPoolExecutor.java:1149)
	at java.util.concurrent.ThreadPoolExecutor$Worker.run(ThreadPoolExecutor.java:624)
	at java.lang.Thread.run(Thread.java:748)
Caused by: com.mysql.cj.jdbc.exceptions.CommunicationsException: Communications link failure

The last packet successfully received from the server was 7,225,417 milliseconds ago.  The last packet sent successfully to the server was 18,297 milliseconds ago.
	at com.mysql.cj.jdbc.exceptions.SQLError.createCommunicationsException(SQLError.java:172)
	at com.mysql.cj.jdbc.exceptions.SQLExceptionsMapping.translateException(SQLExceptionsMapping.java:64)
	at com.mysql.cj.jdbc.StatementImpl.executeQuery(StatementImpl.java:1247)
	at com.mysql.cj.jdbc.MysqlXAConnection.recover(MysqlXAConnection.java:163)
	... 13 common frames omitted
Caused by: com.mysql.cj.exceptions.CJCommunicationsException: Communications link failure

The last packet successfully received from the server was 7,225,417 milliseconds ago.  The last packet sent successfully to the server was 18,297 milliseconds ago.
	at sun.reflect.NativeConstructorAccessorImpl.newInstance0(Native Method)
	at sun.reflect.NativeConstructorAccessorImpl.newInstance(NativeConstructorAccessorImpl.java:62)
	at sun.reflect.DelegatingConstructorAccessorImpl.newInstance(DelegatingConstructorAccessorImpl.java:45)
	at java.lang.reflect.Constructor.newInstance(Constructor.java:423)
	at com.mysql.cj.exceptions.ExceptionFactory.createException(ExceptionFactory.java:59)
	at com.mysql.cj.exceptions.ExceptionFactory.createException(ExceptionFactory.java:103)
	at com.mysql.cj.exceptions.ExceptionFactory.createException(ExceptionFactory.java:149)
	at com.mysql.cj.exceptions.ExceptionFactory.createCommunicationsException(ExceptionFactory.java:165)
	at com.mysql.cj.protocol.a.NativeProtocol.readMessage(NativeProtocol.java:563)
	at com.mysql.cj.protocol.a.NativeProtocol.checkErrorMessage(NativeProtocol.java:735)
	at com.mysql.cj.protocol.a.NativeProtocol.sendCommand(NativeProtocol.java:674)
	at com.mysql.cj.protocol.a.NativeProtocol.sendQueryPacket(NativeProtocol.java:966)
	at com.mysql.cj.protocol.a.NativeProtocol.sendQueryString(NativeProtocol.java:912)
	at com.mysql.cj.NativeSession.execSQL(NativeSession.java:1162)
	at com.mysql.cj.jdbc.StatementImpl.executeQuery(StatementImpl.java:1215)
	... 14 common frames omitted
Caused by: java.net.SocketException: Operation timed out (Read failed)
	at java.net.SocketInputStream.socketRead0(Native Method)
	at java.net.SocketInputStream.socketRead(SocketInputStream.java:116)
	at java.net.SocketInputStream.read(SocketInputStream.java:171)
	at java.net.SocketInputStream.read(SocketInputStream.java:141)
	at com.mysql.cj.protocol.ReadAheadInputStream.fill(ReadAheadInputStream.java:107)
	at com.mysql.cj.protocol.ReadAheadInputStream.readFromUnderlyingStreamIfNecessary(ReadAheadInputStream.java:150)
	at com.mysql.cj.protocol.ReadAheadInputStream.read(ReadAheadInputStream.java:180)
	at java.io.FilterInputStream.read(FilterInputStream.java:133)
	at com.mysql.cj.protocol.FullReadInputStream.readFully(FullReadInputStream.java:64)
	at com.mysql.cj.protocol.a.SimplePacketReader.readHeader(SimplePacketReader.java:63)
	at com.mysql.cj.protocol.a.SimplePacketReader.readHeader(SimplePacketReader.java:45)
	at com.mysql.cj.protocol.a.TimeTrackingPacketReader.readHeader(TimeTrackingPacketReader.java:52)
	at com.mysql.cj.protocol.a.TimeTrackingPacketReader.readHeader(TimeTrackingPacketReader.java:41)
	at com.mysql.cj.protocol.a.MultiPacketReader.readHeader(MultiPacketReader.java:54)
	at com.mysql.cj.protocol.a.MultiPacketReader.readHeader(MultiPacketReader.java:44)
	at com.mysql.cj.protocol.a.NativeProtocol.readMessage(NativeProtocol.java:557)
	... 20 common frames omitted

2020-11-07 06:57:34.959  INFO 6199 --- [Atomikos:2] c.a.d.xa.XATransactionalResource         : master: refreshed XAResource
2020-11-07 08:58:39.368  WARN 6199 --- [Atomikos:2] c.a.r.xa.XaResourceRecoveryManager       : Error while retrieving xids from resource - will retry later...

com.mysql.cj.jdbc.MysqlXAException: Undetermined error occurred in the underlying Connection - check your data for consistency
	at com.mysql.cj.jdbc.MysqlXAConnection.mapXAExceptionFromSQLException(MysqlXAConnection.java:336)
	at com.mysql.cj.jdbc.MysqlXAConnection.recover(MysqlXAConnection.java:184)
	at com.mysql.cj.jdbc.MysqlXAConnection.recover(MysqlXAConnection.java:112)
	at com.atomikos.datasource.xa.RecoveryScan.recoverXids(RecoveryScan.java:32)
	at com.atomikos.recovery.xa.XaResourceRecoveryManager.retrievePreparedXidsFromXaResource(XaResourceRecoveryManager.java:158)
	at com.atomikos.recovery.xa.XaResourceRecoveryManager.recover(XaResourceRecoveryManager.java:67)
	at com.atomikos.datasource.xa.XATransactionalResource.recover(XATransactionalResource.java:449)
	at com.atomikos.icatch.imp.TransactionServiceImp.performRecovery(TransactionServiceImp.java:490)
	at com.atomikos.icatch.imp.TransactionServiceImp.access$000(TransactionServiceImp.java:56)
	at com.atomikos.icatch.imp.TransactionServiceImp$1.alarm(TransactionServiceImp.java:471)
	at com.atomikos.timing.PooledAlarmTimer.notifyListeners(PooledAlarmTimer.java:95)
	at com.atomikos.timing.PooledAlarmTimer.run(PooledAlarmTimer.java:82)
	at java.util.concurrent.ThreadPoolExecutor.runWorker(ThreadPoolExecutor.java:1149)
	at java.util.concurrent.ThreadPoolExecutor$Worker.run(ThreadPoolExecutor.java:624)
	at java.lang.Thread.run(Thread.java:748)
Caused by: com.mysql.cj.jdbc.exceptions.CommunicationsException: Communications link failure

The last packet successfully received from the server was 7,234,167 milliseconds ago.  The last packet sent successfully to the server was 27,116 milliseconds ago.
	at com.mysql.cj.jdbc.exceptions.SQLError.createCommunicationsException(SQLError.java:172)
	at com.mysql.cj.jdbc.exceptions.SQLExceptionsMapping.translateException(SQLExceptionsMapping.java:64)
	at com.mysql.cj.jdbc.StatementImpl.executeQuery(StatementImpl.java:1247)
	at com.mysql.cj.jdbc.MysqlXAConnection.recover(MysqlXAConnection.java:163)
	... 13 common frames omitted
Caused by: com.mysql.cj.exceptions.CJCommunicationsException: Communications link failure

The last packet successfully received from the server was 7,234,167 milliseconds ago.  The last packet sent successfully to the server was 27,116 milliseconds ago.
	at sun.reflect.NativeConstructorAccessorImpl.newInstance0(Native Method)
	at sun.reflect.NativeConstructorAccessorImpl.newInstance(NativeConstructorAccessorImpl.java:62)
	at sun.reflect.DelegatingConstructorAccessorImpl.newInstance(DelegatingConstructorAccessorImpl.java:45)
	at java.lang.reflect.Constructor.newInstance(Constructor.java:423)
	at com.mysql.cj.exceptions.ExceptionFactory.createException(ExceptionFactory.java:59)
	at com.mysql.cj.exceptions.ExceptionFactory.createException(ExceptionFactory.java:103)
	at com.mysql.cj.exceptions.ExceptionFactory.createException(ExceptionFactory.java:149)
	at com.mysql.cj.exceptions.ExceptionFactory.createCommunicationsException(ExceptionFactory.java:165)
	at com.mysql.cj.protocol.a.NativeProtocol.readMessage(NativeProtocol.java:563)
	at com.mysql.cj.protocol.a.NativeProtocol.checkErrorMessage(NativeProtocol.java:735)
	at com.mysql.cj.protocol.a.NativeProtocol.sendCommand(NativeProtocol.java:674)
	at com.mysql.cj.protocol.a.NativeProtocol.sendQueryPacket(NativeProtocol.java:966)
	at com.mysql.cj.protocol.a.NativeProtocol.sendQueryString(NativeProtocol.java:912)
	at com.mysql.cj.NativeSession.execSQL(NativeSession.java:1162)
	at com.mysql.cj.jdbc.StatementImpl.executeQuery(StatementImpl.java:1215)
	... 14 common frames omitted
Caused by: java.net.SocketException: Operation timed out (Read failed)
	at java.net.SocketInputStream.socketRead0(Native Method)
	at java.net.SocketInputStream.socketRead(SocketInputStream.java:116)
	at java.net.SocketInputStream.read(SocketInputStream.java:171)
	at java.net.SocketInputStream.read(SocketInputStream.java:141)
	at com.mysql.cj.protocol.ReadAheadInputStream.fill(ReadAheadInputStream.java:107)
	at com.mysql.cj.protocol.ReadAheadInputStream.readFromUnderlyingStreamIfNecessary(ReadAheadInputStream.java:150)
	at com.mysql.cj.protocol.ReadAheadInputStream.read(ReadAheadInputStream.java:180)
	at java.io.FilterInputStream.read(FilterInputStream.java:133)
	at com.mysql.cj.protocol.FullReadInputStream.readFully(FullReadInputStream.java:64)
	at com.mysql.cj.protocol.a.SimplePacketReader.readHeader(SimplePacketReader.java:63)
	at com.mysql.cj.protocol.a.SimplePacketReader.readHeader(SimplePacketReader.java:45)
	at com.mysql.cj.protocol.a.TimeTrackingPacketReader.readHeader(TimeTrackingPacketReader.java:52)
	at com.mysql.cj.protocol.a.TimeTrackingPacketReader.readHeader(TimeTrackingPacketReader.java:41)
	at com.mysql.cj.protocol.a.MultiPacketReader.readHeader(MultiPacketReader.java:54)
	at com.mysql.cj.protocol.a.MultiPacketReader.readHeader(MultiPacketReader.java:44)
	at com.mysql.cj.protocol.a.NativeProtocol.readMessage(NativeProtocol.java:557)
	... 20 common frames omitted

2020-11-07 08:58:39.900  INFO 6199 --- [Atomikos:2] c.a.d.xa.XATransactionalResource         : master: refreshed XAResource
2020-11-07 09:45:23.478  WARN 6199 --- [Atomikos:2] c.a.r.xa.XaResourceRecoveryManager       : Error while retrieving xids from resource - will retry later...

com.mysql.cj.jdbc.MysqlXAException: Undetermined error occurred in the underlying Connection - check your data for consistency
	at com.mysql.cj.jdbc.MysqlXAConnection.mapXAExceptionFromSQLException(MysqlXAConnection.java:336)
	at com.mysql.cj.jdbc.MysqlXAConnection.recover(MysqlXAConnection.java:184)
	at com.mysql.cj.jdbc.MysqlXAConnection.recover(MysqlXAConnection.java:112)
	at com.atomikos.datasource.xa.RecoveryScan.recoverXids(RecoveryScan.java:32)
	at com.atomikos.recovery.xa.XaResourceRecoveryManager.retrievePreparedXidsFromXaResource(XaResourceRecoveryManager.java:158)
	at com.atomikos.recovery.xa.XaResourceRecoveryManager.recover(XaResourceRecoveryManager.java:67)
	at com.atomikos.datasource.xa.XATransactionalResource.recover(XATransactionalResource.java:449)
	at com.atomikos.icatch.imp.TransactionServiceImp.performRecovery(TransactionServiceImp.java:490)
	at com.atomikos.icatch.imp.TransactionServiceImp.access$000(TransactionServiceImp.java:56)
	at com.atomikos.icatch.imp.TransactionServiceImp$1.alarm(TransactionServiceImp.java:471)
	at com.atomikos.timing.PooledAlarmTimer.notifyListeners(PooledAlarmTimer.java:95)
	at com.atomikos.timing.PooledAlarmTimer.run(PooledAlarmTimer.java:82)
	at java.util.concurrent.ThreadPoolExecutor.runWorker(ThreadPoolExecutor.java:1149)
	at java.util.concurrent.ThreadPoolExecutor$Worker.run(ThreadPoolExecutor.java:624)
	at java.lang.Thread.run(Thread.java:748)
Caused by: com.mysql.cj.jdbc.exceptions.CommunicationsException: Communications link failure

The last packet successfully received from the server was 2,793,532 milliseconds ago.  The last packet sent successfully to the server was 22,938 milliseconds ago.
	at com.mysql.cj.jdbc.exceptions.SQLError.createCommunicationsException(SQLError.java:172)
	at com.mysql.cj.jdbc.exceptions.SQLExceptionsMapping.translateException(SQLExceptionsMapping.java:64)
	at com.mysql.cj.jdbc.StatementImpl.executeQuery(StatementImpl.java:1247)
	at com.mysql.cj.jdbc.MysqlXAConnection.recover(MysqlXAConnection.java:163)
	... 13 common frames omitted
Caused by: com.mysql.cj.exceptions.CJCommunicationsException: Communications link failure

The last packet successfully received from the server was 2,793,532 milliseconds ago.  The last packet sent successfully to the server was 22,938 milliseconds ago.
	at sun.reflect.NativeConstructorAccessorImpl.newInstance0(Native Method)
	at sun.reflect.NativeConstructorAccessorImpl.newInstance(NativeConstructorAccessorImpl.java:62)
	at sun.reflect.DelegatingConstructorAccessorImpl.newInstance(DelegatingConstructorAccessorImpl.java:45)
	at java.lang.reflect.Constructor.newInstance(Constructor.java:423)
	at com.mysql.cj.exceptions.ExceptionFactory.createException(ExceptionFactory.java:59)
	at com.mysql.cj.exceptions.ExceptionFactory.createException(ExceptionFactory.java:103)
	at com.mysql.cj.exceptions.ExceptionFactory.createException(ExceptionFactory.java:149)
	at com.mysql.cj.exceptions.ExceptionFactory.createCommunicationsException(ExceptionFactory.java:165)
	at com.mysql.cj.protocol.a.NativeProtocol.readMessage(NativeProtocol.java:563)
	at com.mysql.cj.protocol.a.NativeProtocol.checkErrorMessage(NativeProtocol.java:735)
	at com.mysql.cj.protocol.a.NativeProtocol.sendCommand(NativeProtocol.java:674)
	at com.mysql.cj.protocol.a.NativeProtocol.sendQueryPacket(NativeProtocol.java:966)
	at com.mysql.cj.protocol.a.NativeProtocol.sendQueryString(NativeProtocol.java:912)
	at com.mysql.cj.NativeSession.execSQL(NativeSession.java:1162)
	at com.mysql.cj.jdbc.StatementImpl.executeQuery(StatementImpl.java:1215)
	... 14 common frames omitted
Caused by: java.net.SocketException: Operation timed out (Read failed)
	at java.net.SocketInputStream.socketRead0(Native Method)
	at java.net.SocketInputStream.socketRead(SocketInputStream.java:116)
	at java.net.SocketInputStream.read(SocketInputStream.java:171)
	at java.net.SocketInputStream.read(SocketInputStream.java:141)
	at com.mysql.cj.protocol.ReadAheadInputStream.fill(ReadAheadInputStream.java:107)
	at com.mysql.cj.protocol.ReadAheadInputStream.readFromUnderlyingStreamIfNecessary(ReadAheadInputStream.java:150)
	at com.mysql.cj.protocol.ReadAheadInputStream.read(ReadAheadInputStream.java:180)
	at java.io.FilterInputStream.read(FilterInputStream.java:133)
	at com.mysql.cj.protocol.FullReadInputStream.readFully(FullReadInputStream.java:64)
	at com.mysql.cj.protocol.a.SimplePacketReader.readHeader(SimplePacketReader.java:63)
	at com.mysql.cj.protocol.a.SimplePacketReader.readHeader(SimplePacketReader.java:45)
	at com.mysql.cj.protocol.a.TimeTrackingPacketReader.readHeader(TimeTrackingPacketReader.java:52)
	at com.mysql.cj.protocol.a.TimeTrackingPacketReader.readHeader(TimeTrackingPacketReader.java:41)
	at com.mysql.cj.protocol.a.MultiPacketReader.readHeader(MultiPacketReader.java:54)
	at com.mysql.cj.protocol.a.MultiPacketReader.readHeader(MultiPacketReader.java:44)
	at com.mysql.cj.protocol.a.NativeProtocol.readMessage(NativeProtocol.java:557)
	... 20 common frames omitted

2020-11-07 09:45:27.022  INFO 6199 --- [Atomikos:2] c.a.d.xa.XATransactionalResource         : master: refreshed XAResource
2020-11-07 10:45:58.716  WARN 6199 --- [Atomikos:2] c.a.r.xa.XaResourceRecoveryManager       : Error while retrieving xids from resource - will retry later...

com.mysql.cj.jdbc.MysqlXAException: Undetermined error occurred in the underlying Connection - check your data for consistency
	at com.mysql.cj.jdbc.MysqlXAConnection.mapXAExceptionFromSQLException(MysqlXAConnection.java:336)
	at com.mysql.cj.jdbc.MysqlXAConnection.recover(MysqlXAConnection.java:184)
	at com.mysql.cj.jdbc.MysqlXAConnection.recover(MysqlXAConnection.java:112)
	at com.atomikos.datasource.xa.RecoveryScan.recoverXids(RecoveryScan.java:32)
	at com.atomikos.recovery.xa.XaResourceRecoveryManager.retrievePreparedXidsFromXaResource(XaResourceRecoveryManager.java:158)
	at com.atomikos.recovery.xa.XaResourceRecoveryManager.recover(XaResourceRecoveryManager.java:67)
	at com.atomikos.datasource.xa.XATransactionalResource.recover(XATransactionalResource.java:449)
	at com.atomikos.icatch.imp.TransactionServiceImp.performRecovery(TransactionServiceImp.java:490)
	at com.atomikos.icatch.imp.TransactionServiceImp.access$000(TransactionServiceImp.java:56)
	at com.atomikos.icatch.imp.TransactionServiceImp$1.alarm(TransactionServiceImp.java:471)
	at com.atomikos.timing.PooledAlarmTimer.notifyListeners(PooledAlarmTimer.java:95)
	at com.atomikos.timing.PooledAlarmTimer.run(PooledAlarmTimer.java:82)
	at java.util.concurrent.ThreadPoolExecutor.runWorker(ThreadPoolExecutor.java:1149)
	at java.util.concurrent.ThreadPoolExecutor$Worker.run(ThreadPoolExecutor.java:624)
	at java.lang.Thread.run(Thread.java:748)
Caused by: com.mysql.cj.jdbc.exceptions.CommunicationsException: Communications link failure

The last packet successfully received from the server was 60,419 milliseconds ago.  The last packet sent successfully to the server was 41,714 milliseconds ago.
	at com.mysql.cj.jdbc.exceptions.SQLError.createCommunicationsException(SQLError.java:172)
	at com.mysql.cj.jdbc.exceptions.SQLExceptionsMapping.translateException(SQLExceptionsMapping.java:64)
	at com.mysql.cj.jdbc.StatementImpl.executeQuery(StatementImpl.java:1247)
	at com.mysql.cj.jdbc.MysqlXAConnection.recover(MysqlXAConnection.java:163)
	... 13 common frames omitted
Caused by: com.mysql.cj.exceptions.CJCommunicationsException: Communications link failure

The last packet successfully received from the server was 60,419 milliseconds ago.  The last packet sent successfully to the server was 41,714 milliseconds ago.
	at sun.reflect.NativeConstructorAccessorImpl.newInstance0(Native Method)
	at sun.reflect.NativeConstructorAccessorImpl.newInstance(NativeConstructorAccessorImpl.java:62)
	at sun.reflect.DelegatingConstructorAccessorImpl.newInstance(DelegatingConstructorAccessorImpl.java:45)
	at java.lang.reflect.Constructor.newInstance(Constructor.java:423)
	at com.mysql.cj.exceptions.ExceptionFactory.createException(ExceptionFactory.java:59)
	at com.mysql.cj.exceptions.ExceptionFactory.createException(ExceptionFactory.java:103)
	at com.mysql.cj.exceptions.ExceptionFactory.createException(ExceptionFactory.java:149)
	at com.mysql.cj.exceptions.ExceptionFactory.createCommunicationsException(ExceptionFactory.java:165)
	at com.mysql.cj.protocol.a.NativeProtocol.readMessage(NativeProtocol.java:563)
	at com.mysql.cj.protocol.a.NativeProtocol.checkErrorMessage(NativeProtocol.java:735)
	at com.mysql.cj.protocol.a.NativeProtocol.sendCommand(NativeProtocol.java:674)
	at com.mysql.cj.protocol.a.NativeProtocol.sendQueryPacket(NativeProtocol.java:966)
	at com.mysql.cj.protocol.a.NativeProtocol.sendQueryString(NativeProtocol.java:912)
	at com.mysql.cj.NativeSession.execSQL(NativeSession.java:1162)
	at com.mysql.cj.jdbc.StatementImpl.executeQuery(StatementImpl.java:1215)
	... 14 common frames omitted
Caused by: java.net.SocketException: Operation timed out (Read failed)
	at java.net.SocketInputStream.socketRead0(Native Method)
	at java.net.SocketInputStream.socketRead(SocketInputStream.java:116)
	at java.net.SocketInputStream.read(SocketInputStream.java:171)
	at java.net.SocketInputStream.read(SocketInputStream.java:141)
	at com.mysql.cj.protocol.ReadAheadInputStream.fill(ReadAheadInputStream.java:107)
	at com.mysql.cj.protocol.ReadAheadInputStream.readFromUnderlyingStreamIfNecessary(ReadAheadInputStream.java:150)
	at com.mysql.cj.protocol.ReadAheadInputStream.read(ReadAheadInputStream.java:180)
	at java.io.FilterInputStream.read(FilterInputStream.java:133)
	at com.mysql.cj.protocol.FullReadInputStream.readFully(FullReadInputStream.java:64)
	at com.mysql.cj.protocol.a.SimplePacketReader.readHeader(SimplePacketReader.java:63)
	at com.mysql.cj.protocol.a.SimplePacketReader.readHeader(SimplePacketReader.java:45)
	at com.mysql.cj.protocol.a.TimeTrackingPacketReader.readHeader(TimeTrackingPacketReader.java:52)
	at com.mysql.cj.protocol.a.TimeTrackingPacketReader.readHeader(TimeTrackingPacketReader.java:41)
	at com.mysql.cj.protocol.a.MultiPacketReader.readHeader(MultiPacketReader.java:54)
	at com.mysql.cj.protocol.a.MultiPacketReader.readHeader(MultiPacketReader.java:44)
	at com.mysql.cj.protocol.a.NativeProtocol.readMessage(NativeProtocol.java:557)
	... 20 common frames omitted

2020-11-07 10:46:02.849 ERROR 6199 --- [Druid-ConnectionPool-Create-1751972013] com.alibaba.druid.pool.DruidDataSource   : create connection SQLException, url: jdbc:mysql://123.207.51.155:3307/miaotest?autoReconnect=true&useUnicode=true&characterEncoding=utf8&zeroDateTimeBehavior=CONVERT_TO_NULL&useSSL=false&serverTimezone=CTT, errorCode 0, state 08001

java.sql.SQLNonTransientConnectionException: Could not create connection to database server. Attempted reconnect 3 times. Giving up.
	at com.mysql.cj.jdbc.exceptions.SQLError.createSQLException(SQLError.java:108)
	at com.mysql.cj.jdbc.exceptions.SQLError.createSQLException(SQLError.java:95)
	at com.mysql.cj.jdbc.exceptions.SQLError.createSQLException(SQLError.java:87)
	at com.mysql.cj.jdbc.exceptions.SQLError.createSQLException(SQLError.java:61)
	at com.mysql.cj.jdbc.exceptions.SQLError.createSQLException(SQLError.java:71)
	at com.mysql.cj.jdbc.ConnectionImpl.connectWithRetries(ConnectionImpl.java:932)
	at com.mysql.cj.jdbc.ConnectionImpl.createNewIO(ConnectionImpl.java:857)
	at com.mysql.cj.jdbc.ConnectionImpl.<init>(ConnectionImpl.java:444)
	at com.mysql.cj.jdbc.ConnectionImpl.getInstance(ConnectionImpl.java:230)
	at com.mysql.cj.jdbc.NonRegisteringDriver.connect(NonRegisteringDriver.java:226)
	at com.alibaba.druid.filter.FilterChainImpl.connection_connect(FilterChainImpl.java:156)
	at com.alibaba.druid.filter.stat.StatFilter.connection_connect(StatFilter.java:218)
	at com.alibaba.druid.filter.FilterChainImpl.connection_connect(FilterChainImpl.java:150)
	at com.alibaba.druid.filter.FilterAdapter.connection_connect(FilterAdapter.java:787)
	at com.alibaba.druid.filter.FilterChainImpl.connection_connect(FilterChainImpl.java:150)
	at com.alibaba.druid.pool.DruidAbstractDataSource.createPhysicalConnection(DruidAbstractDataSource.java:1646)
	at com.alibaba.druid.pool.DruidAbstractDataSource.createPhysicalConnection(DruidAbstractDataSource.java:1710)
	at com.alibaba.druid.pool.DruidDataSource$CreateConnectionThread.run(DruidDataSource.java:2753)
Caused by: com.mysql.cj.exceptions.CJCommunicationsException: Communications link failure

The last packet sent successfully to the server was 0 milliseconds ago. The driver has not received any packets from the server.
	at sun.reflect.NativeConstructorAccessorImpl.newInstance0(Native Method)
	at sun.reflect.NativeConstructorAccessorImpl.newInstance(NativeConstructorAccessorImpl.java:62)
	at sun.reflect.DelegatingConstructorAccessorImpl.newInstance(DelegatingConstructorAccessorImpl.java:45)
	at java.lang.reflect.Constructor.newInstance(Constructor.java:423)
	at com.mysql.cj.exceptions.ExceptionFactory.createException(ExceptionFactory.java:59)
	at com.mysql.cj.exceptions.ExceptionFactory.createException(ExceptionFactory.java:103)
	at com.mysql.cj.exceptions.ExceptionFactory.createException(ExceptionFactory.java:149)
	at com.mysql.cj.exceptions.ExceptionFactory.createCommunicationsException(ExceptionFactory.java:165)
	at com.mysql.cj.protocol.a.NativeSocketConnection.connect(NativeSocketConnection.java:92)
	at com.mysql.cj.NativeSession.connect(NativeSession.java:152)
	at com.mysql.cj.jdbc.ConnectionImpl.connectWithRetries(ConnectionImpl.java:876)
	... 12 common frames omitted
Caused by: java.net.SocketException: Network is unreachable (connect failed)
	at java.net.PlainSocketImpl.socketConnect(Native Method)
	at java.net.AbstractPlainSocketImpl.doConnect(AbstractPlainSocketImpl.java:476)
	at java.net.AbstractPlainSocketImpl.connectToAddress(AbstractPlainSocketImpl.java:218)
	at java.net.AbstractPlainSocketImpl.connect(AbstractPlainSocketImpl.java:200)
	at java.net.SocksSocketImpl.connect(SocksSocketImpl.java:394)
	at java.net.Socket.connect(Socket.java:606)
	at com.mysql.cj.protocol.StandardSocketFactory.connect(StandardSocketFactory.java:173)
	at com.mysql.cj.protocol.a.NativeSocketConnection.connect(NativeSocketConnection.java:66)
	... 14 common frames omitted

2020-11-07 11:00:17.578 ERROR 6199 --- [Druid-ConnectionPool-Create-1751972013] com.alibaba.druid.pool.DruidDataSource   : create connection SQLException, url: jdbc:mysql://123.207.51.155:3307/miaotest?autoReconnect=true&useUnicode=true&characterEncoding=utf8&zeroDateTimeBehavior=CONVERT_TO_NULL&useSSL=false&serverTimezone=CTT, errorCode 0, state 08001

java.sql.SQLNonTransientConnectionException: Could not create connection to database server. Attempted reconnect 3 times. Giving up.
	at com.mysql.cj.jdbc.exceptions.SQLError.createSQLException(SQLError.java:108)
	at com.mysql.cj.jdbc.exceptions.SQLError.createSQLException(SQLError.java:95)
	at com.mysql.cj.jdbc.exceptions.SQLError.createSQLException(SQLError.java:87)
	at com.mysql.cj.jdbc.exceptions.SQLError.createSQLException(SQLError.java:61)
	at com.mysql.cj.jdbc.exceptions.SQLError.createSQLException(SQLError.java:71)
	at com.mysql.cj.jdbc.ConnectionImpl.connectWithRetries(ConnectionImpl.java:932)
	at com.mysql.cj.jdbc.ConnectionImpl.createNewIO(ConnectionImpl.java:857)
	at com.mysql.cj.jdbc.ConnectionImpl.<init>(ConnectionImpl.java:444)
	at com.mysql.cj.jdbc.ConnectionImpl.getInstance(ConnectionImpl.java:230)
	at com.mysql.cj.jdbc.NonRegisteringDriver.connect(NonRegisteringDriver.java:226)
	at com.alibaba.druid.filter.FilterChainImpl.connection_connect(FilterChainImpl.java:156)
	at com.alibaba.druid.filter.stat.StatFilter.connection_connect(StatFilter.java:218)
	at com.alibaba.druid.filter.FilterChainImpl.connection_connect(FilterChainImpl.java:150)
	at com.alibaba.druid.filter.FilterAdapter.connection_connect(FilterAdapter.java:787)
	at com.alibaba.druid.filter.FilterChainImpl.connection_connect(FilterChainImpl.java:150)
	at com.alibaba.druid.pool.DruidAbstractDataSource.createPhysicalConnection(DruidAbstractDataSource.java:1646)
	at com.alibaba.druid.pool.DruidAbstractDataSource.createPhysicalConnection(DruidAbstractDataSource.java:1710)
	at com.alibaba.druid.pool.DruidDataSource$CreateConnectionThread.run(DruidDataSource.java:2753)
Caused by: com.mysql.cj.exceptions.CJCommunicationsException: Communications link failure

The last packet sent successfully to the server was 0 milliseconds ago. The driver has not received any packets from the server.
	at sun.reflect.GeneratedConstructorAccessor106.newInstance(Unknown Source)
	at sun.reflect.DelegatingConstructorAccessorImpl.newInstance(DelegatingConstructorAccessorImpl.java:45)
	at java.lang.reflect.Constructor.newInstance(Constructor.java:423)
	at com.mysql.cj.exceptions.ExceptionFactory.createException(ExceptionFactory.java:59)
	at com.mysql.cj.exceptions.ExceptionFactory.createException(ExceptionFactory.java:103)
	at com.mysql.cj.exceptions.ExceptionFactory.createException(ExceptionFactory.java:149)
	at com.mysql.cj.exceptions.ExceptionFactory.createCommunicationsException(ExceptionFactory.java:165)
	at com.mysql.cj.protocol.a.NativeSocketConnection.connect(NativeSocketConnection.java:92)
	at com.mysql.cj.NativeSession.connect(NativeSession.java:152)
	at com.mysql.cj.jdbc.ConnectionImpl.connectWithRetries(ConnectionImpl.java:876)
	... 12 common frames omitted
Caused by: java.net.SocketException: Network is unreachable (connect failed)
	at java.net.PlainSocketImpl.socketConnect(Native Method)
	at java.net.AbstractPlainSocketImpl.doConnect(AbstractPlainSocketImpl.java:476)
	at java.net.AbstractPlainSocketImpl.connectToAddress(AbstractPlainSocketImpl.java:218)
	at java.net.AbstractPlainSocketImpl.connect(AbstractPlainSocketImpl.java:200)
	at java.net.SocksSocketImpl.connect(SocksSocketImpl.java:394)
	at java.net.Socket.connect(Socket.java:606)
	at com.mysql.cj.protocol.StandardSocketFactory.connect(StandardSocketFactory.java:173)
	at com.mysql.cj.protocol.a.NativeSocketConnection.connect(NativeSocketConnection.java:66)
	... 14 common frames omitted

2020-11-07 11:00:18.353  INFO 6199 --- [Druid-ConnectionPool-Create-1751972013] c.a.druid.pool.DruidAbstractDataSource   : {dataSource-1} failContinuous is true
2020-11-07 11:00:22.884 ERROR 6199 --- [Druid-ConnectionPool-Create-1751972013] com.alibaba.druid.pool.DruidDataSource   : create connection SQLException, url: jdbc:mysql://123.207.51.155:3307/miaotest?autoReconnect=true&useUnicode=true&characterEncoding=utf8&zeroDateTimeBehavior=CONVERT_TO_NULL&useSSL=false&serverTimezone=CTT, errorCode 0, state 08001

java.sql.SQLNonTransientConnectionException: Could not create connection to database server. Attempted reconnect 3 times. Giving up.
	at com.mysql.cj.jdbc.exceptions.SQLError.createSQLException(SQLError.java:108)
	at com.mysql.cj.jdbc.exceptions.SQLError.createSQLException(SQLError.java:95)
	at com.mysql.cj.jdbc.exceptions.SQLError.createSQLException(SQLError.java:87)
	at com.mysql.cj.jdbc.exceptions.SQLError.createSQLException(SQLError.java:61)
	at com.mysql.cj.jdbc.exceptions.SQLError.createSQLException(SQLError.java:71)
	at com.mysql.cj.jdbc.ConnectionImpl.connectWithRetries(ConnectionImpl.java:932)
	at com.mysql.cj.jdbc.ConnectionImpl.createNewIO(ConnectionImpl.java:857)
	at com.mysql.cj.jdbc.ConnectionImpl.<init>(ConnectionImpl.java:444)
	at com.mysql.cj.jdbc.ConnectionImpl.getInstance(ConnectionImpl.java:230)
	at com.mysql.cj.jdbc.NonRegisteringDriver.connect(NonRegisteringDriver.java:226)
	at com.alibaba.druid.filter.FilterChainImpl.connection_connect(FilterChainImpl.java:156)
	at com.alibaba.druid.filter.stat.StatFilter.connection_connect(StatFilter.java:218)
	at com.alibaba.druid.filter.FilterChainImpl.connection_connect(FilterChainImpl.java:150)
	at com.alibaba.druid.filter.FilterAdapter.connection_connect(FilterAdapter.java:787)
	at com.alibaba.druid.filter.FilterChainImpl.connection_connect(FilterChainImpl.java:150)
	at com.alibaba.druid.pool.DruidAbstractDataSource.createPhysicalConnection(DruidAbstractDataSource.java:1646)
	at com.alibaba.druid.pool.DruidAbstractDataSource.createPhysicalConnection(DruidAbstractDataSource.java:1710)
	at com.alibaba.druid.pool.DruidDataSource$CreateConnectionThread.run(DruidDataSource.java:2753)
Caused by: com.mysql.cj.exceptions.CJCommunicationsException: Communications link failure

The last packet sent successfully to the server was 0 milliseconds ago. The driver has not received any packets from the server.
	at sun.reflect.GeneratedConstructorAccessor106.newInstance(Unknown Source)
	at sun.reflect.DelegatingConstructorAccessorImpl.newInstance(DelegatingConstructorAccessorImpl.java:45)
	at java.lang.reflect.Constructor.newInstance(Constructor.java:423)
	at com.mysql.cj.exceptions.ExceptionFactory.createException(ExceptionFactory.java:59)
	at com.mysql.cj.exceptions.ExceptionFactory.createException(ExceptionFactory.java:103)
	at com.mysql.cj.exceptions.ExceptionFactory.createException(ExceptionFactory.java:149)
	at com.mysql.cj.exceptions.ExceptionFactory.createCommunicationsException(ExceptionFactory.java:165)
	at com.mysql.cj.protocol.a.NativeSocketConnection.connect(NativeSocketConnection.java:92)
	at com.mysql.cj.NativeSession.connect(NativeSession.java:152)
	at com.mysql.cj.jdbc.ConnectionImpl.connectWithRetries(ConnectionImpl.java:876)
	... 12 common frames omitted
Caused by: java.net.SocketException: Network is unreachable (connect failed)
	at java.net.PlainSocketImpl.socketConnect(Native Method)
	at java.net.AbstractPlainSocketImpl.doConnect(AbstractPlainSocketImpl.java:476)
	at java.net.AbstractPlainSocketImpl.connectToAddress(AbstractPlainSocketImpl.java:218)
	at java.net.AbstractPlainSocketImpl.connect(AbstractPlainSocketImpl.java:200)
	at java.net.SocksSocketImpl.connect(SocksSocketImpl.java:394)
	at java.net.Socket.connect(Socket.java:606)
	at com.mysql.cj.protocol.StandardSocketFactory.connect(StandardSocketFactory.java:173)
	at com.mysql.cj.protocol.a.NativeSocketConnection.connect(NativeSocketConnection.java:66)
	... 14 common frames omitted

2020-11-07 11:00:27.425 ERROR 6199 --- [Druid-ConnectionPool-Create-1751972013] com.alibaba.druid.pool.DruidDataSource   : create connection SQLException, url: jdbc:mysql://123.207.51.155:3307/miaotest?autoReconnect=true&useUnicode=true&characterEncoding=utf8&zeroDateTimeBehavior=CONVERT_TO_NULL&useSSL=false&serverTimezone=CTT, errorCode 0, state 08001

java.sql.SQLNonTransientConnectionException: Could not create connection to database server. Attempted reconnect 3 times. Giving up.
	at com.mysql.cj.jdbc.exceptions.SQLError.createSQLException(SQLError.java:108)
	at com.mysql.cj.jdbc.exceptions.SQLError.createSQLException(SQLError.java:95)
	at com.mysql.cj.jdbc.exceptions.SQLError.createSQLException(SQLError.java:87)
	at com.mysql.cj.jdbc.exceptions.SQLError.createSQLException(SQLError.java:61)
	at com.mysql.cj.jdbc.exceptions.SQLError.createSQLException(SQLError.java:71)
	at com.mysql.cj.jdbc.ConnectionImpl.connectWithRetries(ConnectionImpl.java:932)
	at com.mysql.cj.jdbc.ConnectionImpl.createNewIO(ConnectionImpl.java:857)
	at com.mysql.cj.jdbc.ConnectionImpl.<init>(ConnectionImpl.java:444)
	at com.mysql.cj.jdbc.ConnectionImpl.getInstance(ConnectionImpl.java:230)
	at com.mysql.cj.jdbc.NonRegisteringDriver.connect(NonRegisteringDriver.java:226)
	at com.alibaba.druid.filter.FilterChainImpl.connection_connect(FilterChainImpl.java:156)
	at com.alibaba.druid.filter.stat.StatFilter.connection_connect(StatFilter.java:218)
	at com.alibaba.druid.filter.FilterChainImpl.connection_connect(FilterChainImpl.java:150)
	at com.alibaba.druid.filter.FilterAdapter.connection_connect(FilterAdapter.java:787)
	at com.alibaba.druid.filter.FilterChainImpl.connection_connect(FilterChainImpl.java:150)
	at com.alibaba.druid.pool.DruidAbstractDataSource.createPhysicalConnection(DruidAbstractDataSource.java:1646)
	at com.alibaba.druid.pool.DruidAbstractDataSource.createPhysicalConnection(DruidAbstractDataSource.java:1710)
	at com.alibaba.druid.pool.DruidDataSource$CreateConnectionThread.run(DruidDataSource.java:2753)
Caused by: com.mysql.cj.exceptions.CJCommunicationsException: Communications link failure

The last packet sent successfully to the server was 0 milliseconds ago. The driver has not received any packets from the server.
	at sun.reflect.GeneratedConstructorAccessor106.newInstance(Unknown Source)
	at sun.reflect.DelegatingConstructorAccessorImpl.newInstance(DelegatingConstructorAccessorImpl.java:45)
	at java.lang.reflect.Constructor.newInstance(Constructor.java:423)
	at com.mysql.cj.exceptions.ExceptionFactory.createException(ExceptionFactory.java:59)
	at com.mysql.cj.exceptions.ExceptionFactory.createException(ExceptionFactory.java:103)
	at com.mysql.cj.exceptions.ExceptionFactory.createException(ExceptionFactory.java:149)
	at com.mysql.cj.exceptions.ExceptionFactory.createCommunicationsException(ExceptionFactory.java:165)
	at com.mysql.cj.protocol.a.NativeSocketConnection.connect(NativeSocketConnection.java:92)
	at com.mysql.cj.NativeSession.connect(NativeSession.java:152)
	at com.mysql.cj.jdbc.ConnectionImpl.connectWithRetries(ConnectionImpl.java:876)
	... 12 common frames omitted
Caused by: java.net.SocketException: Network is unreachable (connect failed)
	at java.net.PlainSocketImpl.socketConnect(Native Method)
	at java.net.AbstractPlainSocketImpl.doConnect(AbstractPlainSocketImpl.java:476)
	at java.net.AbstractPlainSocketImpl.connectToAddress(AbstractPlainSocketImpl.java:218)
	at java.net.AbstractPlainSocketImpl.connect(AbstractPlainSocketImpl.java:200)
	at java.net.SocksSocketImpl.connect(SocksSocketImpl.java:394)
	at java.net.Socket.connect(Socket.java:606)
	at com.mysql.cj.protocol.StandardSocketFactory.connect(StandardSocketFactory.java:173)
	at com.mysql.cj.protocol.a.NativeSocketConnection.connect(NativeSocketConnection.java:66)
	... 14 common frames omitted

2020-11-07 11:00:31.944 ERROR 6199 --- [Druid-ConnectionPool-Create-1751972013] com.alibaba.druid.pool.DruidDataSource   : create connection SQLException, url: jdbc:mysql://123.207.51.155:3307/miaotest?autoReconnect=true&useUnicode=true&characterEncoding=utf8&zeroDateTimeBehavior=CONVERT_TO_NULL&useSSL=false&serverTimezone=CTT, errorCode 0, state 08001

java.sql.SQLNonTransientConnectionException: Could not create connection to database server. Attempted reconnect 3 times. Giving up.
	at com.mysql.cj.jdbc.exceptions.SQLError.createSQLException(SQLError.java:108)
	at com.mysql.cj.jdbc.exceptions.SQLError.createSQLException(SQLError.java:95)
	at com.mysql.cj.jdbc.exceptions.SQLError.createSQLException(SQLError.java:87)
	at com.mysql.cj.jdbc.exceptions.SQLError.createSQLException(SQLError.java:61)
	at com.mysql.cj.jdbc.exceptions.SQLError.createSQLException(SQLError.java:71)
	at com.mysql.cj.jdbc.ConnectionImpl.connectWithRetries(ConnectionImpl.java:932)
	at com.mysql.cj.jdbc.ConnectionImpl.createNewIO(ConnectionImpl.java:857)
	at com.mysql.cj.jdbc.ConnectionImpl.<init>(ConnectionImpl.java:444)
	at com.mysql.cj.jdbc.ConnectionImpl.getInstance(ConnectionImpl.java:230)
	at com.mysql.cj.jdbc.NonRegisteringDriver.connect(NonRegisteringDriver.java:226)
	at com.alibaba.druid.filter.FilterChainImpl.connection_connect(FilterChainImpl.java:156)
	at com.alibaba.druid.filter.stat.StatFilter.connection_connect(StatFilter.java:218)
	at com.alibaba.druid.filter.FilterChainImpl.connection_connect(FilterChainImpl.java:150)
	at com.alibaba.druid.filter.FilterAdapter.connection_connect(FilterAdapter.java:787)
	at com.alibaba.druid.filter.FilterChainImpl.connection_connect(FilterChainImpl.java:150)
	at com.alibaba.druid.pool.DruidAbstractDataSource.createPhysicalConnection(DruidAbstractDataSource.java:1646)
	at com.alibaba.druid.pool.DruidAbstractDataSource.createPhysicalConnection(DruidAbstractDataSource.java:1710)
	at com.alibaba.druid.pool.DruidDataSource$CreateConnectionThread.run(DruidDataSource.java:2753)
Caused by: com.mysql.cj.exceptions.CJCommunicationsException: Communications link failure

The last packet sent successfully to the server was 0 milliseconds ago. The driver has not received any packets from the server.
	at sun.reflect.GeneratedConstructorAccessor106.newInstance(Unknown Source)
	at sun.reflect.DelegatingConstructorAccessorImpl.newInstance(DelegatingConstructorAccessorImpl.java:45)
	at java.lang.reflect.Constructor.newInstance(Constructor.java:423)
	at com.mysql.cj.exceptions.ExceptionFactory.createException(ExceptionFactory.java:59)
	at com.mysql.cj.exceptions.ExceptionFactory.createException(ExceptionFactory.java:103)
	at com.mysql.cj.exceptions.ExceptionFactory.createException(ExceptionFactory.java:149)
	at com.mysql.cj.exceptions.ExceptionFactory.createCommunicationsException(ExceptionFactory.java:165)
	at com.mysql.cj.protocol.a.NativeSocketConnection.connect(NativeSocketConnection.java:92)
	at com.mysql.cj.NativeSession.connect(NativeSession.java:152)
	at com.mysql.cj.jdbc.ConnectionImpl.connectWithRetries(ConnectionImpl.java:876)
	... 12 common frames omitted
Caused by: java.net.SocketException: Network is unreachable (connect failed)
	at java.net.PlainSocketImpl.socketConnect(Native Method)
	at java.net.AbstractPlainSocketImpl.doConnect(AbstractPlainSocketImpl.java:476)
	at java.net.AbstractPlainSocketImpl.connectToAddress(AbstractPlainSocketImpl.java:218)
	at java.net.AbstractPlainSocketImpl.connect(AbstractPlainSocketImpl.java:200)
	at java.net.SocksSocketImpl.connect(SocksSocketImpl.java:394)
	at java.net.Socket.connect(Socket.java:606)
	at com.mysql.cj.protocol.StandardSocketFactory.connect(StandardSocketFactory.java:173)
	at com.mysql.cj.protocol.a.NativeSocketConnection.connect(NativeSocketConnection.java:66)
	... 14 common frames omitted

2020-11-07 11:00:36.475 ERROR 6199 --- [Druid-ConnectionPool-Create-1751972013] com.alibaba.druid.pool.DruidDataSource   : create connection SQLException, url: jdbc:mysql://123.207.51.155:3307/miaotest?autoReconnect=true&useUnicode=true&characterEncoding=utf8&zeroDateTimeBehavior=CONVERT_TO_NULL&useSSL=false&serverTimezone=CTT, errorCode 0, state 08001

java.sql.SQLNonTransientConnectionException: Could not create connection to database server. Attempted reconnect 3 times. Giving up.
	at com.mysql.cj.jdbc.exceptions.SQLError.createSQLException(SQLError.java:108)
	at com.mysql.cj.jdbc.exceptions.SQLError.createSQLException(SQLError.java:95)
	at com.mysql.cj.jdbc.exceptions.SQLError.createSQLException(SQLError.java:87)
	at com.mysql.cj.jdbc.exceptions.SQLError.createSQLException(SQLError.java:61)
	at com.mysql.cj.jdbc.exceptions.SQLError.createSQLException(SQLError.java:71)
	at com.mysql.cj.jdbc.ConnectionImpl.connectWithRetries(ConnectionImpl.java:932)
	at com.mysql.cj.jdbc.ConnectionImpl.createNewIO(ConnectionImpl.java:857)
	at com.mysql.cj.jdbc.ConnectionImpl.<init>(ConnectionImpl.java:444)
	at com.mysql.cj.jdbc.ConnectionImpl.getInstance(ConnectionImpl.java:230)
	at com.mysql.cj.jdbc.NonRegisteringDriver.connect(NonRegisteringDriver.java:226)
	at com.alibaba.druid.filter.FilterChainImpl.connection_connect(FilterChainImpl.java:156)
	at com.alibaba.druid.filter.stat.StatFilter.connection_connect(StatFilter.java:218)
	at com.alibaba.druid.filter.FilterChainImpl.connection_connect(FilterChainImpl.java:150)
	at com.alibaba.druid.filter.FilterAdapter.connection_connect(FilterAdapter.java:787)
	at com.alibaba.druid.filter.FilterChainImpl.connection_connect(FilterChainImpl.java:150)
	at com.alibaba.druid.pool.DruidAbstractDataSource.createPhysicalConnection(DruidAbstractDataSource.java:1646)
	at com.alibaba.druid.pool.DruidAbstractDataSource.createPhysicalConnection(DruidAbstractDataSource.java:1710)
	at com.alibaba.druid.pool.DruidDataSource$CreateConnectionThread.run(DruidDataSource.java:2753)
Caused by: com.mysql.cj.exceptions.CJCommunicationsException: Communications link failure

The last packet sent successfully to the server was 0 milliseconds ago. The driver has not received any packets from the server.
	at sun.reflect.GeneratedConstructorAccessor106.newInstance(Unknown Source)
	at sun.reflect.DelegatingConstructorAccessorImpl.newInstance(DelegatingConstructorAccessorImpl.java:45)
	at java.lang.reflect.Constructor.newInstance(Constructor.java:423)
	at com.mysql.cj.exceptions.ExceptionFactory.createException(ExceptionFactory.java:59)
	at com.mysql.cj.exceptions.ExceptionFactory.createException(ExceptionFactory.java:103)
	at com.mysql.cj.exceptions.ExceptionFactory.createException(ExceptionFactory.java:149)
	at com.mysql.cj.exceptions.ExceptionFactory.createCommunicationsException(ExceptionFactory.java:165)
	at com.mysql.cj.protocol.a.NativeSocketConnection.connect(NativeSocketConnection.java:92)
	at com.mysql.cj.NativeSession.connect(NativeSession.java:152)
	at com.mysql.cj.jdbc.ConnectionImpl.connectWithRetries(ConnectionImpl.java:876)
	... 12 common frames omitted
Caused by: java.net.SocketException: Network is unreachable (connect failed)
	at java.net.PlainSocketImpl.socketConnect(Native Method)
	at java.net.AbstractPlainSocketImpl.doConnect(AbstractPlainSocketImpl.java:476)
	at java.net.AbstractPlainSocketImpl.connectToAddress(AbstractPlainSocketImpl.java:218)
	at java.net.AbstractPlainSocketImpl.connect(AbstractPlainSocketImpl.java:200)
	at java.net.SocksSocketImpl.connect(SocksSocketImpl.java:394)
	at java.net.Socket.connect(Socket.java:606)
	at com.mysql.cj.protocol.StandardSocketFactory.connect(StandardSocketFactory.java:173)
	at com.mysql.cj.protocol.a.NativeSocketConnection.connect(NativeSocketConnection.java:66)
	... 14 common frames omitted

2020-11-07 11:00:39.456  INFO 6199 --- [Druid-ConnectionPool-Create-1751972013] c.a.druid.pool.DruidAbstractDataSource   : {dataSource-1} failContinuous is false
2020-11-07 11:00:39.899  INFO 6199 --- [Atomikos:2] c.a.d.xa.XATransactionalResource         : master: refreshed XAResource
2020-11-07 13:01:49.902  WARN 6199 --- [Atomikos:2] c.a.r.xa.XaResourceRecoveryManager       : Error while retrieving xids from resource - will retry later...

com.mysql.cj.jdbc.MysqlXAException: Undetermined error occurred in the underlying Connection - check your data for consistency
	at com.mysql.cj.jdbc.MysqlXAConnection.mapXAExceptionFromSQLException(MysqlXAConnection.java:336)
	at com.mysql.cj.jdbc.MysqlXAConnection.recover(MysqlXAConnection.java:184)
	at com.mysql.cj.jdbc.MysqlXAConnection.recover(MysqlXAConnection.java:112)
	at com.atomikos.datasource.xa.RecoveryScan.recoverXids(RecoveryScan.java:32)
	at com.atomikos.recovery.xa.XaResourceRecoveryManager.retrievePreparedXidsFromXaResource(XaResourceRecoveryManager.java:158)
	at com.atomikos.recovery.xa.XaResourceRecoveryManager.recover(XaResourceRecoveryManager.java:67)
	at com.atomikos.datasource.xa.XATransactionalResource.recover(XATransactionalResource.java:449)
	at com.atomikos.icatch.imp.TransactionServiceImp.performRecovery(TransactionServiceImp.java:490)
	at com.atomikos.icatch.imp.TransactionServiceImp.access$000(TransactionServiceImp.java:56)
	at com.atomikos.icatch.imp.TransactionServiceImp$1.alarm(TransactionServiceImp.java:471)
	at com.atomikos.timing.PooledAlarmTimer.notifyListeners(PooledAlarmTimer.java:95)
	at com.atomikos.timing.PooledAlarmTimer.run(PooledAlarmTimer.java:82)
	at java.util.concurrent.ThreadPoolExecutor.runWorker(ThreadPoolExecutor.java:1149)
	at java.util.concurrent.ThreadPoolExecutor$Worker.run(ThreadPoolExecutor.java:624)
	at java.lang.Thread.run(Thread.java:748)
Caused by: com.mysql.cj.jdbc.exceptions.CommunicationsException: Communications link failure

The last packet successfully received from the server was 7,249,741 milliseconds ago.  The last packet sent successfully to the server was 40,415 milliseconds ago.
	at com.mysql.cj.jdbc.exceptions.SQLError.createCommunicationsException(SQLError.java:172)
	at com.mysql.cj.jdbc.exceptions.SQLExceptionsMapping.translateException(SQLExceptionsMapping.java:64)
	at com.mysql.cj.jdbc.StatementImpl.executeQuery(StatementImpl.java:1247)
	at com.mysql.cj.jdbc.MysqlXAConnection.recover(MysqlXAConnection.java:163)
	... 13 common frames omitted
Caused by: com.mysql.cj.exceptions.CJCommunicationsException: Communications link failure

The last packet successfully received from the server was 7,249,741 milliseconds ago.  The last packet sent successfully to the server was 40,415 milliseconds ago.
	at sun.reflect.GeneratedConstructorAccessor106.newInstance(Unknown Source)
	at sun.reflect.DelegatingConstructorAccessorImpl.newInstance(DelegatingConstructorAccessorImpl.java:45)
	at java.lang.reflect.Constructor.newInstance(Constructor.java:423)
	at com.mysql.cj.exceptions.ExceptionFactory.createException(ExceptionFactory.java:59)
	at com.mysql.cj.exceptions.ExceptionFactory.createException(ExceptionFactory.java:103)
	at com.mysql.cj.exceptions.ExceptionFactory.createException(ExceptionFactory.java:149)
	at com.mysql.cj.exceptions.ExceptionFactory.createCommunicationsException(ExceptionFactory.java:165)
	at com.mysql.cj.protocol.a.NativeProtocol.readMessage(NativeProtocol.java:563)
	at com.mysql.cj.protocol.a.NativeProtocol.checkErrorMessage(NativeProtocol.java:735)
	at com.mysql.cj.protocol.a.NativeProtocol.sendCommand(NativeProtocol.java:674)
	at com.mysql.cj.protocol.a.NativeProtocol.sendQueryPacket(NativeProtocol.java:966)
	at com.mysql.cj.protocol.a.NativeProtocol.sendQueryString(NativeProtocol.java:912)
	at com.mysql.cj.NativeSession.execSQL(NativeSession.java:1162)
	at com.mysql.cj.jdbc.StatementImpl.executeQuery(StatementImpl.java:1215)
	... 14 common frames omitted
Caused by: java.net.SocketException: Operation timed out (Read failed)
	at java.net.SocketInputStream.socketRead0(Native Method)
	at java.net.SocketInputStream.socketRead(SocketInputStream.java:116)
	at java.net.SocketInputStream.read(SocketInputStream.java:171)
	at java.net.SocketInputStream.read(SocketInputStream.java:141)
	at com.mysql.cj.protocol.ReadAheadInputStream.fill(ReadAheadInputStream.java:107)
	at com.mysql.cj.protocol.ReadAheadInputStream.readFromUnderlyingStreamIfNecessary(ReadAheadInputStream.java:150)
	at com.mysql.cj.protocol.ReadAheadInputStream.read(ReadAheadInputStream.java:180)
	at java.io.FilterInputStream.read(FilterInputStream.java:133)
	at com.mysql.cj.protocol.FullReadInputStream.readFully(FullReadInputStream.java:64)
	at com.mysql.cj.protocol.a.SimplePacketReader.readHeader(SimplePacketReader.java:63)
	at com.mysql.cj.protocol.a.SimplePacketReader.readHeader(SimplePacketReader.java:45)
	at com.mysql.cj.protocol.a.TimeTrackingPacketReader.readHeader(TimeTrackingPacketReader.java:52)
	at com.mysql.cj.protocol.a.TimeTrackingPacketReader.readHeader(TimeTrackingPacketReader.java:41)
	at com.mysql.cj.protocol.a.MultiPacketReader.readHeader(MultiPacketReader.java:54)
	at com.mysql.cj.protocol.a.MultiPacketReader.readHeader(MultiPacketReader.java:44)
	at com.mysql.cj.protocol.a.NativeProtocol.readMessage(NativeProtocol.java:557)
	... 20 common frames omitted

2020-11-07 13:01:50.968  INFO 6199 --- [Atomikos:2] c.a.d.xa.XATransactionalResource         : master: refreshed XAResource
2020-11-07 17:02:52.141  WARN 6199 --- [Atomikos:2] c.a.r.xa.XaResourceRecoveryManager       : Error while retrieving xids from resource - will retry later...

com.mysql.cj.jdbc.MysqlXAException: Undetermined error occurred in the underlying Connection - check your data for consistency
	at com.mysql.cj.jdbc.MysqlXAConnection.mapXAExceptionFromSQLException(MysqlXAConnection.java:336)
	at com.mysql.cj.jdbc.MysqlXAConnection.recover(MysqlXAConnection.java:184)
	at com.mysql.cj.jdbc.MysqlXAConnection.recover(MysqlXAConnection.java:112)
	at com.atomikos.datasource.xa.RecoveryScan.recoverXids(RecoveryScan.java:32)
	at com.atomikos.recovery.xa.XaResourceRecoveryManager.retrievePreparedXidsFromXaResource(XaResourceRecoveryManager.java:158)
	at com.atomikos.recovery.xa.XaResourceRecoveryManager.recover(XaResourceRecoveryManager.java:67)
	at com.atomikos.datasource.xa.XATransactionalResource.recover(XATransactionalResource.java:449)
	at com.atomikos.icatch.imp.TransactionServiceImp.performRecovery(TransactionServiceImp.java:490)
	at com.atomikos.icatch.imp.TransactionServiceImp.access$000(TransactionServiceImp.java:56)
	at com.atomikos.icatch.imp.TransactionServiceImp$1.alarm(TransactionServiceImp.java:471)
	at com.atomikos.timing.PooledAlarmTimer.notifyListeners(PooledAlarmTimer.java:95)
	at com.atomikos.timing.PooledAlarmTimer.run(PooledAlarmTimer.java:82)
	at java.util.concurrent.ThreadPoolExecutor.runWorker(ThreadPoolExecutor.java:1149)
	at java.util.concurrent.ThreadPoolExecutor$Worker.run(ThreadPoolExecutor.java:624)
	at java.lang.Thread.run(Thread.java:748)
Caused by: com.mysql.cj.jdbc.exceptions.CommunicationsException: Communications link failure

The last packet successfully received from the server was 14,451,126 milliseconds ago.  The last packet sent successfully to the server was 7,244,112 milliseconds ago.
	at com.mysql.cj.jdbc.exceptions.SQLError.createCommunicationsException(SQLError.java:172)
	at com.mysql.cj.jdbc.exceptions.SQLExceptionsMapping.translateException(SQLExceptionsMapping.java:64)
	at com.mysql.cj.jdbc.StatementImpl.executeQuery(StatementImpl.java:1247)
	at com.mysql.cj.jdbc.MysqlXAConnection.recover(MysqlXAConnection.java:163)
	... 13 common frames omitted
Caused by: com.mysql.cj.exceptions.CJCommunicationsException: Communications link failure

The last packet successfully received from the server was 14,451,126 milliseconds ago.  The last packet sent successfully to the server was 7,244,112 milliseconds ago.
	at sun.reflect.GeneratedConstructorAccessor106.newInstance(Unknown Source)
	at sun.reflect.DelegatingConstructorAccessorImpl.newInstance(DelegatingConstructorAccessorImpl.java:45)
	at java.lang.reflect.Constructor.newInstance(Constructor.java:423)
	at com.mysql.cj.exceptions.ExceptionFactory.createException(ExceptionFactory.java:59)
	at com.mysql.cj.exceptions.ExceptionFactory.createException(ExceptionFactory.java:103)
	at com.mysql.cj.exceptions.ExceptionFactory.createException(ExceptionFactory.java:149)
	at com.mysql.cj.exceptions.ExceptionFactory.createCommunicationsException(ExceptionFactory.java:165)
	at com.mysql.cj.protocol.a.NativeProtocol.readMessage(NativeProtocol.java:563)
	at com.mysql.cj.protocol.a.NativeProtocol.checkErrorMessage(NativeProtocol.java:735)
	at com.mysql.cj.protocol.a.NativeProtocol.sendCommand(NativeProtocol.java:674)
	at com.mysql.cj.protocol.a.NativeProtocol.sendQueryPacket(NativeProtocol.java:966)
	at com.mysql.cj.protocol.a.NativeProtocol.sendQueryString(NativeProtocol.java:912)
	at com.mysql.cj.NativeSession.execSQL(NativeSession.java:1162)
	at com.mysql.cj.jdbc.StatementImpl.executeQuery(StatementImpl.java:1215)
	... 14 common frames omitted
Caused by: java.net.SocketException: Operation timed out (Read failed)
	at java.net.SocketInputStream.socketRead0(Native Method)
	at java.net.SocketInputStream.socketRead(SocketInputStream.java:116)
	at java.net.SocketInputStream.read(SocketInputStream.java:171)
	at java.net.SocketInputStream.read(SocketInputStream.java:141)
	at com.mysql.cj.protocol.ReadAheadInputStream.fill(ReadAheadInputStream.java:107)
	at com.mysql.cj.protocol.ReadAheadInputStream.readFromUnderlyingStreamIfNecessary(ReadAheadInputStream.java:150)
	at com.mysql.cj.protocol.ReadAheadInputStream.read(ReadAheadInputStream.java:180)
	at java.io.FilterInputStream.read(FilterInputStream.java:133)
	at com.mysql.cj.protocol.FullReadInputStream.readFully(FullReadInputStream.java:64)
	at com.mysql.cj.protocol.a.SimplePacketReader.readHeader(SimplePacketReader.java:63)
	at com.mysql.cj.protocol.a.SimplePacketReader.readHeader(SimplePacketReader.java:45)
	at com.mysql.cj.protocol.a.TimeTrackingPacketReader.readHeader(TimeTrackingPacketReader.java:52)
	at com.mysql.cj.protocol.a.TimeTrackingPacketReader.readHeader(TimeTrackingPacketReader.java:41)
	at com.mysql.cj.protocol.a.MultiPacketReader.readHeader(MultiPacketReader.java:54)
	at com.mysql.cj.protocol.a.MultiPacketReader.readHeader(MultiPacketReader.java:44)
	at com.mysql.cj.protocol.a.NativeProtocol.readMessage(NativeProtocol.java:557)
	... 20 common frames omitted

2020-11-07 17:02:54.993  INFO 6199 --- [Atomikos:2] c.a.d.xa.XATransactionalResource         : master: refreshed XAResource
2020-11-07 21:04:58.780  WARN 6199 --- [Atomikos:2] c.a.r.xa.XaResourceRecoveryManager       : Error while retrieving xids from resource - will retry later...

com.mysql.cj.jdbc.MysqlXAException: Undetermined error occurred in the underlying Connection - check your data for consistency
	at com.mysql.cj.jdbc.MysqlXAConnection.mapXAExceptionFromSQLException(MysqlXAConnection.java:336)
	at com.mysql.cj.jdbc.MysqlXAConnection.recover(MysqlXAConnection.java:184)
	at com.mysql.cj.jdbc.MysqlXAConnection.recover(MysqlXAConnection.java:112)
	at com.atomikos.datasource.xa.RecoveryScan.recoverXids(RecoveryScan.java:32)
	at com.atomikos.recovery.xa.XaResourceRecoveryManager.retrievePreparedXidsFromXaResource(XaResourceRecoveryManager.java:158)
	at com.atomikos.recovery.xa.XaResourceRecoveryManager.recover(XaResourceRecoveryManager.java:67)
	at com.atomikos.datasource.xa.XATransactionalResource.recover(XATransactionalResource.java:449)
	at com.atomikos.icatch.imp.TransactionServiceImp.performRecovery(TransactionServiceImp.java:490)
	at com.atomikos.icatch.imp.TransactionServiceImp.access$000(TransactionServiceImp.java:56)
	at com.atomikos.icatch.imp.TransactionServiceImp$1.alarm(TransactionServiceImp.java:471)
	at com.atomikos.timing.PooledAlarmTimer.notifyListeners(PooledAlarmTimer.java:95)
	at com.atomikos.timing.PooledAlarmTimer.run(PooledAlarmTimer.java:82)
	at java.util.concurrent.ThreadPoolExecutor.runWorker(ThreadPoolExecutor.java:1149)
	at java.util.concurrent.ThreadPoolExecutor$Worker.run(ThreadPoolExecutor.java:624)
	at java.lang.Thread.run(Thread.java:748)
Caused by: com.mysql.cj.jdbc.exceptions.CommunicationsException: Communications link failure

The last packet successfully received from the server was 14,483,611 milliseconds ago.  The last packet sent successfully to the server was 7,276,468 milliseconds ago.
	at com.mysql.cj.jdbc.exceptions.SQLError.createCommunicationsException(SQLError.java:172)
	at com.mysql.cj.jdbc.exceptions.SQLExceptionsMapping.translateException(SQLExceptionsMapping.java:64)
	at com.mysql.cj.jdbc.StatementImpl.executeQuery(StatementImpl.java:1247)
	at com.mysql.cj.jdbc.MysqlXAConnection.recover(MysqlXAConnection.java:163)
	... 13 common frames omitted
Caused by: com.mysql.cj.exceptions.CJCommunicationsException: Communications link failure

The last packet successfully received from the server was 14,483,611 milliseconds ago.  The last packet sent successfully to the server was 7,276,468 milliseconds ago.
	at sun.reflect.GeneratedConstructorAccessor106.newInstance(Unknown Source)
	at sun.reflect.DelegatingConstructorAccessorImpl.newInstance(DelegatingConstructorAccessorImpl.java:45)
	at java.lang.reflect.Constructor.newInstance(Constructor.java:423)
	at com.mysql.cj.exceptions.ExceptionFactory.createException(ExceptionFactory.java:59)
	at com.mysql.cj.exceptions.ExceptionFactory.createException(ExceptionFactory.java:103)
	at com.mysql.cj.exceptions.ExceptionFactory.createException(ExceptionFactory.java:149)
	at com.mysql.cj.exceptions.ExceptionFactory.createCommunicationsException(ExceptionFactory.java:165)
	at com.mysql.cj.protocol.a.NativeProtocol.readMessage(NativeProtocol.java:563)
	at com.mysql.cj.protocol.a.NativeProtocol.checkErrorMessage(NativeProtocol.java:735)
	at com.mysql.cj.protocol.a.NativeProtocol.sendCommand(NativeProtocol.java:674)
	at com.mysql.cj.protocol.a.NativeProtocol.sendQueryPacket(NativeProtocol.java:966)
	at com.mysql.cj.protocol.a.NativeProtocol.sendQueryString(NativeProtocol.java:912)
	at com.mysql.cj.NativeSession.execSQL(NativeSession.java:1162)
	at com.mysql.cj.jdbc.StatementImpl.executeQuery(StatementImpl.java:1215)
	... 14 common frames omitted
Caused by: java.net.SocketException: Operation timed out (Read failed)
	at java.net.SocketInputStream.socketRead0(Native Method)
	at java.net.SocketInputStream.socketRead(SocketInputStream.java:116)
	at java.net.SocketInputStream.read(SocketInputStream.java:171)
	at java.net.SocketInputStream.read(SocketInputStream.java:141)
	at com.mysql.cj.protocol.ReadAheadInputStream.fill(ReadAheadInputStream.java:107)
	at com.mysql.cj.protocol.ReadAheadInputStream.readFromUnderlyingStreamIfNecessary(ReadAheadInputStream.java:150)
	at com.mysql.cj.protocol.ReadAheadInputStream.read(ReadAheadInputStream.java:180)
	at java.io.FilterInputStream.read(FilterInputStream.java:133)
	at com.mysql.cj.protocol.FullReadInputStream.readFully(FullReadInputStream.java:64)
	at com.mysql.cj.protocol.a.SimplePacketReader.readHeader(SimplePacketReader.java:63)
	at com.mysql.cj.protocol.a.SimplePacketReader.readHeader(SimplePacketReader.java:45)
	at com.mysql.cj.protocol.a.TimeTrackingPacketReader.readHeader(TimeTrackingPacketReader.java:52)
	at com.mysql.cj.protocol.a.TimeTrackingPacketReader.readHeader(TimeTrackingPacketReader.java:41)
	at com.mysql.cj.protocol.a.MultiPacketReader.readHeader(MultiPacketReader.java:54)
	at com.mysql.cj.protocol.a.MultiPacketReader.readHeader(MultiPacketReader.java:44)
	at com.mysql.cj.protocol.a.NativeProtocol.readMessage(NativeProtocol.java:557)
	... 20 common frames omitted

2020-11-07 21:04:59.220  INFO 6199 --- [Atomikos:2] c.a.d.xa.XATransactionalResource         : master: refreshed XAResource
2020-11-07 23:05:46.620  WARN 6199 --- [Atomikos:2] c.a.r.xa.XaResourceRecoveryManager       : Error while retrieving xids from resource - will retry later...

com.mysql.cj.jdbc.MysqlXAException: Undetermined error occurred in the underlying Connection - check your data for consistency
	at com.mysql.cj.jdbc.MysqlXAConnection.mapXAExceptionFromSQLException(MysqlXAConnection.java:336)
	at com.mysql.cj.jdbc.MysqlXAConnection.recover(MysqlXAConnection.java:184)
	at com.mysql.cj.jdbc.MysqlXAConnection.recover(MysqlXAConnection.java:112)
	at com.atomikos.datasource.xa.RecoveryScan.recoverXids(RecoveryScan.java:32)
	at com.atomikos.recovery.xa.XaResourceRecoveryManager.retrievePreparedXidsFromXaResource(XaResourceRecoveryManager.java:158)
	at com.atomikos.recovery.xa.XaResourceRecoveryManager.recover(XaResourceRecoveryManager.java:67)
	at com.atomikos.datasource.xa.XATransactionalResource.recover(XATransactionalResource.java:449)
	at com.atomikos.icatch.imp.TransactionServiceImp.performRecovery(TransactionServiceImp.java:490)
	at com.atomikos.icatch.imp.TransactionServiceImp.access$000(TransactionServiceImp.java:56)
	at com.atomikos.icatch.imp.TransactionServiceImp$1.alarm(TransactionServiceImp.java:471)
	at com.atomikos.timing.PooledAlarmTimer.notifyListeners(PooledAlarmTimer.java:95)
	at com.atomikos.timing.PooledAlarmTimer.run(PooledAlarmTimer.java:82)
	at java.util.concurrent.ThreadPoolExecutor.runWorker(ThreadPoolExecutor.java:1149)
	at java.util.concurrent.ThreadPoolExecutor$Worker.run(ThreadPoolExecutor.java:624)
	at java.lang.Thread.run(Thread.java:748)
Caused by: com.mysql.cj.jdbc.exceptions.CommunicationsException: Communications link failure

The last packet successfully received from the server was 7,227,319 milliseconds ago.  The last packet sent successfully to the server was 20,189 milliseconds ago.
	at com.mysql.cj.jdbc.exceptions.SQLError.createCommunicationsException(SQLError.java:172)
	at com.mysql.cj.jdbc.exceptions.SQLExceptionsMapping.translateException(SQLExceptionsMapping.java:64)
	at com.mysql.cj.jdbc.StatementImpl.executeQuery(StatementImpl.java:1247)
	at com.mysql.cj.jdbc.MysqlXAConnection.recover(MysqlXAConnection.java:163)
	... 13 common frames omitted
Caused by: com.mysql.cj.exceptions.CJCommunicationsException: Communications link failure

The last packet successfully received from the server was 7,227,319 milliseconds ago.  The last packet sent successfully to the server was 20,189 milliseconds ago.
	at sun.reflect.GeneratedConstructorAccessor106.newInstance(Unknown Source)
	at sun.reflect.DelegatingConstructorAccessorImpl.newInstance(DelegatingConstructorAccessorImpl.java:45)
	at java.lang.reflect.Constructor.newInstance(Constructor.java:423)
	at com.mysql.cj.exceptions.ExceptionFactory.createException(ExceptionFactory.java:59)
	at com.mysql.cj.exceptions.ExceptionFactory.createException(ExceptionFactory.java:103)
	at com.mysql.cj.exceptions.ExceptionFactory.createException(ExceptionFactory.java:149)
	at com.mysql.cj.exceptions.ExceptionFactory.createCommunicationsException(ExceptionFactory.java:165)
	at com.mysql.cj.protocol.a.NativeProtocol.readMessage(NativeProtocol.java:563)
	at com.mysql.cj.protocol.a.NativeProtocol.checkErrorMessage(NativeProtocol.java:735)
	at com.mysql.cj.protocol.a.NativeProtocol.sendCommand(NativeProtocol.java:674)
	at com.mysql.cj.protocol.a.NativeProtocol.sendQueryPacket(NativeProtocol.java:966)
	at com.mysql.cj.protocol.a.NativeProtocol.sendQueryString(NativeProtocol.java:912)
	at com.mysql.cj.NativeSession.execSQL(NativeSession.java:1162)
	at com.mysql.cj.jdbc.StatementImpl.executeQuery(StatementImpl.java:1215)
	... 14 common frames omitted
Caused by: java.net.SocketException: Operation timed out (Read failed)
	at java.net.SocketInputStream.socketRead0(Native Method)
	at java.net.SocketInputStream.socketRead(SocketInputStream.java:116)
	at java.net.SocketInputStream.read(SocketInputStream.java:171)
	at java.net.SocketInputStream.read(SocketInputStream.java:141)
	at com.mysql.cj.protocol.ReadAheadInputStream.fill(ReadAheadInputStream.java:107)
	at com.mysql.cj.protocol.ReadAheadInputStream.readFromUnderlyingStreamIfNecessary(ReadAheadInputStream.java:150)
	at com.mysql.cj.protocol.ReadAheadInputStream.read(ReadAheadInputStream.java:180)
	at java.io.FilterInputStream.read(FilterInputStream.java:133)
	at com.mysql.cj.protocol.FullReadInputStream.readFully(FullReadInputStream.java:64)
	at com.mysql.cj.protocol.a.SimplePacketReader.readHeader(SimplePacketReader.java:63)
	at com.mysql.cj.protocol.a.SimplePacketReader.readHeader(SimplePacketReader.java:45)
	at com.mysql.cj.protocol.a.TimeTrackingPacketReader.readHeader(TimeTrackingPacketReader.java:52)
	at com.mysql.cj.protocol.a.TimeTrackingPacketReader.readHeader(TimeTrackingPacketReader.java:41)
	at com.mysql.cj.protocol.a.MultiPacketReader.readHeader(MultiPacketReader.java:54)
	at com.mysql.cj.protocol.a.MultiPacketReader.readHeader(MultiPacketReader.java:44)
	at com.mysql.cj.protocol.a.NativeProtocol.readMessage(NativeProtocol.java:557)
	... 20 common frames omitted

2020-11-07 23:05:48.070  INFO 6199 --- [Atomikos:2] c.a.d.xa.XATransactionalResource         : master: refreshed XAResource
2020-11-07 23:15:11.936  WARN 6199 --- [Atomikos:2] c.a.r.xa.XaResourceRecoveryManager       : Error while retrieving xids from resource - will retry later...

com.mysql.cj.jdbc.MysqlXAException: Undetermined error occurred in the underlying Connection - check your data for consistency
	at com.mysql.cj.jdbc.MysqlXAConnection.mapXAExceptionFromSQLException(MysqlXAConnection.java:336)
	at com.mysql.cj.jdbc.MysqlXAConnection.recover(MysqlXAConnection.java:184)
	at com.mysql.cj.jdbc.MysqlXAConnection.recover(MysqlXAConnection.java:112)
	at com.atomikos.datasource.xa.RecoveryScan.recoverXids(RecoveryScan.java:32)
	at com.atomikos.recovery.xa.XaResourceRecoveryManager.retrievePreparedXidsFromXaResource(XaResourceRecoveryManager.java:158)
	at com.atomikos.recovery.xa.XaResourceRecoveryManager.recover(XaResourceRecoveryManager.java:67)
	at com.atomikos.datasource.xa.XATransactionalResource.recover(XATransactionalResource.java:449)
	at com.atomikos.icatch.imp.TransactionServiceImp.performRecovery(TransactionServiceImp.java:490)
	at com.atomikos.icatch.imp.TransactionServiceImp.access$000(TransactionServiceImp.java:56)
	at com.atomikos.icatch.imp.TransactionServiceImp$1.alarm(TransactionServiceImp.java:471)
	at com.atomikos.timing.PooledAlarmTimer.notifyListeners(PooledAlarmTimer.java:95)
	at com.atomikos.timing.PooledAlarmTimer.run(PooledAlarmTimer.java:82)
	at java.util.concurrent.ThreadPoolExecutor.runWorker(ThreadPoolExecutor.java:1149)
	at java.util.concurrent.ThreadPoolExecutor$Worker.run(ThreadPoolExecutor.java:624)
	at java.lang.Thread.run(Thread.java:748)
Caused by: com.mysql.cj.jdbc.exceptions.CommunicationsException: Communications link failure

The last packet successfully received from the server was 543,754 milliseconds ago.  The last packet sent successfully to the server was 50,865 milliseconds ago.
	at com.mysql.cj.jdbc.exceptions.SQLError.createCommunicationsException(SQLError.java:172)
	at com.mysql.cj.jdbc.exceptions.SQLExceptionsMapping.translateException(SQLExceptionsMapping.java:64)
	at com.mysql.cj.jdbc.StatementImpl.executeQuery(StatementImpl.java:1247)
	at com.mysql.cj.jdbc.MysqlXAConnection.recover(MysqlXAConnection.java:163)
	... 13 common frames omitted
Caused by: com.mysql.cj.exceptions.CJCommunicationsException: Communications link failure

The last packet successfully received from the server was 543,754 milliseconds ago.  The last packet sent successfully to the server was 50,865 milliseconds ago.
	at sun.reflect.GeneratedConstructorAccessor106.newInstance(Unknown Source)
	at sun.reflect.DelegatingConstructorAccessorImpl.newInstance(DelegatingConstructorAccessorImpl.java:45)
	at java.lang.reflect.Constructor.newInstance(Constructor.java:423)
	at com.mysql.cj.exceptions.ExceptionFactory.createException(ExceptionFactory.java:59)
	at com.mysql.cj.exceptions.ExceptionFactory.createException(ExceptionFactory.java:103)
	at com.mysql.cj.exceptions.ExceptionFactory.createException(ExceptionFactory.java:149)
	at com.mysql.cj.exceptions.ExceptionFactory.createCommunicationsException(ExceptionFactory.java:165)
	at com.mysql.cj.protocol.a.NativeProtocol.readMessage(NativeProtocol.java:563)
	at com.mysql.cj.protocol.a.NativeProtocol.checkErrorMessage(NativeProtocol.java:735)
	at com.mysql.cj.protocol.a.NativeProtocol.sendCommand(NativeProtocol.java:674)
	at com.mysql.cj.protocol.a.NativeProtocol.sendQueryPacket(NativeProtocol.java:966)
	at com.mysql.cj.protocol.a.NativeProtocol.sendQueryString(NativeProtocol.java:912)
	at com.mysql.cj.NativeSession.execSQL(NativeSession.java:1162)
	at com.mysql.cj.jdbc.StatementImpl.executeQuery(StatementImpl.java:1215)
	... 14 common frames omitted
Caused by: java.net.SocketException: Operation timed out (Read failed)
	at java.net.SocketInputStream.socketRead0(Native Method)
	at java.net.SocketInputStream.socketRead(SocketInputStream.java:116)
	at java.net.SocketInputStream.read(SocketInputStream.java:171)
	at java.net.SocketInputStream.read(SocketInputStream.java:141)
	at com.mysql.cj.protocol.ReadAheadInputStream.fill(ReadAheadInputStream.java:107)
	at com.mysql.cj.protocol.ReadAheadInputStream.readFromUnderlyingStreamIfNecessary(ReadAheadInputStream.java:150)
	at com.mysql.cj.protocol.ReadAheadInputStream.read(ReadAheadInputStream.java:180)
	at java.io.FilterInputStream.read(FilterInputStream.java:133)
	at com.mysql.cj.protocol.FullReadInputStream.readFully(FullReadInputStream.java:64)
	at com.mysql.cj.protocol.a.SimplePacketReader.readHeader(SimplePacketReader.java:63)
	at com.mysql.cj.protocol.a.SimplePacketReader.readHeader(SimplePacketReader.java:45)
	at com.mysql.cj.protocol.a.TimeTrackingPacketReader.readHeader(TimeTrackingPacketReader.java:52)
	at com.mysql.cj.protocol.a.TimeTrackingPacketReader.readHeader(TimeTrackingPacketReader.java:41)
	at com.mysql.cj.protocol.a.MultiPacketReader.readHeader(MultiPacketReader.java:54)
	at com.mysql.cj.protocol.a.MultiPacketReader.readHeader(MultiPacketReader.java:44)
	at com.mysql.cj.protocol.a.NativeProtocol.readMessage(NativeProtocol.java:557)
	... 20 common frames omitted

2020-11-07 23:15:12.426  INFO 6199 --- [Atomikos:2] c.a.d.xa.XATransactionalResource         : master: refreshed XAResource
