2020-11-08 00:11:59.021  WARN 6199 --- [Atomikos:2] c.a.r.xa.XaResourceRecoveryManager       : Error while retrieving xids from resource - will retry later...

com.mysql.cj.jdbc.MysqlXAException: Undetermined error occurred in the underlying Connection - check your data for consistency
	at com.mysql.cj.jdbc.MysqlXAConnection.mapXAExceptionFromSQLException(MysqlXAConnection.java:336)
	at com.mysql.cj.jdbc.MysqlXAConnection.recover(MysqlXAConnection.java:184)
	at com.mysql.cj.jdbc.MysqlXAConnection.recover(MysqlXAConnection.java:112)
	at com.atomikos.datasource.xa.RecoveryScan.recoverXids(RecoveryScan.java:32)
	at com.atomikos.recovery.xa.XaResourceRecoveryManager.retrievePreparedXidsFromXaResource(XaResourceRecoveryManager.java:158)
	at com.atomikos.recovery.xa.XaResourceRecoveryManager.recover(XaResourceRecoveryManager.java:67)
	at com.atomikos.datasource.xa.XATransactionalResource.recover(XATransactionalResource.java:449)
	at com.atomikos.icatch.imp.TransactionServiceImp.performRecovery(TransactionServiceImp.java:490)
	at com.atomikos.icatch.imp.TransactionServiceImp.access$000(TransactionServiceImp.java:56)
	at com.atomikos.icatch.imp.TransactionServiceImp$1.alarm(TransactionServiceImp.java:471)
	at com.atomikos.timing.PooledAlarmTimer.notifyListeners(PooledAlarmTimer.java:95)
	at com.atomikos.timing.PooledAlarmTimer.run(PooledAlarmTimer.java:82)
	at java.util.concurrent.ThreadPoolExecutor.runWorker(ThreadPoolExecutor.java:1149)
	at java.util.concurrent.ThreadPoolExecutor$Worker.run(ThreadPoolExecutor.java:624)
	at java.lang.Thread.run(Thread.java:748)
Caused by: com.mysql.cj.jdbc.exceptions.CommunicationsException: Communications link failure

The last packet successfully received from the server was 3,406,694 milliseconds ago.  The last packet sent successfully to the server was 18,249 milliseconds ago.
	at com.mysql.cj.jdbc.exceptions.SQLError.createCommunicationsException(SQLError.java:172)
	at com.mysql.cj.jdbc.exceptions.SQLExceptionsMapping.translateException(SQLExceptionsMapping.java:64)
	at com.mysql.cj.jdbc.StatementImpl.executeQuery(StatementImpl.java:1247)
	at com.mysql.cj.jdbc.MysqlXAConnection.recover(MysqlXAConnection.java:163)
	... 13 common frames omitted
Caused by: com.mysql.cj.exceptions.CJCommunicationsException: Communications link failure

The last packet successfully received from the server was 3,406,694 milliseconds ago.  The last packet sent successfully to the server was 18,249 milliseconds ago.
	at sun.reflect.GeneratedConstructorAccessor106.newInstance(Unknown Source)
	at sun.reflect.DelegatingConstructorAccessorImpl.newInstance(DelegatingConstructorAccessorImpl.java:45)
	at java.lang.reflect.Constructor.newInstance(Constructor.java:423)
	at com.mysql.cj.exceptions.ExceptionFactory.createException(ExceptionFactory.java:59)
	at com.mysql.cj.exceptions.ExceptionFactory.createException(ExceptionFactory.java:103)
	at com.mysql.cj.exceptions.ExceptionFactory.createException(ExceptionFactory.java:149)
	at com.mysql.cj.exceptions.ExceptionFactory.createCommunicationsException(ExceptionFactory.java:165)
	at com.mysql.cj.protocol.a.NativeProtocol.readMessage(NativeProtocol.java:563)
	at com.mysql.cj.protocol.a.NativeProtocol.checkErrorMessage(NativeProtocol.java:735)
	at com.mysql.cj.protocol.a.NativeProtocol.sendCommand(NativeProtocol.java:674)
	at com.mysql.cj.protocol.a.NativeProtocol.sendQueryPacket(NativeProtocol.java:966)
	at com.mysql.cj.protocol.a.NativeProtocol.sendQueryString(NativeProtocol.java:912)
	at com.mysql.cj.NativeSession.execSQL(NativeSession.java:1162)
	at com.mysql.cj.jdbc.StatementImpl.executeQuery(StatementImpl.java:1215)
	... 14 common frames omitted
Caused by: java.net.SocketException: Operation timed out (Read failed)
	at java.net.SocketInputStream.socketRead0(Native Method)
	at java.net.SocketInputStream.socketRead(SocketInputStream.java:116)
	at java.net.SocketInputStream.read(SocketInputStream.java:171)
	at java.net.SocketInputStream.read(SocketInputStream.java:141)
	at com.mysql.cj.protocol.ReadAheadInputStream.fill(ReadAheadInputStream.java:107)
	at com.mysql.cj.protocol.ReadAheadInputStream.readFromUnderlyingStreamIfNecessary(ReadAheadInputStream.java:150)
	at com.mysql.cj.protocol.ReadAheadInputStream.read(ReadAheadInputStream.java:180)
	at java.io.FilterInputStream.read(FilterInputStream.java:133)
	at com.mysql.cj.protocol.FullReadInputStream.readFully(FullReadInputStream.java:64)
	at com.mysql.cj.protocol.a.SimplePacketReader.readHeader(SimplePacketReader.java:63)
	at com.mysql.cj.protocol.a.SimplePacketReader.readHeader(SimplePacketReader.java:45)
	at com.mysql.cj.protocol.a.TimeTrackingPacketReader.readHeader(TimeTrackingPacketReader.java:52)
	at com.mysql.cj.protocol.a.TimeTrackingPacketReader.readHeader(TimeTrackingPacketReader.java:41)
	at com.mysql.cj.protocol.a.MultiPacketReader.readHeader(MultiPacketReader.java:54)
	at com.mysql.cj.protocol.a.MultiPacketReader.readHeader(MultiPacketReader.java:44)
	at com.mysql.cj.protocol.a.NativeProtocol.readMessage(NativeProtocol.java:557)
	... 20 common frames omitted

2020-11-08 00:11:59.448  INFO 6199 --- [Atomikos:2] c.a.d.xa.XATransactionalResource         : master: refreshed XAResource
2020-11-08 00:44:54.733  WARN 6199 --- [Atomikos:2] c.a.r.xa.XaResourceRecoveryManager       : Error while retrieving xids from resource - will retry later...

com.mysql.cj.jdbc.MysqlXAException: Undetermined error occurred in the underlying Connection - check your data for consistency
	at com.mysql.cj.jdbc.MysqlXAConnection.mapXAExceptionFromSQLException(MysqlXAConnection.java:336)
	at com.mysql.cj.jdbc.MysqlXAConnection.recover(MysqlXAConnection.java:184)
	at com.mysql.cj.jdbc.MysqlXAConnection.recover(MysqlXAConnection.java:112)
	at com.atomikos.datasource.xa.RecoveryScan.recoverXids(RecoveryScan.java:32)
	at com.atomikos.recovery.xa.XaResourceRecoveryManager.retrievePreparedXidsFromXaResource(XaResourceRecoveryManager.java:158)
	at com.atomikos.recovery.xa.XaResourceRecoveryManager.recover(XaResourceRecoveryManager.java:67)
	at com.atomikos.datasource.xa.XATransactionalResource.recover(XATransactionalResource.java:449)
	at com.atomikos.icatch.imp.TransactionServiceImp.performRecovery(TransactionServiceImp.java:490)
	at com.atomikos.icatch.imp.TransactionServiceImp.access$000(TransactionServiceImp.java:56)
	at com.atomikos.icatch.imp.TransactionServiceImp$1.alarm(TransactionServiceImp.java:471)
	at com.atomikos.timing.PooledAlarmTimer.notifyListeners(PooledAlarmTimer.java:95)
	at com.atomikos.timing.PooledAlarmTimer.run(PooledAlarmTimer.java:82)
	at java.util.concurrent.ThreadPoolExecutor.runWorker(ThreadPoolExecutor.java:1149)
	at java.util.concurrent.ThreadPoolExecutor$Worker.run(ThreadPoolExecutor.java:624)
	at java.lang.Thread.run(Thread.java:748)
Caused by: com.mysql.cj.jdbc.exceptions.CommunicationsException: Communications link failure

The last packet successfully received from the server was 1,955,102 milliseconds ago.  The last packet sent successfully to the server was 29,046 milliseconds ago.
	at com.mysql.cj.jdbc.exceptions.SQLError.createCommunicationsException(SQLError.java:172)
	at com.mysql.cj.jdbc.exceptions.SQLExceptionsMapping.translateException(SQLExceptionsMapping.java:64)
	at com.mysql.cj.jdbc.StatementImpl.executeQuery(StatementImpl.java:1247)
	at com.mysql.cj.jdbc.MysqlXAConnection.recover(MysqlXAConnection.java:163)
	... 13 common frames omitted
Caused by: com.mysql.cj.exceptions.CJCommunicationsException: Communications link failure

The last packet successfully received from the server was 1,955,102 milliseconds ago.  The last packet sent successfully to the server was 29,046 milliseconds ago.
	at sun.reflect.GeneratedConstructorAccessor106.newInstance(Unknown Source)
	at sun.reflect.DelegatingConstructorAccessorImpl.newInstance(DelegatingConstructorAccessorImpl.java:45)
	at java.lang.reflect.Constructor.newInstance(Constructor.java:423)
	at com.mysql.cj.exceptions.ExceptionFactory.createException(ExceptionFactory.java:59)
	at com.mysql.cj.exceptions.ExceptionFactory.createException(ExceptionFactory.java:103)
	at com.mysql.cj.exceptions.ExceptionFactory.createException(ExceptionFactory.java:149)
	at com.mysql.cj.exceptions.ExceptionFactory.createCommunicationsException(ExceptionFactory.java:165)
	at com.mysql.cj.protocol.a.NativeProtocol.readMessage(NativeProtocol.java:563)
	at com.mysql.cj.protocol.a.NativeProtocol.checkErrorMessage(NativeProtocol.java:735)
	at com.mysql.cj.protocol.a.NativeProtocol.sendCommand(NativeProtocol.java:674)
	at com.mysql.cj.protocol.a.NativeProtocol.sendQueryPacket(NativeProtocol.java:966)
	at com.mysql.cj.protocol.a.NativeProtocol.sendQueryString(NativeProtocol.java:912)
	at com.mysql.cj.NativeSession.execSQL(NativeSession.java:1162)
	at com.mysql.cj.jdbc.StatementImpl.executeQuery(StatementImpl.java:1215)
	... 14 common frames omitted
Caused by: java.net.SocketException: Operation timed out (Read failed)
	at java.net.SocketInputStream.socketRead0(Native Method)
	at java.net.SocketInputStream.socketRead(SocketInputStream.java:116)
	at java.net.SocketInputStream.read(SocketInputStream.java:171)
	at java.net.SocketInputStream.read(SocketInputStream.java:141)
	at com.mysql.cj.protocol.ReadAheadInputStream.fill(ReadAheadInputStream.java:107)
	at com.mysql.cj.protocol.ReadAheadInputStream.readFromUnderlyingStreamIfNecessary(ReadAheadInputStream.java:150)
	at com.mysql.cj.protocol.ReadAheadInputStream.read(ReadAheadInputStream.java:180)
	at java.io.FilterInputStream.read(FilterInputStream.java:133)
	at com.mysql.cj.protocol.FullReadInputStream.readFully(FullReadInputStream.java:64)
	at com.mysql.cj.protocol.a.SimplePacketReader.readHeader(SimplePacketReader.java:63)
	at com.mysql.cj.protocol.a.SimplePacketReader.readHeader(SimplePacketReader.java:45)
	at com.mysql.cj.protocol.a.TimeTrackingPacketReader.readHeader(TimeTrackingPacketReader.java:52)
	at com.mysql.cj.protocol.a.TimeTrackingPacketReader.readHeader(TimeTrackingPacketReader.java:41)
	at com.mysql.cj.protocol.a.MultiPacketReader.readHeader(MultiPacketReader.java:54)
	at com.mysql.cj.protocol.a.MultiPacketReader.readHeader(MultiPacketReader.java:44)
	at com.mysql.cj.protocol.a.NativeProtocol.readMessage(NativeProtocol.java:557)
	... 20 common frames omitted

2020-11-08 00:44:55.154  INFO 6199 --- [Atomikos:2] c.a.d.xa.XATransactionalResource         : master: refreshed XAResource
2020-11-08 02:45:41.827  WARN 6199 --- [Atomikos:2] c.a.r.xa.XaResourceRecoveryManager       : Error while retrieving xids from resource - will retry later...

com.mysql.cj.jdbc.MysqlXAException: Undetermined error occurred in the underlying Connection - check your data for consistency
	at com.mysql.cj.jdbc.MysqlXAConnection.mapXAExceptionFromSQLException(MysqlXAConnection.java:336)
	at com.mysql.cj.jdbc.MysqlXAConnection.recover(MysqlXAConnection.java:184)
	at com.mysql.cj.jdbc.MysqlXAConnection.recover(MysqlXAConnection.java:112)
	at com.atomikos.datasource.xa.RecoveryScan.recoverXids(RecoveryScan.java:32)
	at com.atomikos.recovery.xa.XaResourceRecoveryManager.retrievePreparedXidsFromXaResource(XaResourceRecoveryManager.java:158)
	at com.atomikos.recovery.xa.XaResourceRecoveryManager.recover(XaResourceRecoveryManager.java:67)
	at com.atomikos.datasource.xa.XATransactionalResource.recover(XATransactionalResource.java:449)
	at com.atomikos.icatch.imp.TransactionServiceImp.performRecovery(TransactionServiceImp.java:490)
	at com.atomikos.icatch.imp.TransactionServiceImp.access$000(TransactionServiceImp.java:56)
	at com.atomikos.icatch.imp.TransactionServiceImp$1.alarm(TransactionServiceImp.java:471)
	at com.atomikos.timing.PooledAlarmTimer.notifyListeners(PooledAlarmTimer.java:95)
	at com.atomikos.timing.PooledAlarmTimer.run(PooledAlarmTimer.java:82)
	at java.util.concurrent.ThreadPoolExecutor.runWorker(ThreadPoolExecutor.java:1149)
	at java.util.concurrent.ThreadPoolExecutor$Worker.run(ThreadPoolExecutor.java:624)
	at java.lang.Thread.run(Thread.java:748)
Caused by: com.mysql.cj.jdbc.exceptions.CommunicationsException: Communications link failure

The last packet successfully received from the server was 7,226,598 milliseconds ago.  The last packet sent successfully to the server was 18,598 milliseconds ago.
	at com.mysql.cj.jdbc.exceptions.SQLError.createCommunicationsException(SQLError.java:172)
	at com.mysql.cj.jdbc.exceptions.SQLExceptionsMapping.translateException(SQLExceptionsMapping.java:64)
	at com.mysql.cj.jdbc.StatementImpl.executeQuery(StatementImpl.java:1247)
	at com.mysql.cj.jdbc.MysqlXAConnection.recover(MysqlXAConnection.java:163)
	... 13 common frames omitted
Caused by: com.mysql.cj.exceptions.CJCommunicationsException: Communications link failure

The last packet successfully received from the server was 7,226,598 milliseconds ago.  The last packet sent successfully to the server was 18,598 milliseconds ago.
	at sun.reflect.GeneratedConstructorAccessor106.newInstance(Unknown Source)
	at sun.reflect.DelegatingConstructorAccessorImpl.newInstance(DelegatingConstructorAccessorImpl.java:45)
	at java.lang.reflect.Constructor.newInstance(Constructor.java:423)
	at com.mysql.cj.exceptions.ExceptionFactory.createException(ExceptionFactory.java:59)
	at com.mysql.cj.exceptions.ExceptionFactory.createException(ExceptionFactory.java:103)
	at com.mysql.cj.exceptions.ExceptionFactory.createException(ExceptionFactory.java:149)
	at com.mysql.cj.exceptions.ExceptionFactory.createCommunicationsException(ExceptionFactory.java:165)
	at com.mysql.cj.protocol.a.NativeProtocol.readMessage(NativeProtocol.java:563)
	at com.mysql.cj.protocol.a.NativeProtocol.checkErrorMessage(NativeProtocol.java:735)
	at com.mysql.cj.protocol.a.NativeProtocol.sendCommand(NativeProtocol.java:674)
	at com.mysql.cj.protocol.a.NativeProtocol.sendQueryPacket(NativeProtocol.java:966)
	at com.mysql.cj.protocol.a.NativeProtocol.sendQueryString(NativeProtocol.java:912)
	at com.mysql.cj.NativeSession.execSQL(NativeSession.java:1162)
	at com.mysql.cj.jdbc.StatementImpl.executeQuery(StatementImpl.java:1215)
	... 14 common frames omitted
Caused by: java.net.SocketException: Operation timed out (Read failed)
	at java.net.SocketInputStream.socketRead0(Native Method)
	at java.net.SocketInputStream.socketRead(SocketInputStream.java:116)
	at java.net.SocketInputStream.read(SocketInputStream.java:171)
	at java.net.SocketInputStream.read(SocketInputStream.java:141)
	at com.mysql.cj.protocol.ReadAheadInputStream.fill(ReadAheadInputStream.java:107)
	at com.mysql.cj.protocol.ReadAheadInputStream.readFromUnderlyingStreamIfNecessary(ReadAheadInputStream.java:150)
	at com.mysql.cj.protocol.ReadAheadInputStream.read(ReadAheadInputStream.java:180)
	at java.io.FilterInputStream.read(FilterInputStream.java:133)
	at com.mysql.cj.protocol.FullReadInputStream.readFully(FullReadInputStream.java:64)
	at com.mysql.cj.protocol.a.SimplePacketReader.readHeader(SimplePacketReader.java:63)
	at com.mysql.cj.protocol.a.SimplePacketReader.readHeader(SimplePacketReader.java:45)
	at com.mysql.cj.protocol.a.TimeTrackingPacketReader.readHeader(TimeTrackingPacketReader.java:52)
	at com.mysql.cj.protocol.a.TimeTrackingPacketReader.readHeader(TimeTrackingPacketReader.java:41)
	at com.mysql.cj.protocol.a.MultiPacketReader.readHeader(MultiPacketReader.java:54)
	at com.mysql.cj.protocol.a.MultiPacketReader.readHeader(MultiPacketReader.java:44)
	at com.mysql.cj.protocol.a.NativeProtocol.readMessage(NativeProtocol.java:557)
	... 20 common frames omitted

2020-11-08 02:45:42.479  INFO 6199 --- [Atomikos:2] c.a.d.xa.XATransactionalResource         : master: refreshed XAResource
2020-11-08 05:46:57.067  WARN 6199 --- [Atomikos:2] c.a.r.xa.XaResourceRecoveryManager       : Error while retrieving xids from resource - will retry later...

com.mysql.cj.jdbc.MysqlXAException: Undetermined error occurred in the underlying Connection - check your data for consistency
	at com.mysql.cj.jdbc.MysqlXAConnection.mapXAExceptionFromSQLException(MysqlXAConnection.java:336)
	at com.mysql.cj.jdbc.MysqlXAConnection.recover(MysqlXAConnection.java:184)
	at com.mysql.cj.jdbc.MysqlXAConnection.recover(MysqlXAConnection.java:112)
	at com.atomikos.datasource.xa.RecoveryScan.recoverXids(RecoveryScan.java:32)
	at com.atomikos.recovery.xa.XaResourceRecoveryManager.retrievePreparedXidsFromXaResource(XaResourceRecoveryManager.java:158)
	at com.atomikos.recovery.xa.XaResourceRecoveryManager.recover(XaResourceRecoveryManager.java:67)
	at com.atomikos.datasource.xa.XATransactionalResource.recover(XATransactionalResource.java:449)
	at com.atomikos.icatch.imp.TransactionServiceImp.performRecovery(TransactionServiceImp.java:490)
	at com.atomikos.icatch.imp.TransactionServiceImp.access$000(TransactionServiceImp.java:56)
	at com.atomikos.icatch.imp.TransactionServiceImp$1.alarm(TransactionServiceImp.java:471)
	at com.atomikos.timing.PooledAlarmTimer.notifyListeners(PooledAlarmTimer.java:95)
	at com.atomikos.timing.PooledAlarmTimer.run(PooledAlarmTimer.java:82)
	at java.util.concurrent.ThreadPoolExecutor.runWorker(ThreadPoolExecutor.java:1149)
	at java.util.concurrent.ThreadPoolExecutor$Worker.run(ThreadPoolExecutor.java:624)
	at java.lang.Thread.run(Thread.java:748)
Caused by: com.mysql.cj.jdbc.exceptions.CommunicationsException: Communications link failure

The last packet successfully received from the server was 10,854,506 milliseconds ago.  The last packet sent successfully to the server was 3,646,387 milliseconds ago.
	at com.mysql.cj.jdbc.exceptions.SQLError.createCommunicationsException(SQLError.java:172)
	at com.mysql.cj.jdbc.exceptions.SQLExceptionsMapping.translateException(SQLExceptionsMapping.java:64)
	at com.mysql.cj.jdbc.StatementImpl.executeQuery(StatementImpl.java:1247)
	at com.mysql.cj.jdbc.MysqlXAConnection.recover(MysqlXAConnection.java:163)
	... 13 common frames omitted
Caused by: com.mysql.cj.exceptions.CJCommunicationsException: Communications link failure

The last packet successfully received from the server was 10,854,506 milliseconds ago.  The last packet sent successfully to the server was 3,646,387 milliseconds ago.
	at sun.reflect.GeneratedConstructorAccessor106.newInstance(Unknown Source)
	at sun.reflect.DelegatingConstructorAccessorImpl.newInstance(DelegatingConstructorAccessorImpl.java:45)
	at java.lang.reflect.Constructor.newInstance(Constructor.java:423)
	at com.mysql.cj.exceptions.ExceptionFactory.createException(ExceptionFactory.java:59)
	at com.mysql.cj.exceptions.ExceptionFactory.createException(ExceptionFactory.java:103)
	at com.mysql.cj.exceptions.ExceptionFactory.createException(ExceptionFactory.java:149)
	at com.mysql.cj.exceptions.ExceptionFactory.createCommunicationsException(ExceptionFactory.java:165)
	at com.mysql.cj.protocol.a.NativeProtocol.readMessage(NativeProtocol.java:563)
	at com.mysql.cj.protocol.a.NativeProtocol.checkErrorMessage(NativeProtocol.java:735)
	at com.mysql.cj.protocol.a.NativeProtocol.sendCommand(NativeProtocol.java:674)
	at com.mysql.cj.protocol.a.NativeProtocol.sendQueryPacket(NativeProtocol.java:966)
	at com.mysql.cj.protocol.a.NativeProtocol.sendQueryString(NativeProtocol.java:912)
	at com.mysql.cj.NativeSession.execSQL(NativeSession.java:1162)
	at com.mysql.cj.jdbc.StatementImpl.executeQuery(StatementImpl.java:1215)
	... 14 common frames omitted
Caused by: java.net.SocketException: Operation timed out (Read failed)
	at java.net.SocketInputStream.socketRead0(Native Method)
	at java.net.SocketInputStream.socketRead(SocketInputStream.java:116)
	at java.net.SocketInputStream.read(SocketInputStream.java:171)
	at java.net.SocketInputStream.read(SocketInputStream.java:141)
	at com.mysql.cj.protocol.ReadAheadInputStream.fill(ReadAheadInputStream.java:107)
	at com.mysql.cj.protocol.ReadAheadInputStream.readFromUnderlyingStreamIfNecessary(ReadAheadInputStream.java:150)
	at com.mysql.cj.protocol.ReadAheadInputStream.read(ReadAheadInputStream.java:180)
	at java.io.FilterInputStream.read(FilterInputStream.java:133)
	at com.mysql.cj.protocol.FullReadInputStream.readFully(FullReadInputStream.java:64)
	at com.mysql.cj.protocol.a.SimplePacketReader.readHeader(SimplePacketReader.java:63)
	at com.mysql.cj.protocol.a.SimplePacketReader.readHeader(SimplePacketReader.java:45)
	at com.mysql.cj.protocol.a.TimeTrackingPacketReader.readHeader(TimeTrackingPacketReader.java:52)
	at com.mysql.cj.protocol.a.TimeTrackingPacketReader.readHeader(TimeTrackingPacketReader.java:41)
	at com.mysql.cj.protocol.a.MultiPacketReader.readHeader(MultiPacketReader.java:54)
	at com.mysql.cj.protocol.a.MultiPacketReader.readHeader(MultiPacketReader.java:44)
	at com.mysql.cj.protocol.a.NativeProtocol.readMessage(NativeProtocol.java:557)
	... 20 common frames omitted

2020-11-08 05:46:58.033  INFO 6199 --- [Atomikos:2] c.a.d.xa.XATransactionalResource         : master: refreshed XAResource
2020-11-08 07:00:08.193  WARN 6199 --- [Atomikos:2] c.a.r.xa.XaResourceRecoveryManager       : Error while retrieving xids from resource - will retry later...

com.mysql.cj.jdbc.MysqlXAException: Undetermined error occurred in the underlying Connection - check your data for consistency
	at com.mysql.cj.jdbc.MysqlXAConnection.mapXAExceptionFromSQLException(MysqlXAConnection.java:336)
	at com.mysql.cj.jdbc.MysqlXAConnection.recover(MysqlXAConnection.java:184)
	at com.mysql.cj.jdbc.MysqlXAConnection.recover(MysqlXAConnection.java:112)
	at com.atomikos.datasource.xa.RecoveryScan.recoverXids(RecoveryScan.java:32)
	at com.atomikos.recovery.xa.XaResourceRecoveryManager.retrievePreparedXidsFromXaResource(XaResourceRecoveryManager.java:158)
	at com.atomikos.recovery.xa.XaResourceRecoveryManager.recover(XaResourceRecoveryManager.java:67)
	at com.atomikos.datasource.xa.XATransactionalResource.recover(XATransactionalResource.java:449)
	at com.atomikos.icatch.imp.TransactionServiceImp.performRecovery(TransactionServiceImp.java:490)
	at com.atomikos.icatch.imp.TransactionServiceImp.access$000(TransactionServiceImp.java:56)
	at com.atomikos.icatch.imp.TransactionServiceImp$1.alarm(TransactionServiceImp.java:471)
	at com.atomikos.timing.PooledAlarmTimer.notifyListeners(PooledAlarmTimer.java:95)
	at com.atomikos.timing.PooledAlarmTimer.run(PooledAlarmTimer.java:82)
	at java.util.concurrent.ThreadPoolExecutor.runWorker(ThreadPoolExecutor.java:1149)
	at java.util.concurrent.ThreadPoolExecutor$Worker.run(ThreadPoolExecutor.java:624)
	at java.lang.Thread.run(Thread.java:748)
Caused by: com.mysql.cj.jdbc.exceptions.CommunicationsException: Communications link failure

The last packet successfully received from the server was 4,339,973 milliseconds ago.  The last packet sent successfully to the server was 2,043,059 milliseconds ago.
	at com.mysql.cj.jdbc.exceptions.SQLError.createCommunicationsException(SQLError.java:172)
	at com.mysql.cj.jdbc.exceptions.SQLExceptionsMapping.translateException(SQLExceptionsMapping.java:64)
	at com.mysql.cj.jdbc.StatementImpl.executeQuery(StatementImpl.java:1247)
	at com.mysql.cj.jdbc.MysqlXAConnection.recover(MysqlXAConnection.java:163)
	... 13 common frames omitted
Caused by: com.mysql.cj.exceptions.CJCommunicationsException: Communications link failure

The last packet successfully received from the server was 4,339,973 milliseconds ago.  The last packet sent successfully to the server was 2,043,059 milliseconds ago.
	at sun.reflect.GeneratedConstructorAccessor106.newInstance(Unknown Source)
	at sun.reflect.DelegatingConstructorAccessorImpl.newInstance(DelegatingConstructorAccessorImpl.java:45)
	at java.lang.reflect.Constructor.newInstance(Constructor.java:423)
	at com.mysql.cj.exceptions.ExceptionFactory.createException(ExceptionFactory.java:59)
	at com.mysql.cj.exceptions.ExceptionFactory.createException(ExceptionFactory.java:103)
	at com.mysql.cj.exceptions.ExceptionFactory.createException(ExceptionFactory.java:149)
	at com.mysql.cj.exceptions.ExceptionFactory.createCommunicationsException(ExceptionFactory.java:165)
	at com.mysql.cj.protocol.a.NativeProtocol.readMessage(NativeProtocol.java:563)
	at com.mysql.cj.protocol.a.NativeProtocol.checkErrorMessage(NativeProtocol.java:735)
	at com.mysql.cj.protocol.a.NativeProtocol.sendCommand(NativeProtocol.java:674)
	at com.mysql.cj.protocol.a.NativeProtocol.sendQueryPacket(NativeProtocol.java:966)
	at com.mysql.cj.protocol.a.NativeProtocol.sendQueryString(NativeProtocol.java:912)
	at com.mysql.cj.NativeSession.execSQL(NativeSession.java:1162)
	at com.mysql.cj.jdbc.StatementImpl.executeQuery(StatementImpl.java:1215)
	... 14 common frames omitted
Caused by: java.net.SocketException: Operation timed out (Read failed)
	at java.net.SocketInputStream.socketRead0(Native Method)
	at java.net.SocketInputStream.socketRead(SocketInputStream.java:116)
	at java.net.SocketInputStream.read(SocketInputStream.java:171)
	at java.net.SocketInputStream.read(SocketInputStream.java:141)
	at com.mysql.cj.protocol.ReadAheadInputStream.fill(ReadAheadInputStream.java:107)
	at com.mysql.cj.protocol.ReadAheadInputStream.readFromUnderlyingStreamIfNecessary(ReadAheadInputStream.java:150)
	at com.mysql.cj.protocol.ReadAheadInputStream.read(ReadAheadInputStream.java:180)
	at java.io.FilterInputStream.read(FilterInputStream.java:133)
	at com.mysql.cj.protocol.FullReadInputStream.readFully(FullReadInputStream.java:64)
	at com.mysql.cj.protocol.a.SimplePacketReader.readHeader(SimplePacketReader.java:63)
	at com.mysql.cj.protocol.a.SimplePacketReader.readHeader(SimplePacketReader.java:45)
	at com.mysql.cj.protocol.a.TimeTrackingPacketReader.readHeader(TimeTrackingPacketReader.java:52)
	at com.mysql.cj.protocol.a.TimeTrackingPacketReader.readHeader(TimeTrackingPacketReader.java:41)
	at com.mysql.cj.protocol.a.MultiPacketReader.readHeader(MultiPacketReader.java:54)
	at com.mysql.cj.protocol.a.MultiPacketReader.readHeader(MultiPacketReader.java:44)
	at com.mysql.cj.protocol.a.NativeProtocol.readMessage(NativeProtocol.java:557)
	... 20 common frames omitted

2020-11-08 07:00:08.619  INFO 6199 --- [Atomikos:2] c.a.d.xa.XATransactionalResource         : master: refreshed XAResource
2020-11-08 09:01:43.010  WARN 6199 --- [Atomikos:2] c.a.r.xa.XaResourceRecoveryManager       : Error while retrieving xids from resource - will retry later...

com.mysql.cj.jdbc.MysqlXAException: Undetermined error occurred in the underlying Connection - check your data for consistency
	at com.mysql.cj.jdbc.MysqlXAConnection.mapXAExceptionFromSQLException(MysqlXAConnection.java:336)
	at com.mysql.cj.jdbc.MysqlXAConnection.recover(MysqlXAConnection.java:184)
	at com.mysql.cj.jdbc.MysqlXAConnection.recover(MysqlXAConnection.java:112)
	at com.atomikos.datasource.xa.RecoveryScan.recoverXids(RecoveryScan.java:32)
	at com.atomikos.recovery.xa.XaResourceRecoveryManager.retrievePreparedXidsFromXaResource(XaResourceRecoveryManager.java:158)
	at com.atomikos.recovery.xa.XaResourceRecoveryManager.recover(XaResourceRecoveryManager.java:67)
	at com.atomikos.datasource.xa.XATransactionalResource.recover(XATransactionalResource.java:449)
	at com.atomikos.icatch.imp.TransactionServiceImp.performRecovery(TransactionServiceImp.java:490)
	at com.atomikos.icatch.imp.TransactionServiceImp.access$000(TransactionServiceImp.java:56)
	at com.atomikos.icatch.imp.TransactionServiceImp$1.alarm(TransactionServiceImp.java:471)
	at com.atomikos.timing.PooledAlarmTimer.notifyListeners(PooledAlarmTimer.java:95)
	at com.atomikos.timing.PooledAlarmTimer.run(PooledAlarmTimer.java:82)
	at java.util.concurrent.ThreadPoolExecutor.runWorker(ThreadPoolExecutor.java:1149)
	at java.util.concurrent.ThreadPoolExecutor$Worker.run(ThreadPoolExecutor.java:624)
	at java.lang.Thread.run(Thread.java:748)
Caused by: com.mysql.cj.jdbc.exceptions.CommunicationsException: Communications link failure

The last packet successfully received from the server was 7,254,181 milliseconds ago.  The last packet sent successfully to the server was 46,163 milliseconds ago.
	at com.mysql.cj.jdbc.exceptions.SQLError.createCommunicationsException(SQLError.java:172)
	at com.mysql.cj.jdbc.exceptions.SQLExceptionsMapping.translateException(SQLExceptionsMapping.java:64)
	at com.mysql.cj.jdbc.StatementImpl.executeQuery(StatementImpl.java:1247)
	at com.mysql.cj.jdbc.MysqlXAConnection.recover(MysqlXAConnection.java:163)
	... 13 common frames omitted
Caused by: com.mysql.cj.exceptions.CJCommunicationsException: Communications link failure

The last packet successfully received from the server was 7,254,181 milliseconds ago.  The last packet sent successfully to the server was 46,163 milliseconds ago.
	at sun.reflect.GeneratedConstructorAccessor106.newInstance(Unknown Source)
	at sun.reflect.DelegatingConstructorAccessorImpl.newInstance(DelegatingConstructorAccessorImpl.java:45)
	at java.lang.reflect.Constructor.newInstance(Constructor.java:423)
	at com.mysql.cj.exceptions.ExceptionFactory.createException(ExceptionFactory.java:59)
	at com.mysql.cj.exceptions.ExceptionFactory.createException(ExceptionFactory.java:103)
	at com.mysql.cj.exceptions.ExceptionFactory.createException(ExceptionFactory.java:149)
	at com.mysql.cj.exceptions.ExceptionFactory.createCommunicationsException(ExceptionFactory.java:165)
	at com.mysql.cj.protocol.a.NativeProtocol.readMessage(NativeProtocol.java:563)
	at com.mysql.cj.protocol.a.NativeProtocol.checkErrorMessage(NativeProtocol.java:735)
	at com.mysql.cj.protocol.a.NativeProtocol.sendCommand(NativeProtocol.java:674)
	at com.mysql.cj.protocol.a.NativeProtocol.sendQueryPacket(NativeProtocol.java:966)
	at com.mysql.cj.protocol.a.NativeProtocol.sendQueryString(NativeProtocol.java:912)
	at com.mysql.cj.NativeSession.execSQL(NativeSession.java:1162)
	at com.mysql.cj.jdbc.StatementImpl.executeQuery(StatementImpl.java:1215)
	... 14 common frames omitted
Caused by: java.net.SocketException: Operation timed out (Read failed)
	at java.net.SocketInputStream.socketRead0(Native Method)
	at java.net.SocketInputStream.socketRead(SocketInputStream.java:116)
	at java.net.SocketInputStream.read(SocketInputStream.java:171)
	at java.net.SocketInputStream.read(SocketInputStream.java:141)
	at com.mysql.cj.protocol.ReadAheadInputStream.fill(ReadAheadInputStream.java:107)
	at com.mysql.cj.protocol.ReadAheadInputStream.readFromUnderlyingStreamIfNecessary(ReadAheadInputStream.java:150)
	at com.mysql.cj.protocol.ReadAheadInputStream.read(ReadAheadInputStream.java:180)
	at java.io.FilterInputStream.read(FilterInputStream.java:133)
	at com.mysql.cj.protocol.FullReadInputStream.readFully(FullReadInputStream.java:64)
	at com.mysql.cj.protocol.a.SimplePacketReader.readHeader(SimplePacketReader.java:63)
	at com.mysql.cj.protocol.a.SimplePacketReader.readHeader(SimplePacketReader.java:45)
	at com.mysql.cj.protocol.a.TimeTrackingPacketReader.readHeader(TimeTrackingPacketReader.java:52)
	at com.mysql.cj.protocol.a.TimeTrackingPacketReader.readHeader(TimeTrackingPacketReader.java:41)
	at com.mysql.cj.protocol.a.MultiPacketReader.readHeader(MultiPacketReader.java:54)
	at com.mysql.cj.protocol.a.MultiPacketReader.readHeader(MultiPacketReader.java:44)
	at com.mysql.cj.protocol.a.NativeProtocol.readMessage(NativeProtocol.java:557)
	... 20 common frames omitted

2020-11-08 09:01:43.488  INFO 6199 --- [Atomikos:2] c.a.d.xa.XATransactionalResource         : master: refreshed XAResource
2020-11-08 10:05:11.820  WARN 6199 --- [Atomikos:2] c.a.r.xa.XaResourceRecoveryManager       : Error while retrieving xids from resource - will retry later...

com.mysql.cj.jdbc.MysqlXAException: Undetermined error occurred in the underlying Connection - check your data for consistency
	at com.mysql.cj.jdbc.MysqlXAConnection.mapXAExceptionFromSQLException(MysqlXAConnection.java:336)
	at com.mysql.cj.jdbc.MysqlXAConnection.recover(MysqlXAConnection.java:184)
	at com.mysql.cj.jdbc.MysqlXAConnection.recover(MysqlXAConnection.java:112)
	at com.atomikos.datasource.xa.RecoveryScan.recoverXids(RecoveryScan.java:32)
	at com.atomikos.recovery.xa.XaResourceRecoveryManager.retrievePreparedXidsFromXaResource(XaResourceRecoveryManager.java:158)
	at com.atomikos.recovery.xa.XaResourceRecoveryManager.recover(XaResourceRecoveryManager.java:67)
	at com.atomikos.datasource.xa.XATransactionalResource.recover(XATransactionalResource.java:449)
	at com.atomikos.icatch.imp.TransactionServiceImp.performRecovery(TransactionServiceImp.java:490)
	at com.atomikos.icatch.imp.TransactionServiceImp.access$000(TransactionServiceImp.java:56)
	at com.atomikos.icatch.imp.TransactionServiceImp$1.alarm(TransactionServiceImp.java:471)
	at com.atomikos.timing.PooledAlarmTimer.notifyListeners(PooledAlarmTimer.java:95)
	at com.atomikos.timing.PooledAlarmTimer.run(PooledAlarmTimer.java:82)
	at java.util.concurrent.ThreadPoolExecutor.runWorker(ThreadPoolExecutor.java:1149)
	at java.util.concurrent.ThreadPoolExecutor$Worker.run(ThreadPoolExecutor.java:624)
	at java.lang.Thread.run(Thread.java:748)
Caused by: com.mysql.cj.jdbc.exceptions.CommunicationsException: Communications link failure

The last packet successfully received from the server was 3,808,348 milliseconds ago.  The last packet sent successfully to the server was 22,257 milliseconds ago.
	at com.mysql.cj.jdbc.exceptions.SQLError.createCommunicationsException(SQLError.java:172)
	at com.mysql.cj.jdbc.exceptions.SQLExceptionsMapping.translateException(SQLExceptionsMapping.java:64)
	at com.mysql.cj.jdbc.StatementImpl.executeQuery(StatementImpl.java:1247)
	at com.mysql.cj.jdbc.MysqlXAConnection.recover(MysqlXAConnection.java:163)
	... 13 common frames omitted
Caused by: com.mysql.cj.exceptions.CJCommunicationsException: Communications link failure

The last packet successfully received from the server was 3,808,348 milliseconds ago.  The last packet sent successfully to the server was 22,257 milliseconds ago.
	at sun.reflect.GeneratedConstructorAccessor106.newInstance(Unknown Source)
	at sun.reflect.DelegatingConstructorAccessorImpl.newInstance(DelegatingConstructorAccessorImpl.java:45)
	at java.lang.reflect.Constructor.newInstance(Constructor.java:423)
	at com.mysql.cj.exceptions.ExceptionFactory.createException(ExceptionFactory.java:59)
	at com.mysql.cj.exceptions.ExceptionFactory.createException(ExceptionFactory.java:103)
	at com.mysql.cj.exceptions.ExceptionFactory.createException(ExceptionFactory.java:149)
	at com.mysql.cj.exceptions.ExceptionFactory.createCommunicationsException(ExceptionFactory.java:165)
	at com.mysql.cj.protocol.a.NativeProtocol.readMessage(NativeProtocol.java:563)
	at com.mysql.cj.protocol.a.NativeProtocol.checkErrorMessage(NativeProtocol.java:735)
	at com.mysql.cj.protocol.a.NativeProtocol.sendCommand(NativeProtocol.java:674)
	at com.mysql.cj.protocol.a.NativeProtocol.sendQueryPacket(NativeProtocol.java:966)
	at com.mysql.cj.protocol.a.NativeProtocol.sendQueryString(NativeProtocol.java:912)
	at com.mysql.cj.NativeSession.execSQL(NativeSession.java:1162)
	at com.mysql.cj.jdbc.StatementImpl.executeQuery(StatementImpl.java:1215)
	... 14 common frames omitted
Caused by: java.net.SocketException: Operation timed out (Read failed)
	at java.net.SocketInputStream.socketRead0(Native Method)
	at java.net.SocketInputStream.socketRead(SocketInputStream.java:116)
	at java.net.SocketInputStream.read(SocketInputStream.java:171)
	at java.net.SocketInputStream.read(SocketInputStream.java:141)
	at com.mysql.cj.protocol.ReadAheadInputStream.fill(ReadAheadInputStream.java:107)
	at com.mysql.cj.protocol.ReadAheadInputStream.readFromUnderlyingStreamIfNecessary(ReadAheadInputStream.java:150)
	at com.mysql.cj.protocol.ReadAheadInputStream.read(ReadAheadInputStream.java:180)
	at java.io.FilterInputStream.read(FilterInputStream.java:133)
	at com.mysql.cj.protocol.FullReadInputStream.readFully(FullReadInputStream.java:64)
	at com.mysql.cj.protocol.a.SimplePacketReader.readHeader(SimplePacketReader.java:63)
	at com.mysql.cj.protocol.a.SimplePacketReader.readHeader(SimplePacketReader.java:45)
	at com.mysql.cj.protocol.a.TimeTrackingPacketReader.readHeader(TimeTrackingPacketReader.java:52)
	at com.mysql.cj.protocol.a.TimeTrackingPacketReader.readHeader(TimeTrackingPacketReader.java:41)
	at com.mysql.cj.protocol.a.MultiPacketReader.readHeader(MultiPacketReader.java:54)
	at com.mysql.cj.protocol.a.MultiPacketReader.readHeader(MultiPacketReader.java:44)
	at com.mysql.cj.protocol.a.NativeProtocol.readMessage(NativeProtocol.java:557)
	... 20 common frames omitted

2020-11-08 10:05:12.250  INFO 6199 --- [Atomikos:2] c.a.d.xa.XATransactionalResource         : master: refreshed XAResource
2020-11-08 10:36:23.339  WARN 6199 --- [Atomikos:2] c.a.r.xa.XaResourceRecoveryManager       : Error while retrieving xids from resource - will retry later...

com.mysql.cj.jdbc.MysqlXAException: Undetermined error occurred in the underlying Connection - check your data for consistency
	at com.mysql.cj.jdbc.MysqlXAConnection.mapXAExceptionFromSQLException(MysqlXAConnection.java:336)
	at com.mysql.cj.jdbc.MysqlXAConnection.recover(MysqlXAConnection.java:184)
	at com.mysql.cj.jdbc.MysqlXAConnection.recover(MysqlXAConnection.java:112)
	at com.atomikos.datasource.xa.RecoveryScan.recoverXids(RecoveryScan.java:32)
	at com.atomikos.recovery.xa.XaResourceRecoveryManager.retrievePreparedXidsFromXaResource(XaResourceRecoveryManager.java:158)
	at com.atomikos.recovery.xa.XaResourceRecoveryManager.recover(XaResourceRecoveryManager.java:67)
	at com.atomikos.datasource.xa.XATransactionalResource.recover(XATransactionalResource.java:449)
	at com.atomikos.icatch.imp.TransactionServiceImp.performRecovery(TransactionServiceImp.java:490)
	at com.atomikos.icatch.imp.TransactionServiceImp.access$000(TransactionServiceImp.java:56)
	at com.atomikos.icatch.imp.TransactionServiceImp$1.alarm(TransactionServiceImp.java:471)
	at com.atomikos.timing.PooledAlarmTimer.notifyListeners(PooledAlarmTimer.java:95)
	at com.atomikos.timing.PooledAlarmTimer.run(PooledAlarmTimer.java:82)
	at java.util.concurrent.ThreadPoolExecutor.runWorker(ThreadPoolExecutor.java:1149)
	at java.util.concurrent.ThreadPoolExecutor$Worker.run(ThreadPoolExecutor.java:624)
	at java.lang.Thread.run(Thread.java:748)
Caused by: com.mysql.cj.jdbc.exceptions.CommunicationsException: Communications link failure

The last packet successfully received from the server was 1,850,950 milliseconds ago.  The last packet sent successfully to the server was 44,863 milliseconds ago.
	at com.mysql.cj.jdbc.exceptions.SQLError.createCommunicationsException(SQLError.java:172)
	at com.mysql.cj.jdbc.exceptions.SQLExceptionsMapping.translateException(SQLExceptionsMapping.java:64)
	at com.mysql.cj.jdbc.StatementImpl.executeQuery(StatementImpl.java:1247)
	at com.mysql.cj.jdbc.MysqlXAConnection.recover(MysqlXAConnection.java:163)
	... 13 common frames omitted
Caused by: com.mysql.cj.exceptions.CJCommunicationsException: Communications link failure

The last packet successfully received from the server was 1,850,950 milliseconds ago.  The last packet sent successfully to the server was 44,863 milliseconds ago.
	at sun.reflect.GeneratedConstructorAccessor106.newInstance(Unknown Source)
	at sun.reflect.DelegatingConstructorAccessorImpl.newInstance(DelegatingConstructorAccessorImpl.java:45)
	at java.lang.reflect.Constructor.newInstance(Constructor.java:423)
	at com.mysql.cj.exceptions.ExceptionFactory.createException(ExceptionFactory.java:59)
	at com.mysql.cj.exceptions.ExceptionFactory.createException(ExceptionFactory.java:103)
	at com.mysql.cj.exceptions.ExceptionFactory.createException(ExceptionFactory.java:149)
	at com.mysql.cj.exceptions.ExceptionFactory.createCommunicationsException(ExceptionFactory.java:165)
	at com.mysql.cj.protocol.a.NativeProtocol.readMessage(NativeProtocol.java:563)
	at com.mysql.cj.protocol.a.NativeProtocol.checkErrorMessage(NativeProtocol.java:735)
	at com.mysql.cj.protocol.a.NativeProtocol.sendCommand(NativeProtocol.java:674)
	at com.mysql.cj.protocol.a.NativeProtocol.sendQueryPacket(NativeProtocol.java:966)
	at com.mysql.cj.protocol.a.NativeProtocol.sendQueryString(NativeProtocol.java:912)
	at com.mysql.cj.NativeSession.execSQL(NativeSession.java:1162)
	at com.mysql.cj.jdbc.StatementImpl.executeQuery(StatementImpl.java:1215)
	... 14 common frames omitted
Caused by: java.net.SocketException: Operation timed out (Read failed)
	at java.net.SocketInputStream.socketRead0(Native Method)
	at java.net.SocketInputStream.socketRead(SocketInputStream.java:116)
	at java.net.SocketInputStream.read(SocketInputStream.java:171)
	at java.net.SocketInputStream.read(SocketInputStream.java:141)
	at com.mysql.cj.protocol.ReadAheadInputStream.fill(ReadAheadInputStream.java:107)
	at com.mysql.cj.protocol.ReadAheadInputStream.readFromUnderlyingStreamIfNecessary(ReadAheadInputStream.java:150)
	at com.mysql.cj.protocol.ReadAheadInputStream.read(ReadAheadInputStream.java:180)
	at java.io.FilterInputStream.read(FilterInputStream.java:133)
	at com.mysql.cj.protocol.FullReadInputStream.readFully(FullReadInputStream.java:64)
	at com.mysql.cj.protocol.a.SimplePacketReader.readHeader(SimplePacketReader.java:63)
	at com.mysql.cj.protocol.a.SimplePacketReader.readHeader(SimplePacketReader.java:45)
	at com.mysql.cj.protocol.a.TimeTrackingPacketReader.readHeader(TimeTrackingPacketReader.java:52)
	at com.mysql.cj.protocol.a.TimeTrackingPacketReader.readHeader(TimeTrackingPacketReader.java:41)
	at com.mysql.cj.protocol.a.MultiPacketReader.readHeader(MultiPacketReader.java:54)
	at com.mysql.cj.protocol.a.MultiPacketReader.readHeader(MultiPacketReader.java:44)
	at com.mysql.cj.protocol.a.NativeProtocol.readMessage(NativeProtocol.java:557)
	... 20 common frames omitted

2020-11-08 10:36:23.882  INFO 6199 --- [Atomikos:2] c.a.d.xa.XATransactionalResource         : master: refreshed XAResource
2020-11-08 13:44:46.342  WARN 6199 --- [Atomikos:2] c.a.r.xa.XaResourceRecoveryManager       : Error while retrieving xids from resource - will retry later...

com.mysql.cj.jdbc.MysqlXAException: Undetermined error occurred in the underlying Connection - check your data for consistency
	at com.mysql.cj.jdbc.MysqlXAConnection.mapXAExceptionFromSQLException(MysqlXAConnection.java:336)
	at com.mysql.cj.jdbc.MysqlXAConnection.recover(MysqlXAConnection.java:184)
	at com.mysql.cj.jdbc.MysqlXAConnection.recover(MysqlXAConnection.java:112)
	at com.atomikos.datasource.xa.RecoveryScan.recoverXids(RecoveryScan.java:32)
	at com.atomikos.recovery.xa.XaResourceRecoveryManager.retrievePreparedXidsFromXaResource(XaResourceRecoveryManager.java:158)
	at com.atomikos.recovery.xa.XaResourceRecoveryManager.recover(XaResourceRecoveryManager.java:67)
	at com.atomikos.datasource.xa.XATransactionalResource.recover(XATransactionalResource.java:449)
	at com.atomikos.icatch.imp.TransactionServiceImp.performRecovery(TransactionServiceImp.java:490)
	at com.atomikos.icatch.imp.TransactionServiceImp.access$000(TransactionServiceImp.java:56)
	at com.atomikos.icatch.imp.TransactionServiceImp$1.alarm(TransactionServiceImp.java:471)
	at com.atomikos.timing.PooledAlarmTimer.notifyListeners(PooledAlarmTimer.java:95)
	at com.atomikos.timing.PooledAlarmTimer.run(PooledAlarmTimer.java:82)
	at java.util.concurrent.ThreadPoolExecutor.runWorker(ThreadPoolExecutor.java:1149)
	at java.util.concurrent.ThreadPoolExecutor$Worker.run(ThreadPoolExecutor.java:624)
	at java.lang.Thread.run(Thread.java:748)
Caused by: com.mysql.cj.jdbc.exceptions.CommunicationsException: Communications link failure

The last packet successfully received from the server was 7,240,757 milliseconds ago.  The last packet sent successfully to the server was 32,034 milliseconds ago.
	at com.mysql.cj.jdbc.exceptions.SQLError.createCommunicationsException(SQLError.java:172)
	at com.mysql.cj.jdbc.exceptions.SQLExceptionsMapping.translateException(SQLExceptionsMapping.java:64)
	at com.mysql.cj.jdbc.StatementImpl.executeQuery(StatementImpl.java:1247)
	at com.mysql.cj.jdbc.MysqlXAConnection.recover(MysqlXAConnection.java:163)
	... 13 common frames omitted
Caused by: com.mysql.cj.exceptions.CJCommunicationsException: Communications link failure

The last packet successfully received from the server was 7,240,757 milliseconds ago.  The last packet sent successfully to the server was 32,034 milliseconds ago.
	at sun.reflect.GeneratedConstructorAccessor106.newInstance(Unknown Source)
	at sun.reflect.DelegatingConstructorAccessorImpl.newInstance(DelegatingConstructorAccessorImpl.java:45)
	at java.lang.reflect.Constructor.newInstance(Constructor.java:423)
	at com.mysql.cj.exceptions.ExceptionFactory.createException(ExceptionFactory.java:59)
	at com.mysql.cj.exceptions.ExceptionFactory.createException(ExceptionFactory.java:103)
	at com.mysql.cj.exceptions.ExceptionFactory.createException(ExceptionFactory.java:149)
	at com.mysql.cj.exceptions.ExceptionFactory.createCommunicationsException(ExceptionFactory.java:165)
	at com.mysql.cj.protocol.a.NativeProtocol.readMessage(NativeProtocol.java:563)
	at com.mysql.cj.protocol.a.NativeProtocol.checkErrorMessage(NativeProtocol.java:735)
	at com.mysql.cj.protocol.a.NativeProtocol.sendCommand(NativeProtocol.java:674)
	at com.mysql.cj.protocol.a.NativeProtocol.sendQueryPacket(NativeProtocol.java:966)
	at com.mysql.cj.protocol.a.NativeProtocol.sendQueryString(NativeProtocol.java:912)
	at com.mysql.cj.NativeSession.execSQL(NativeSession.java:1162)
	at com.mysql.cj.jdbc.StatementImpl.executeQuery(StatementImpl.java:1215)
	... 14 common frames omitted
Caused by: java.net.SocketException: Operation timed out (Read failed)
	at java.net.SocketInputStream.socketRead0(Native Method)
	at java.net.SocketInputStream.socketRead(SocketInputStream.java:116)
	at java.net.SocketInputStream.read(SocketInputStream.java:171)
	at java.net.SocketInputStream.read(SocketInputStream.java:141)
	at com.mysql.cj.protocol.ReadAheadInputStream.fill(ReadAheadInputStream.java:107)
	at com.mysql.cj.protocol.ReadAheadInputStream.readFromUnderlyingStreamIfNecessary(ReadAheadInputStream.java:150)
	at com.mysql.cj.protocol.ReadAheadInputStream.read(ReadAheadInputStream.java:180)
	at java.io.FilterInputStream.read(FilterInputStream.java:133)
	at com.mysql.cj.protocol.FullReadInputStream.readFully(FullReadInputStream.java:64)
	at com.mysql.cj.protocol.a.SimplePacketReader.readHeader(SimplePacketReader.java:63)
	at com.mysql.cj.protocol.a.SimplePacketReader.readHeader(SimplePacketReader.java:45)
	at com.mysql.cj.protocol.a.TimeTrackingPacketReader.readHeader(TimeTrackingPacketReader.java:52)
	at com.mysql.cj.protocol.a.TimeTrackingPacketReader.readHeader(TimeTrackingPacketReader.java:41)
	at com.mysql.cj.protocol.a.MultiPacketReader.readHeader(MultiPacketReader.java:54)
	at com.mysql.cj.protocol.a.MultiPacketReader.readHeader(MultiPacketReader.java:44)
	at com.mysql.cj.protocol.a.NativeProtocol.readMessage(NativeProtocol.java:557)
	... 20 common frames omitted

2020-11-08 13:44:46.816  INFO 6199 --- [Atomikos:2] c.a.d.xa.XATransactionalResource         : master: refreshed XAResource
2020-11-08 15:29:45.957  WARN 6199 --- [Atomikos:2] c.a.r.xa.XaResourceRecoveryManager       : Error while retrieving xids from resource - will retry later...

com.mysql.cj.jdbc.MysqlXAException: Undetermined error occurred in the underlying Connection - check your data for consistency
	at com.mysql.cj.jdbc.MysqlXAConnection.mapXAExceptionFromSQLException(MysqlXAConnection.java:336)
	at com.mysql.cj.jdbc.MysqlXAConnection.recover(MysqlXAConnection.java:184)
	at com.mysql.cj.jdbc.MysqlXAConnection.recover(MysqlXAConnection.java:112)
	at com.atomikos.datasource.xa.RecoveryScan.recoverXids(RecoveryScan.java:32)
	at com.atomikos.recovery.xa.XaResourceRecoveryManager.retrievePreparedXidsFromXaResource(XaResourceRecoveryManager.java:158)
	at com.atomikos.recovery.xa.XaResourceRecoveryManager.recover(XaResourceRecoveryManager.java:67)
	at com.atomikos.datasource.xa.XATransactionalResource.recover(XATransactionalResource.java:449)
	at com.atomikos.icatch.imp.TransactionServiceImp.performRecovery(TransactionServiceImp.java:490)
	at com.atomikos.icatch.imp.TransactionServiceImp.access$000(TransactionServiceImp.java:56)
	at com.atomikos.icatch.imp.TransactionServiceImp$1.alarm(TransactionServiceImp.java:471)
	at com.atomikos.timing.PooledAlarmTimer.notifyListeners(PooledAlarmTimer.java:95)
	at com.atomikos.timing.PooledAlarmTimer.run(PooledAlarmTimer.java:82)
	at java.util.concurrent.ThreadPoolExecutor.runWorker(ThreadPoolExecutor.java:1149)
	at java.util.concurrent.ThreadPoolExecutor$Worker.run(ThreadPoolExecutor.java:624)
	at java.lang.Thread.run(Thread.java:748)
Caused by: com.mysql.cj.jdbc.exceptions.CommunicationsException: Communications link failure

The last packet successfully received from the server was 6,289,090 milliseconds ago.  The last packet sent successfully to the server was 25,447 milliseconds ago.
	at com.mysql.cj.jdbc.exceptions.SQLError.createCommunicationsException(SQLError.java:172)
	at com.mysql.cj.jdbc.exceptions.SQLExceptionsMapping.translateException(SQLExceptionsMapping.java:64)
	at com.mysql.cj.jdbc.StatementImpl.executeQuery(StatementImpl.java:1247)
	at com.mysql.cj.jdbc.MysqlXAConnection.recover(MysqlXAConnection.java:163)
	... 13 common frames omitted
Caused by: com.mysql.cj.exceptions.CJCommunicationsException: Communications link failure

The last packet successfully received from the server was 6,289,090 milliseconds ago.  The last packet sent successfully to the server was 25,447 milliseconds ago.
	at sun.reflect.GeneratedConstructorAccessor106.newInstance(Unknown Source)
	at sun.reflect.DelegatingConstructorAccessorImpl.newInstance(DelegatingConstructorAccessorImpl.java:45)
	at java.lang.reflect.Constructor.newInstance(Constructor.java:423)
	at com.mysql.cj.exceptions.ExceptionFactory.createException(ExceptionFactory.java:59)
	at com.mysql.cj.exceptions.ExceptionFactory.createException(ExceptionFactory.java:103)
	at com.mysql.cj.exceptions.ExceptionFactory.createException(ExceptionFactory.java:149)
	at com.mysql.cj.exceptions.ExceptionFactory.createCommunicationsException(ExceptionFactory.java:165)
	at com.mysql.cj.protocol.a.NativeProtocol.readMessage(NativeProtocol.java:563)
	at com.mysql.cj.protocol.a.NativeProtocol.checkErrorMessage(NativeProtocol.java:735)
	at com.mysql.cj.protocol.a.NativeProtocol.sendCommand(NativeProtocol.java:674)
	at com.mysql.cj.protocol.a.NativeProtocol.sendQueryPacket(NativeProtocol.java:966)
	at com.mysql.cj.protocol.a.NativeProtocol.sendQueryString(NativeProtocol.java:912)
	at com.mysql.cj.NativeSession.execSQL(NativeSession.java:1162)
	at com.mysql.cj.jdbc.StatementImpl.executeQuery(StatementImpl.java:1215)
	... 14 common frames omitted
Caused by: java.net.SocketException: Operation timed out (Read failed)
	at java.net.SocketInputStream.socketRead0(Native Method)
	at java.net.SocketInputStream.socketRead(SocketInputStream.java:116)
	at java.net.SocketInputStream.read(SocketInputStream.java:171)
	at java.net.SocketInputStream.read(SocketInputStream.java:141)
	at com.mysql.cj.protocol.ReadAheadInputStream.fill(ReadAheadInputStream.java:107)
	at com.mysql.cj.protocol.ReadAheadInputStream.readFromUnderlyingStreamIfNecessary(ReadAheadInputStream.java:150)
	at com.mysql.cj.protocol.ReadAheadInputStream.read(ReadAheadInputStream.java:180)
	at java.io.FilterInputStream.read(FilterInputStream.java:133)
	at com.mysql.cj.protocol.FullReadInputStream.readFully(FullReadInputStream.java:64)
	at com.mysql.cj.protocol.a.SimplePacketReader.readHeader(SimplePacketReader.java:63)
	at com.mysql.cj.protocol.a.SimplePacketReader.readHeader(SimplePacketReader.java:45)
	at com.mysql.cj.protocol.a.TimeTrackingPacketReader.readHeader(TimeTrackingPacketReader.java:52)
	at com.mysql.cj.protocol.a.TimeTrackingPacketReader.readHeader(TimeTrackingPacketReader.java:41)
	at com.mysql.cj.protocol.a.MultiPacketReader.readHeader(MultiPacketReader.java:54)
	at com.mysql.cj.protocol.a.MultiPacketReader.readHeader(MultiPacketReader.java:44)
	at com.mysql.cj.protocol.a.NativeProtocol.readMessage(NativeProtocol.java:557)
	... 20 common frames omitted

2020-11-08 15:29:46.367  INFO 6199 --- [Atomikos:2] c.a.d.xa.XATransactionalResource         : master: refreshed XAResource
2020-11-08 17:30:45.462  WARN 6199 --- [Atomikos:2] c.a.r.xa.XaResourceRecoveryManager       : Error while retrieving xids from resource - will retry later...

com.mysql.cj.jdbc.MysqlXAException: Undetermined error occurred in the underlying Connection - check your data for consistency
	at com.mysql.cj.jdbc.MysqlXAConnection.mapXAExceptionFromSQLException(MysqlXAConnection.java:336)
	at com.mysql.cj.jdbc.MysqlXAConnection.recover(MysqlXAConnection.java:184)
	at com.mysql.cj.jdbc.MysqlXAConnection.recover(MysqlXAConnection.java:112)
	at com.atomikos.datasource.xa.RecoveryScan.recoverXids(RecoveryScan.java:32)
	at com.atomikos.recovery.xa.XaResourceRecoveryManager.retrievePreparedXidsFromXaResource(XaResourceRecoveryManager.java:158)
	at com.atomikos.recovery.xa.XaResourceRecoveryManager.recover(XaResourceRecoveryManager.java:67)
	at com.atomikos.datasource.xa.XATransactionalResource.recover(XATransactionalResource.java:449)
	at com.atomikos.icatch.imp.TransactionServiceImp.performRecovery(TransactionServiceImp.java:490)
	at com.atomikos.icatch.imp.TransactionServiceImp.access$000(TransactionServiceImp.java:56)
	at com.atomikos.icatch.imp.TransactionServiceImp$1.alarm(TransactionServiceImp.java:471)
	at com.atomikos.timing.PooledAlarmTimer.notifyListeners(PooledAlarmTimer.java:95)
	at com.atomikos.timing.PooledAlarmTimer.run(PooledAlarmTimer.java:82)
	at java.util.concurrent.ThreadPoolExecutor.runWorker(ThreadPoolExecutor.java:1149)
	at java.util.concurrent.ThreadPoolExecutor$Worker.run(ThreadPoolExecutor.java:624)
	at java.lang.Thread.run(Thread.java:748)
Caused by: com.mysql.cj.jdbc.exceptions.CommunicationsException: Communications link failure

The last packet successfully received from the server was 7,238,994 milliseconds ago.  The last packet sent successfully to the server was 31,604 milliseconds ago.
	at com.mysql.cj.jdbc.exceptions.SQLError.createCommunicationsException(SQLError.java:172)
	at com.mysql.cj.jdbc.exceptions.SQLExceptionsMapping.translateException(SQLExceptionsMapping.java:64)
	at com.mysql.cj.jdbc.StatementImpl.executeQuery(StatementImpl.java:1247)
	at com.mysql.cj.jdbc.MysqlXAConnection.recover(MysqlXAConnection.java:163)
	... 13 common frames omitted
Caused by: com.mysql.cj.exceptions.CJCommunicationsException: Communications link failure

The last packet successfully received from the server was 7,238,994 milliseconds ago.  The last packet sent successfully to the server was 31,604 milliseconds ago.
	at sun.reflect.GeneratedConstructorAccessor106.newInstance(Unknown Source)
	at sun.reflect.DelegatingConstructorAccessorImpl.newInstance(DelegatingConstructorAccessorImpl.java:45)
	at java.lang.reflect.Constructor.newInstance(Constructor.java:423)
	at com.mysql.cj.exceptions.ExceptionFactory.createException(ExceptionFactory.java:59)
	at com.mysql.cj.exceptions.ExceptionFactory.createException(ExceptionFactory.java:103)
	at com.mysql.cj.exceptions.ExceptionFactory.createException(ExceptionFactory.java:149)
	at com.mysql.cj.exceptions.ExceptionFactory.createCommunicationsException(ExceptionFactory.java:165)
	at com.mysql.cj.protocol.a.NativeProtocol.readMessage(NativeProtocol.java:563)
	at com.mysql.cj.protocol.a.NativeProtocol.checkErrorMessage(NativeProtocol.java:735)
	at com.mysql.cj.protocol.a.NativeProtocol.sendCommand(NativeProtocol.java:674)
	at com.mysql.cj.protocol.a.NativeProtocol.sendQueryPacket(NativeProtocol.java:966)
	at com.mysql.cj.protocol.a.NativeProtocol.sendQueryString(NativeProtocol.java:912)
	at com.mysql.cj.NativeSession.execSQL(NativeSession.java:1162)
	at com.mysql.cj.jdbc.StatementImpl.executeQuery(StatementImpl.java:1215)
	... 14 common frames omitted
Caused by: java.net.SocketException: Operation timed out (Read failed)
	at java.net.SocketInputStream.socketRead0(Native Method)
	at java.net.SocketInputStream.socketRead(SocketInputStream.java:116)
	at java.net.SocketInputStream.read(SocketInputStream.java:171)
	at java.net.SocketInputStream.read(SocketInputStream.java:141)
	at com.mysql.cj.protocol.ReadAheadInputStream.fill(ReadAheadInputStream.java:107)
	at com.mysql.cj.protocol.ReadAheadInputStream.readFromUnderlyingStreamIfNecessary(ReadAheadInputStream.java:150)
	at com.mysql.cj.protocol.ReadAheadInputStream.read(ReadAheadInputStream.java:180)
	at java.io.FilterInputStream.read(FilterInputStream.java:133)
	at com.mysql.cj.protocol.FullReadInputStream.readFully(FullReadInputStream.java:64)
	at com.mysql.cj.protocol.a.SimplePacketReader.readHeader(SimplePacketReader.java:63)
	at com.mysql.cj.protocol.a.SimplePacketReader.readHeader(SimplePacketReader.java:45)
	at com.mysql.cj.protocol.a.TimeTrackingPacketReader.readHeader(TimeTrackingPacketReader.java:52)
	at com.mysql.cj.protocol.a.TimeTrackingPacketReader.readHeader(TimeTrackingPacketReader.java:41)
	at com.mysql.cj.protocol.a.MultiPacketReader.readHeader(MultiPacketReader.java:54)
	at com.mysql.cj.protocol.a.MultiPacketReader.readHeader(MultiPacketReader.java:44)
	at com.mysql.cj.protocol.a.NativeProtocol.readMessage(NativeProtocol.java:557)
	... 20 common frames omitted

2020-11-08 17:30:46.255  INFO 6199 --- [Atomikos:2] c.a.d.xa.XATransactionalResource         : master: refreshed XAResource
2020-11-08 21:01:46.106  WARN 6199 --- [Atomikos:2] c.a.r.xa.XaResourceRecoveryManager       : Error while retrieving xids from resource - will retry later...

com.mysql.cj.jdbc.MysqlXAException: Undetermined error occurred in the underlying Connection - check your data for consistency
	at com.mysql.cj.jdbc.MysqlXAConnection.mapXAExceptionFromSQLException(MysqlXAConnection.java:336)
	at com.mysql.cj.jdbc.MysqlXAConnection.recover(MysqlXAConnection.java:184)
	at com.mysql.cj.jdbc.MysqlXAConnection.recover(MysqlXAConnection.java:112)
	at com.atomikos.datasource.xa.RecoveryScan.recoverXids(RecoveryScan.java:32)
	at com.atomikos.recovery.xa.XaResourceRecoveryManager.retrievePreparedXidsFromXaResource(XaResourceRecoveryManager.java:158)
	at com.atomikos.recovery.xa.XaResourceRecoveryManager.recover(XaResourceRecoveryManager.java:67)
	at com.atomikos.datasource.xa.XATransactionalResource.recover(XATransactionalResource.java:449)
	at com.atomikos.icatch.imp.TransactionServiceImp.performRecovery(TransactionServiceImp.java:490)
	at com.atomikos.icatch.imp.TransactionServiceImp.access$000(TransactionServiceImp.java:56)
	at com.atomikos.icatch.imp.TransactionServiceImp$1.alarm(TransactionServiceImp.java:471)
	at com.atomikos.timing.PooledAlarmTimer.notifyListeners(PooledAlarmTimer.java:95)
	at com.atomikos.timing.PooledAlarmTimer.run(PooledAlarmTimer.java:82)
	at java.util.concurrent.ThreadPoolExecutor.runWorker(ThreadPoolExecutor.java:1149)
	at java.util.concurrent.ThreadPoolExecutor$Worker.run(ThreadPoolExecutor.java:624)
	at java.lang.Thread.run(Thread.java:748)
Caused by: com.mysql.cj.jdbc.exceptions.CommunicationsException: Communications link failure

The last packet successfully received from the server was 12,649,810 milliseconds ago.  The last packet sent successfully to the server was 5,442,778 milliseconds ago.
	at com.mysql.cj.jdbc.exceptions.SQLError.createCommunicationsException(SQLError.java:172)
	at com.mysql.cj.jdbc.exceptions.SQLExceptionsMapping.translateException(SQLExceptionsMapping.java:64)
	at com.mysql.cj.jdbc.StatementImpl.executeQuery(StatementImpl.java:1247)
	at com.mysql.cj.jdbc.MysqlXAConnection.recover(MysqlXAConnection.java:163)
	... 13 common frames omitted
Caused by: com.mysql.cj.exceptions.CJCommunicationsException: Communications link failure

The last packet successfully received from the server was 12,649,810 milliseconds ago.  The last packet sent successfully to the server was 5,442,778 milliseconds ago.
	at sun.reflect.GeneratedConstructorAccessor106.newInstance(Unknown Source)
	at sun.reflect.DelegatingConstructorAccessorImpl.newInstance(DelegatingConstructorAccessorImpl.java:45)
	at java.lang.reflect.Constructor.newInstance(Constructor.java:423)
	at com.mysql.cj.exceptions.ExceptionFactory.createException(ExceptionFactory.java:59)
	at com.mysql.cj.exceptions.ExceptionFactory.createException(ExceptionFactory.java:103)
	at com.mysql.cj.exceptions.ExceptionFactory.createException(ExceptionFactory.java:149)
	at com.mysql.cj.exceptions.ExceptionFactory.createCommunicationsException(ExceptionFactory.java:165)
	at com.mysql.cj.protocol.a.NativeProtocol.readMessage(NativeProtocol.java:563)
	at com.mysql.cj.protocol.a.NativeProtocol.checkErrorMessage(NativeProtocol.java:735)
	at com.mysql.cj.protocol.a.NativeProtocol.sendCommand(NativeProtocol.java:674)
	at com.mysql.cj.protocol.a.NativeProtocol.sendQueryPacket(NativeProtocol.java:966)
	at com.mysql.cj.protocol.a.NativeProtocol.sendQueryString(NativeProtocol.java:912)
	at com.mysql.cj.NativeSession.execSQL(NativeSession.java:1162)
	at com.mysql.cj.jdbc.StatementImpl.executeQuery(StatementImpl.java:1215)
	... 14 common frames omitted
Caused by: java.net.SocketException: Operation timed out (Read failed)
	at java.net.SocketInputStream.socketRead0(Native Method)
	at java.net.SocketInputStream.socketRead(SocketInputStream.java:116)
	at java.net.SocketInputStream.read(SocketInputStream.java:171)
	at java.net.SocketInputStream.read(SocketInputStream.java:141)
	at com.mysql.cj.protocol.ReadAheadInputStream.fill(ReadAheadInputStream.java:107)
	at com.mysql.cj.protocol.ReadAheadInputStream.readFromUnderlyingStreamIfNecessary(ReadAheadInputStream.java:150)
	at com.mysql.cj.protocol.ReadAheadInputStream.read(ReadAheadInputStream.java:180)
	at java.io.FilterInputStream.read(FilterInputStream.java:133)
	at com.mysql.cj.protocol.FullReadInputStream.readFully(FullReadInputStream.java:64)
	at com.mysql.cj.protocol.a.SimplePacketReader.readHeader(SimplePacketReader.java:63)
	at com.mysql.cj.protocol.a.SimplePacketReader.readHeader(SimplePacketReader.java:45)
	at com.mysql.cj.protocol.a.TimeTrackingPacketReader.readHeader(TimeTrackingPacketReader.java:52)
	at com.mysql.cj.protocol.a.TimeTrackingPacketReader.readHeader(TimeTrackingPacketReader.java:41)
	at com.mysql.cj.protocol.a.MultiPacketReader.readHeader(MultiPacketReader.java:54)
	at com.mysql.cj.protocol.a.MultiPacketReader.readHeader(MultiPacketReader.java:44)
	at com.mysql.cj.protocol.a.NativeProtocol.readMessage(NativeProtocol.java:557)
	... 20 common frames omitted

2020-11-08 21:01:47.233  INFO 6199 --- [Atomikos:2] c.a.d.xa.XATransactionalResource         : master: refreshed XAResource
