2020-11-05 00:35:35.409  WARN 6199 --- [Atomikos:2] c.a.r.xa.XaResourceRecoveryManager       : Error while retrieving xids from resource - will retry later...

com.mysql.cj.jdbc.MysqlXAException: Undetermined error occurred in the underlying Connection - check your data for consistency
	at com.mysql.cj.jdbc.MysqlXAConnection.mapXAExceptionFromSQLException(MysqlXAConnection.java:336)
	at com.mysql.cj.jdbc.MysqlXAConnection.recover(MysqlXAConnection.java:184)
	at com.mysql.cj.jdbc.MysqlXAConnection.recover(MysqlXAConnection.java:112)
	at com.atomikos.datasource.xa.RecoveryScan.recoverXids(RecoveryScan.java:32)
	at com.atomikos.recovery.xa.XaResourceRecoveryManager.retrievePreparedXidsFromXaResource(XaResourceRecoveryManager.java:158)
	at com.atomikos.recovery.xa.XaResourceRecoveryManager.recover(XaResourceRecoveryManager.java:67)
	at com.atomikos.datasource.xa.XATransactionalResource.recover(XATransactionalResource.java:449)
	at com.atomikos.icatch.imp.TransactionServiceImp.performRecovery(TransactionServiceImp.java:490)
	at com.atomikos.icatch.imp.TransactionServiceImp.access$000(TransactionServiceImp.java:56)
	at com.atomikos.icatch.imp.TransactionServiceImp$1.alarm(TransactionServiceImp.java:471)
	at com.atomikos.timing.PooledAlarmTimer.notifyListeners(PooledAlarmTimer.java:95)
	at com.atomikos.timing.PooledAlarmTimer.run(PooledAlarmTimer.java:82)
	at java.util.concurrent.ThreadPoolExecutor.runWorker(ThreadPoolExecutor.java:1149)
	at java.util.concurrent.ThreadPoolExecutor$Worker.run(ThreadPoolExecutor.java:624)
	at java.lang.Thread.run(Thread.java:748)
Caused by: com.mysql.cj.jdbc.exceptions.CommunicationsException: Communications link failure

The last packet successfully received from the server was 5,169,560 milliseconds ago.  The last packet sent successfully to the server was 19,712 milliseconds ago.
	at com.mysql.cj.jdbc.exceptions.SQLError.createCommunicationsException(SQLError.java:172)
	at com.mysql.cj.jdbc.exceptions.SQLExceptionsMapping.translateException(SQLExceptionsMapping.java:64)
	at com.mysql.cj.jdbc.StatementImpl.executeQuery(StatementImpl.java:1247)
	at com.mysql.cj.jdbc.MysqlXAConnection.recover(MysqlXAConnection.java:163)
	... 13 common frames omitted
Caused by: com.mysql.cj.exceptions.CJCommunicationsException: Communications link failure

The last packet successfully received from the server was 5,169,560 milliseconds ago.  The last packet sent successfully to the server was 19,712 milliseconds ago.
	at sun.reflect.GeneratedConstructorAccessor103.newInstance(Unknown Source)
	at sun.reflect.DelegatingConstructorAccessorImpl.newInstance(DelegatingConstructorAccessorImpl.java:45)
	at java.lang.reflect.Constructor.newInstance(Constructor.java:423)
	at com.mysql.cj.exceptions.ExceptionFactory.createException(ExceptionFactory.java:59)
	at com.mysql.cj.exceptions.ExceptionFactory.createException(ExceptionFactory.java:103)
	at com.mysql.cj.exceptions.ExceptionFactory.createException(ExceptionFactory.java:149)
	at com.mysql.cj.exceptions.ExceptionFactory.createCommunicationsException(ExceptionFactory.java:165)
	at com.mysql.cj.protocol.a.NativeProtocol.readMessage(NativeProtocol.java:563)
	at com.mysql.cj.protocol.a.NativeProtocol.checkErrorMessage(NativeProtocol.java:735)
	at com.mysql.cj.protocol.a.NativeProtocol.sendCommand(NativeProtocol.java:674)
	at com.mysql.cj.protocol.a.NativeProtocol.sendQueryPacket(NativeProtocol.java:966)
	at com.mysql.cj.protocol.a.NativeProtocol.sendQueryString(NativeProtocol.java:912)
	at com.mysql.cj.NativeSession.execSQL(NativeSession.java:1162)
	at com.mysql.cj.jdbc.StatementImpl.executeQuery(StatementImpl.java:1215)
	... 14 common frames omitted
Caused by: java.net.SocketException: Operation timed out (Read failed)
	at java.net.SocketInputStream.socketRead0(Native Method)
	at java.net.SocketInputStream.socketRead(SocketInputStream.java:116)
	at java.net.SocketInputStream.read(SocketInputStream.java:171)
	at java.net.SocketInputStream.read(SocketInputStream.java:141)
	at com.mysql.cj.protocol.ReadAheadInputStream.fill(ReadAheadInputStream.java:107)
	at com.mysql.cj.protocol.ReadAheadInputStream.readFromUnderlyingStreamIfNecessary(ReadAheadInputStream.java:150)
	at com.mysql.cj.protocol.ReadAheadInputStream.read(ReadAheadInputStream.java:180)
	at java.io.FilterInputStream.read(FilterInputStream.java:133)
	at com.mysql.cj.protocol.FullReadInputStream.readFully(FullReadInputStream.java:64)
	at com.mysql.cj.protocol.a.SimplePacketReader.readHeader(SimplePacketReader.java:63)
	at com.mysql.cj.protocol.a.SimplePacketReader.readHeader(SimplePacketReader.java:45)
	at com.mysql.cj.protocol.a.TimeTrackingPacketReader.readHeader(TimeTrackingPacketReader.java:52)
	at com.mysql.cj.protocol.a.TimeTrackingPacketReader.readHeader(TimeTrackingPacketReader.java:41)
	at com.mysql.cj.protocol.a.MultiPacketReader.readHeader(MultiPacketReader.java:54)
	at com.mysql.cj.protocol.a.MultiPacketReader.readHeader(MultiPacketReader.java:44)
	at com.mysql.cj.protocol.a.NativeProtocol.readMessage(NativeProtocol.java:557)
	... 20 common frames omitted

2020-11-05 00:35:35.869  INFO 6199 --- [Atomikos:2] c.a.d.xa.XATransactionalResource         : master: refreshed XAResource
