2020-11-25 15:22:34.577  INFO 52147 --- [main] cn.stylefeng.guns.GunsApplication        : Starting GunsApplication on percydeMacBook-Pro.local with PID 52147 (/Users/percylu/miao_project/guns-vip-main/target/classes started by percylu in /Users/percylu/miao_project)
2020-11-25 15:22:34.583  INFO 52147 --- [main] cn.stylefeng.guns.GunsApplication        : The following profiles are active: dev
2020-11-25 15:22:38.900  INFO 52147 --- [main] .s.d.r.c.RepositoryConfigurationDelegate : Multiple Spring Data modules found, entering strict repository configuration mode!
2020-11-25 15:22:38.906  INFO 52147 --- [main] .s.d.r.c.RepositoryConfigurationDelegate : Bootstrapping Spring Data repositories in DEFAULT mode.
2020-11-25 15:22:39.190  INFO 52147 --- [main] .s.d.r.c.RepositoryConfigurationDelegate : Finished Spring Data repository scanning in 255ms. Found 0 repository interfaces.
2020-11-25 15:22:40.739  INFO 52147 --- [main] trationDelegate$BeanPostProcessorChecker : Bean 'webConfig' of type [cn.stylefeng.guns.config.web.WebConfig$$EnhancerBySpringCGLIB$$492e8a2] is not eligible for getting processed by all BeanPostProcessors (for example: not eligible for auto-proxying)
2020-11-25 15:22:40.918  INFO 52147 --- [main] trationDelegate$BeanPostProcessorChecker : Bean 'druidStatPointcut' of type [org.springframework.aop.support.JdkRegexpMethodPointcut] is not eligible for getting processed by all BeanPostProcessors (for example: not eligible for auto-proxying)
2020-11-25 15:22:40.942  INFO 52147 --- [main] trationDelegate$BeanPostProcessorChecker : Bean 'druidStatInterceptor' of type [com.alibaba.druid.support.spring.stat.DruidStatInterceptor] is not eligible for getting processed by all BeanPostProcessors (for example: not eligible for auto-proxying)
2020-11-25 15:22:40.944  INFO 52147 --- [main] trationDelegate$BeanPostProcessorChecker : Bean 'druidStatAdvisor' of type [org.springframework.aop.support.DefaultPointcutAdvisor] is not eligible for getting processed by all BeanPostProcessors (for example: not eligible for auto-proxying)
2020-11-25 15:22:41.652  INFO 52147 --- [main] trationDelegate$BeanPostProcessorChecker : Bean 'org.springframework.transaction.annotation.ProxyTransactionManagementConfiguration' of type [org.springframework.transaction.annotation.ProxyTransactionManagementConfiguration$$EnhancerBySpringCGLIB$$99f545fa] is not eligible for getting processed by all BeanPostProcessors (for example: not eligible for auto-proxying)
2020-11-25 15:22:42.309  INFO 52147 --- [main] trationDelegate$BeanPostProcessorChecker : Bean 'org.springframework.security.config.annotation.configuration.ObjectPostProcessorConfiguration' of type [org.springframework.security.config.annotation.configuration.ObjectPostProcessorConfiguration$$EnhancerBySpringCGLIB$$32a30e34] is not eligible for getting processed by all BeanPostProcessors (for example: not eligible for auto-proxying)
2020-11-25 15:22:42.332  INFO 52147 --- [main] trationDelegate$BeanPostProcessorChecker : Bean 'objectPostProcessor' of type [org.springframework.security.config.annotation.configuration.AutowireBeanFactoryObjectPostProcessor] is not eligible for getting processed by all BeanPostProcessors (for example: not eligible for auto-proxying)
2020-11-25 15:22:42.349  INFO 52147 --- [main] trationDelegate$BeanPostProcessorChecker : Bean 'org.springframework.security.access.expression.method.DefaultMethodSecurityExpressionHandler@902fdbe' of type [org.springframework.security.access.expression.method.DefaultMethodSecurityExpressionHandler] is not eligible for getting processed by all BeanPostProcessors (for example: not eligible for auto-proxying)
2020-11-25 15:22:42.363  INFO 52147 --- [main] trationDelegate$BeanPostProcessorChecker : Bean 'org.springframework.security.config.annotation.method.configuration.GlobalMethodSecurityConfiguration' of type [org.springframework.security.config.annotation.method.configuration.GlobalMethodSecurityConfiguration$$EnhancerBySpringCGLIB$$5777b0e6] is not eligible for getting processed by all BeanPostProcessors (for example: not eligible for auto-proxying)
2020-11-25 15:22:42.397  INFO 52147 --- [main] trationDelegate$BeanPostProcessorChecker : Bean 'methodSecurityMetadataSource' of type [org.springframework.security.access.method.DelegatingMethodSecurityMetadataSource] is not eligible for getting processed by all BeanPostProcessors (for example: not eligible for auto-proxying)
2020-11-25 15:22:43.969  INFO 52147 --- [main] o.s.b.w.embedded.tomcat.TomcatWebServer  : Tomcat initialized with port(s): 8002 (http)
2020-11-25 15:22:44.069  INFO 52147 --- [main] o.apache.catalina.core.StandardService   : Starting service [Tomcat]
2020-11-25 15:22:44.069  INFO 52147 --- [main] org.apache.catalina.core.StandardEngine  : Starting Servlet engine: [Apache Tomcat/9.0.21]
2020-11-25 15:22:44.596  INFO 52147 --- [main] o.a.c.c.C.[Tomcat].[localhost].[/]       : Initializing Spring embedded WebApplicationContext
2020-11-25 15:22:44.597  INFO 52147 --- [main] o.s.web.context.ContextLoader            : Root WebApplicationContext: initialization completed in 9181 ms
2020-11-25 15:22:45.070  WARN 52147 --- [main] c.atomikos.jdbc.AbstractDataSourceBean   : AtomikosDataSoureBean 'master': poolSize equals default - this may cause performance problems!
2020-11-25 15:22:46.218  INFO 52147 --- [main] com.alibaba.druid.pool.DruidDataSource   : {dataSource-1} inited
2020-11-25 15:22:46.884  INFO 52147 --- [main] c.a.icatch.provider.imp.AssemblerImp     : Loaded jar:file:/Users/percylu/.m2/repository/com/atomikos/transactions/4.0.6/transactions-4.0.6.jar!/transactions-defaults.properties
2020-11-25 15:22:46.892  WARN 52147 --- [main] c.a.icatch.provider.imp.AssemblerImp     : Thanks for using Atomikos! Evaluate http://www.atomikos.com/Main/ExtremeTransactions for advanced features and professional support
or register at http://www.atomikos.com/Main/RegisterYourDownload to disable this message and receive FREE tips & advice
2020-11-25 15:22:46.900  INFO 52147 --- [main] c.a.icatch.provider.imp.AssemblerImp     : USING: com.atomikos.icatch.default_max_wait_time_on_shutdown = 9223372036854775807
2020-11-25 15:22:46.900  INFO 52147 --- [main] c.a.icatch.provider.imp.AssemblerImp     : USING: com.atomikos.icatch.allow_subtransactions = true
2020-11-25 15:22:46.900  INFO 52147 --- [main] c.a.icatch.provider.imp.AssemblerImp     : USING: com.atomikos.icatch.recovery_delay = 10000
2020-11-25 15:22:46.900  INFO 52147 --- [main] c.a.icatch.provider.imp.AssemblerImp     : USING: com.atomikos.icatch.automatic_resource_registration = true
2020-11-25 15:22:46.900  INFO 52147 --- [main] c.a.icatch.provider.imp.AssemblerImp     : USING: com.atomikos.icatch.oltp_max_retries = 5
2020-11-25 15:22:46.900  INFO 52147 --- [main] c.a.icatch.provider.imp.AssemblerImp     : USING: com.atomikos.icatch.client_demarcation = false
2020-11-25 15:22:46.901  INFO 52147 --- [main] c.a.icatch.provider.imp.AssemblerImp     : USING: com.atomikos.icatch.threaded_2pc = false
2020-11-25 15:22:46.901  INFO 52147 --- [main] c.a.icatch.provider.imp.AssemblerImp     : USING: com.atomikos.icatch.serial_jta_transactions = true
2020-11-25 15:22:46.901  INFO 52147 --- [main] c.a.icatch.provider.imp.AssemblerImp     : USING: com.atomikos.icatch.log_base_dir = /Users/percylu/miao_project/transaction-logs
2020-11-25 15:22:46.901  INFO 52147 --- [main] c.a.icatch.provider.imp.AssemblerImp     : USING: com.atomikos.icatch.rmi_export_class = none
2020-11-25 15:22:46.901  INFO 52147 --- [main] c.a.icatch.provider.imp.AssemblerImp     : USING: com.atomikos.icatch.max_actives = -1
2020-11-25 15:22:46.902  INFO 52147 --- [main] c.a.icatch.provider.imp.AssemblerImp     : USING: com.atomikos.icatch.checkpoint_interval = 500
2020-11-25 15:22:46.902  INFO 52147 --- [main] c.a.icatch.provider.imp.AssemblerImp     : USING: com.atomikos.icatch.enable_logging = true
2020-11-25 15:22:46.902  INFO 52147 --- [main] c.a.icatch.provider.imp.AssemblerImp     : USING: com.atomikos.icatch.log_base_name = tmlog
2020-11-25 15:22:46.902  INFO 52147 --- [main] c.a.icatch.provider.imp.AssemblerImp     : USING: com.atomikos.icatch.max_timeout = 300000
2020-11-25 15:22:46.902  INFO 52147 --- [main] c.a.icatch.provider.imp.AssemblerImp     : USING: com.atomikos.icatch.trust_client_tm = false
2020-11-25 15:22:46.909  INFO 52147 --- [main] c.a.icatch.provider.imp.AssemblerImp     : USING: java.naming.factory.initial = com.sun.jndi.rmi.registry.RegistryContextFactory
2020-11-25 15:22:46.910  INFO 52147 --- [main] c.a.icatch.provider.imp.AssemblerImp     : USING: com.atomikos.icatch.tm_unique_name = 127.0.0.1.tm
2020-11-25 15:22:46.910  INFO 52147 --- [main] c.a.icatch.provider.imp.AssemblerImp     : USING: com.atomikos.icatch.forget_orphaned_log_entries_delay = 86400000
2020-11-25 15:22:46.910  INFO 52147 --- [main] c.a.icatch.provider.imp.AssemblerImp     : USING: com.atomikos.icatch.oltp_retry_interval = 10000
2020-11-25 15:22:46.911  INFO 52147 --- [main] c.a.icatch.provider.imp.AssemblerImp     : USING: java.naming.provider.url = rmi://localhost:1099
2020-11-25 15:22:46.911  INFO 52147 --- [main] c.a.icatch.provider.imp.AssemblerImp     : USING: com.atomikos.icatch.force_shutdown_on_vm_exit = false
2020-11-25 15:22:46.911  INFO 52147 --- [main] c.a.icatch.provider.imp.AssemblerImp     : USING: com.atomikos.icatch.default_jta_timeout = 10000
2020-11-25 15:22:46.913  INFO 52147 --- [main] c.a.icatch.provider.imp.AssemblerImp     : Using default (local) logging and recovery...
2020-11-25 15:22:46.998  INFO 52147 --- [main] c.a.d.xa.XATransactionalResource         : master: refreshed XAResource
2020-11-25 15:22:53.625  INFO 52147 --- [main] c.s.guns.base.db.dao.DataBaseInfoDao     : 删除master的databaseInfo信息！删除1条！
2020-11-25 15:22:53.973  INFO 52147 --- [main] c.s.guns.base.db.dao.DataBaseInfoDao     : 初始化master的databaseInfo信息！初始化1条！
2020-11-25 15:22:55.790  INFO 52147 --- [main] o.s.s.concurrent.ThreadPoolTaskExecutor  : Initializing ExecutorService 'applicationTaskExecutor'
2020-11-25 15:23:18.607  INFO 52147 --- [main] aultActiviti5CompatibilityHandlerFactory : Activiti 5 compatibility handler implementation not found or error during instantiation : org.activiti.compatibility.DefaultActiviti5CompatibilityHandler. Activiti 5 backwards compatibility disabled.
2020-11-25 15:23:19.862  INFO 52147 --- [main] o.a.engine.impl.ProcessEngineImpl        : ProcessEngine default created
2020-11-25 15:23:24.423  INFO 52147 --- [main] o.s.s.web.DefaultSecurityFilterChain     : Creating filter chain: Ant [pattern='/login', POST], []
2020-11-25 15:23:24.427  INFO 52147 --- [main] o.s.s.web.DefaultSecurityFilterChain     : Creating filter chain: Ant [pattern='/user/thirdauth', POST], []
2020-11-25 15:23:24.428  INFO 52147 --- [main] o.s.s.web.DefaultSecurityFilterChain     : Creating filter chain: Ant [pattern='/user/getAuthCode', POST], []
2020-11-25 15:23:24.429  INFO 52147 --- [main] o.s.s.web.DefaultSecurityFilterChain     : Creating filter chain: Ant [pattern='/user/codeAuthVerify', POST], []
2020-11-25 15:23:24.430  INFO 52147 --- [main] o.s.s.web.DefaultSecurityFilterChain     : Creating filter chain: Ant [pattern='/user/login', POST], []
2020-11-25 15:23:24.431  INFO 52147 --- [main] o.s.s.web.DefaultSecurityFilterChain     : Creating filter chain: Ant [pattern='/user/add', POST], []
2020-11-25 15:23:24.432  INFO 52147 --- [main] o.s.s.web.DefaultSecurityFilterChain     : Creating filter chain: Ant [pattern='/user/verifyCode', POST], []
2020-11-25 15:23:24.434  INFO 52147 --- [main] o.s.s.web.DefaultSecurityFilterChain     : Creating filter chain: Ant [pattern='/user/codeVerify', POST], []
2020-11-25 15:23:24.436  INFO 52147 --- [main] o.s.s.web.DefaultSecurityFilterChain     : Creating filter chain: Ant [pattern='/commonSetting/queryDetail', POST], []
2020-11-25 15:23:24.437  INFO 52147 --- [main] o.s.s.web.DefaultSecurityFilterChain     : Creating filter chain: Ant [pattern='/user/getVerifyCode', POST], []
2020-11-25 15:23:24.438  INFO 52147 --- [main] o.s.s.web.DefaultSecurityFilterChain     : Creating filter chain: Ant [pattern='/user/resetPassword', POST], []
2020-11-25 15:23:24.439  INFO 52147 --- [main] o.s.s.web.DefaultSecurityFilterChain     : Creating filter chain: Ant [pattern='/assets/**', GET], []
2020-11-25 15:23:24.439  INFO 52147 --- [main] o.s.s.web.DefaultSecurityFilterChain     : Creating filter chain: Ant [pattern='/favicon.ico', GET], []
2020-11-25 15:23:24.439  INFO 52147 --- [main] o.s.s.web.DefaultSecurityFilterChain     : Creating filter chain: Ant [pattern='/activiti-editor/**', GET], []
2020-11-25 15:23:24.439  INFO 52147 --- [main] o.s.s.web.DefaultSecurityFilterChain     : Creating filter chain: Ant [pattern='/image/**', GET], []
2020-11-25 15:23:24.439  INFO 52147 --- [main] o.s.s.web.DefaultSecurityFilterChain     : Creating filter chain: Ant [pattern='/ueditor/**', GET], []
2020-11-25 15:23:24.996  INFO 52147 --- [main] pertySourcedRequestMappingHandlerMapping : Mapped URL path [/v2/api-docs] onto method [public org.springframework.http.ResponseEntity<springfox.documentation.spring.web.json.Json> springfox.documentation.swagger2.web.Swagger2Controller.getDocumentation(java.lang.String,javax.servlet.http.HttpServletRequest)]
2020-11-25 15:23:26.054  INFO 52147 --- [main] o.s.s.web.DefaultSecurityFilterChain     : Creating filter chain: any request, [org.springframework.security.web.context.request.async.WebAsyncManagerIntegrationFilter@35d53cd8, org.springframework.security.web.context.SecurityContextPersistenceFilter@519e67e, org.springframework.security.web.header.HeaderWriterFilter@3a5ffea, org.springframework.web.filter.CorsFilter@1bed61d2, cn.stylefeng.guns.sys.core.auth.filter.JwtAuthorizationTokenFilter@6bce313, org.springframework.security.web.savedrequest.RequestCacheAwareFilter@1d5958d3, org.springframework.security.web.servletapi.SecurityContextHolderAwareRequestFilter@66f223fa, org.springframework.security.web.authentication.AnonymousAuthenticationFilter@8a11a19, org.springframework.security.web.session.SessionManagementFilter@6632eb19, org.springframework.security.web.access.ExceptionTranslationFilter@445b4594, org.springframework.security.web.access.intercept.FilterSecurityInterceptor@1f251bf1]
2020-11-25 15:23:30.378  INFO 52147 --- [main] org.quartz.impl.StdSchedulerFactory      : Using default implementation for ThreadExecutor
2020-11-25 15:23:30.438  INFO 52147 --- [main] org.quartz.core.SchedulerSignalerImpl    : Initialized Scheduler Signaller of type: class org.quartz.core.SchedulerSignalerImpl
2020-11-25 15:23:30.444  INFO 52147 --- [main] org.quartz.core.QuartzScheduler          : Quartz Scheduler v.2.3.1 created.
2020-11-25 15:23:30.448  INFO 52147 --- [main] org.quartz.simpl.RAMJobStore             : RAMJobStore initialized.
2020-11-25 15:23:30.450  INFO 52147 --- [main] org.quartz.core.QuartzScheduler          : Scheduler meta-data: Quartz Scheduler (v2.3.1) 'quartzScheduler' with instanceId 'NON_CLUSTERED'
  Scheduler class: 'org.quartz.core.QuartzScheduler' - running locally.
  NOT STARTED.
  Currently in standby mode.
  Number of jobs executed: 0
  Using thread pool 'org.quartz.simpl.SimpleThreadPool' - with 10 threads.
  Using job-store 'org.quartz.simpl.RAMJobStore' - which does not support persistence. and is not clustered.

2020-11-25 15:23:30.451  INFO 52147 --- [main] org.quartz.impl.StdSchedulerFactory      : Quartz scheduler 'quartzScheduler' initialized from an externally provided properties instance.
2020-11-25 15:23:30.451  INFO 52147 --- [main] org.quartz.impl.StdSchedulerFactory      : Quartz scheduler version: 2.3.1
2020-11-25 15:23:30.451  INFO 52147 --- [main] org.quartz.core.QuartzScheduler          : JobFactory set to: org.springframework.scheduling.quartz.SpringBeanJobFactory@23a9400c
2020-11-25 15:23:30.881  INFO 52147 --- [main] d.s.w.p.DocumentationPluginsBootstrapper : Context refreshed
2020-11-25 15:23:30.936  INFO 52147 --- [main] d.s.w.p.DocumentationPluginsBootstrapper : Found 1 custom documentation plugin(s)
2020-11-25 15:23:31.053  INFO 52147 --- [main] s.d.s.w.s.ApiListingReferenceScanner     : Scanning for api listing references
2020-11-25 15:23:31.476  INFO 52147 --- [main] .d.s.w.r.o.CachingOperationNameGenerator : Generating unique operation named: queryDetailUsingPOST_1
2020-11-25 15:23:31.495  INFO 52147 --- [main] .d.s.w.r.o.CachingOperationNameGenerator : Generating unique operation named: addUsingPOST_1
2020-11-25 15:23:31.499  INFO 52147 --- [main] .d.s.w.r.o.CachingOperationNameGenerator : Generating unique operation named: deleteUsingPOST_1
2020-11-25 15:23:31.508  INFO 52147 --- [main] .d.s.w.r.o.CachingOperationNameGenerator : Generating unique operation named: queryDetailUsingPOST_2
2020-11-25 15:23:31.513  INFO 52147 --- [main] .d.s.w.r.o.CachingOperationNameGenerator : Generating unique operation named: queryListUsingPOST_1
2020-11-25 15:23:31.519  INFO 52147 --- [main] .d.s.w.r.o.CachingOperationNameGenerator : Generating unique operation named: queryListPageUsingPOST_1
2020-11-25 15:23:31.523  INFO 52147 --- [main] .d.s.w.r.o.CachingOperationNameGenerator : Generating unique operation named: updateUsingPOST_1
2020-11-25 15:23:31.538  INFO 52147 --- [main] .d.s.w.r.o.CachingOperationNameGenerator : Generating unique operation named: addUsingPOST_2
2020-11-25 15:23:31.546  INFO 52147 --- [main] .d.s.w.r.o.CachingOperationNameGenerator : Generating unique operation named: deleteUsingPOST_2
2020-11-25 15:23:31.571  INFO 52147 --- [main] .d.s.w.r.o.CachingOperationNameGenerator : Generating unique operation named: queryDetailUsingPOST_3
2020-11-25 15:23:31.586  INFO 52147 --- [main] .d.s.w.r.o.CachingOperationNameGenerator : Generating unique operation named: queryListUsingPOST_2
2020-11-25 15:23:31.593  INFO 52147 --- [main] .d.s.w.r.o.CachingOperationNameGenerator : Generating unique operation named: queryListPageUsingPOST_2
2020-11-25 15:23:31.607  INFO 52147 --- [main] .d.s.w.r.o.CachingOperationNameGenerator : Generating unique operation named: updateUsingPOST_2
2020-11-25 15:23:31.627  INFO 52147 --- [main] .d.s.w.r.o.CachingOperationNameGenerator : Generating unique operation named: addUsingPOST_3
2020-11-25 15:23:31.637  INFO 52147 --- [main] .d.s.w.r.o.CachingOperationNameGenerator : Generating unique operation named: deleteUsingGET_1
2020-11-25 15:23:31.639  INFO 52147 --- [main] .d.s.w.r.o.CachingOperationNameGenerator : Generating unique operation named: deleteUsingHEAD_1
2020-11-25 15:23:31.641  INFO 52147 --- [main] .d.s.w.r.o.CachingOperationNameGenerator : Generating unique operation named: deleteUsingPOST_3
2020-11-25 15:23:31.644  INFO 52147 --- [main] .d.s.w.r.o.CachingOperationNameGenerator : Generating unique operation named: deleteUsingPUT_1
2020-11-25 15:23:31.646  INFO 52147 --- [main] .d.s.w.r.o.CachingOperationNameGenerator : Generating unique operation named: deleteUsingPATCH_1
2020-11-25 15:23:31.649  INFO 52147 --- [main] .d.s.w.r.o.CachingOperationNameGenerator : Generating unique operation named: deleteUsingDELETE_1
2020-11-25 15:23:31.652  INFO 52147 --- [main] .d.s.w.r.o.CachingOperationNameGenerator : Generating unique operation named: deleteUsingOPTIONS_1
2020-11-25 15:23:31.655  INFO 52147 --- [main] .d.s.w.r.o.CachingOperationNameGenerator : Generating unique operation named: deleteUsingTRACE_1
2020-11-25 15:23:31.663  INFO 52147 --- [main] .d.s.w.r.o.CachingOperationNameGenerator : Generating unique operation named: queryDetailUsingGET_1
2020-11-25 15:23:31.666  INFO 52147 --- [main] .d.s.w.r.o.CachingOperationNameGenerator : Generating unique operation named: queryDetailUsingHEAD_1
2020-11-25 15:23:31.668  INFO 52147 --- [main] .d.s.w.r.o.CachingOperationNameGenerator : Generating unique operation named: queryDetailUsingPOST_4
2020-11-25 15:23:31.671  INFO 52147 --- [main] .d.s.w.r.o.CachingOperationNameGenerator : Generating unique operation named: queryDetailUsingPUT_1
2020-11-25 15:23:31.673  INFO 52147 --- [main] .d.s.w.r.o.CachingOperationNameGenerator : Generating unique operation named: queryDetailUsingPATCH_1
2020-11-25 15:23:31.675  INFO 52147 --- [main] .d.s.w.r.o.CachingOperationNameGenerator : Generating unique operation named: queryDetailUsingDELETE_1
2020-11-25 15:23:31.678  INFO 52147 --- [main] .d.s.w.r.o.CachingOperationNameGenerator : Generating unique operation named: queryDetailUsingOPTIONS_1
2020-11-25 15:23:31.681  INFO 52147 --- [main] .d.s.w.r.o.CachingOperationNameGenerator : Generating unique operation named: queryDetailUsingTRACE_1
2020-11-25 15:23:31.685  INFO 52147 --- [main] .d.s.w.r.o.CachingOperationNameGenerator : Generating unique operation named: queryListUsingGET_1
2020-11-25 15:23:31.689  INFO 52147 --- [main] .d.s.w.r.o.CachingOperationNameGenerator : Generating unique operation named: queryListUsingPOST_3
2020-11-25 15:23:31.704  INFO 52147 --- [main] .d.s.w.r.o.CachingOperationNameGenerator : Generating unique operation named: queryListPageUsingGET_1
2020-11-25 15:23:31.706  INFO 52147 --- [main] .d.s.w.r.o.CachingOperationNameGenerator : Generating unique operation named: queryListPageUsingHEAD_1
2020-11-25 15:23:31.707  INFO 52147 --- [main] .d.s.w.r.o.CachingOperationNameGenerator : Generating unique operation named: queryListPageUsingPOST_3
2020-11-25 15:23:31.709  INFO 52147 --- [main] .d.s.w.r.o.CachingOperationNameGenerator : Generating unique operation named: queryListPageUsingPUT_1
2020-11-25 15:23:31.711  INFO 52147 --- [main] .d.s.w.r.o.CachingOperationNameGenerator : Generating unique operation named: queryListPageUsingPATCH_1
2020-11-25 15:23:31.714  INFO 52147 --- [main] .d.s.w.r.o.CachingOperationNameGenerator : Generating unique operation named: queryListPageUsingDELETE_1
2020-11-25 15:23:31.715  INFO 52147 --- [main] .d.s.w.r.o.CachingOperationNameGenerator : Generating unique operation named: queryListPageUsingOPTIONS_1
2020-11-25 15:23:31.717  INFO 52147 --- [main] .d.s.w.r.o.CachingOperationNameGenerator : Generating unique operation named: queryListPageUsingTRACE_1
2020-11-25 15:23:31.720  INFO 52147 --- [main] .d.s.w.r.o.CachingOperationNameGenerator : Generating unique operation named: updateUsingGET_1
2020-11-25 15:23:31.722  INFO 52147 --- [main] .d.s.w.r.o.CachingOperationNameGenerator : Generating unique operation named: updateUsingHEAD_1
2020-11-25 15:23:31.724  INFO 52147 --- [main] .d.s.w.r.o.CachingOperationNameGenerator : Generating unique operation named: updateUsingPOST_3
2020-11-25 15:23:31.726  INFO 52147 --- [main] .d.s.w.r.o.CachingOperationNameGenerator : Generating unique operation named: updateUsingPUT_1
2020-11-25 15:23:31.727  INFO 52147 --- [main] .d.s.w.r.o.CachingOperationNameGenerator : Generating unique operation named: updateUsingPATCH_1
2020-11-25 15:23:31.729  INFO 52147 --- [main] .d.s.w.r.o.CachingOperationNameGenerator : Generating unique operation named: updateUsingDELETE_1
2020-11-25 15:23:31.731  INFO 52147 --- [main] .d.s.w.r.o.CachingOperationNameGenerator : Generating unique operation named: updateUsingOPTIONS_1
2020-11-25 15:23:31.733  INFO 52147 --- [main] .d.s.w.r.o.CachingOperationNameGenerator : Generating unique operation named: updateUsingTRACE_1
2020-11-25 15:23:31.744  INFO 52147 --- [main] .d.s.w.r.o.CachingOperationNameGenerator : Generating unique operation named: addUsingPOST_4
2020-11-25 15:23:31.747  INFO 52147 --- [main] .d.s.w.r.o.CachingOperationNameGenerator : Generating unique operation named: deleteUsingPOST_4
2020-11-25 15:23:31.755  INFO 52147 --- [main] .d.s.w.r.o.CachingOperationNameGenerator : Generating unique operation named: queryDetailUsingPOST_5
2020-11-25 15:23:31.758  INFO 52147 --- [main] .d.s.w.r.o.CachingOperationNameGenerator : Generating unique operation named: queryListUsingPOST_4
2020-11-25 15:23:31.762  INFO 52147 --- [main] .d.s.w.r.o.CachingOperationNameGenerator : Generating unique operation named: queryListPageUsingPOST_4
2020-11-25 15:23:31.765  INFO 52147 --- [main] .d.s.w.r.o.CachingOperationNameGenerator : Generating unique operation named: updateUsingPOST_4
2020-11-25 15:23:31.778  INFO 52147 --- [main] .d.s.w.r.o.CachingOperationNameGenerator : Generating unique operation named: addUsingPOST_5
2020-11-25 15:23:31.781  INFO 52147 --- [main] .d.s.w.r.o.CachingOperationNameGenerator : Generating unique operation named: deleteUsingPOST_5
2020-11-25 15:23:31.792  INFO 52147 --- [main] .d.s.w.r.o.CachingOperationNameGenerator : Generating unique operation named: queryDetailUsingPOST_6
2020-11-25 15:23:31.796  INFO 52147 --- [main] .d.s.w.r.o.CachingOperationNameGenerator : Generating unique operation named: queryListUsingPOST_5
2020-11-25 15:23:31.799  INFO 52147 --- [main] .d.s.w.r.o.CachingOperationNameGenerator : Generating unique operation named: queryListPageUsingPOST_5
2020-11-25 15:23:31.802  INFO 52147 --- [main] .d.s.w.r.o.CachingOperationNameGenerator : Generating unique operation named: updateUsingPOST_5
2020-11-25 15:23:31.816  INFO 52147 --- [main] .d.s.w.r.o.CachingOperationNameGenerator : Generating unique operation named: addUsingGET_1
2020-11-25 15:23:31.818  INFO 52147 --- [main] .d.s.w.r.o.CachingOperationNameGenerator : Generating unique operation named: addUsingHEAD_1
2020-11-25 15:23:31.820  INFO 52147 --- [main] .d.s.w.r.o.CachingOperationNameGenerator : Generating unique operation named: addUsingPOST_6
2020-11-25 15:23:31.822  INFO 52147 --- [main] .d.s.w.r.o.CachingOperationNameGenerator : Generating unique operation named: addUsingPUT_1
2020-11-25 15:23:31.824  INFO 52147 --- [main] .d.s.w.r.o.CachingOperationNameGenerator : Generating unique operation named: addUsingPATCH_1
2020-11-25 15:23:31.826  INFO 52147 --- [main] .d.s.w.r.o.CachingOperationNameGenerator : Generating unique operation named: addUsingDELETE_1
2020-11-25 15:23:31.828  INFO 52147 --- [main] .d.s.w.r.o.CachingOperationNameGenerator : Generating unique operation named: addUsingOPTIONS_1
2020-11-25 15:23:31.830  INFO 52147 --- [main] .d.s.w.r.o.CachingOperationNameGenerator : Generating unique operation named: addUsingTRACE_1
2020-11-25 15:23:31.833  INFO 52147 --- [main] .d.s.w.r.o.CachingOperationNameGenerator : Generating unique operation named: deleteUsingGET_2
2020-11-25 15:23:31.837  INFO 52147 --- [main] .d.s.w.r.o.CachingOperationNameGenerator : Generating unique operation named: deleteUsingHEAD_2
2020-11-25 15:23:31.839  INFO 52147 --- [main] .d.s.w.r.o.CachingOperationNameGenerator : Generating unique operation named: deleteUsingPOST_6
2020-11-25 15:23:31.841  INFO 52147 --- [main] .d.s.w.r.o.CachingOperationNameGenerator : Generating unique operation named: deleteUsingPUT_2
2020-11-25 15:23:31.843  INFO 52147 --- [main] .d.s.w.r.o.CachingOperationNameGenerator : Generating unique operation named: deleteUsingPATCH_2
2020-11-25 15:23:31.845  INFO 52147 --- [main] .d.s.w.r.o.CachingOperationNameGenerator : Generating unique operation named: deleteUsingDELETE_2
2020-11-25 15:23:31.848  INFO 52147 --- [main] .d.s.w.r.o.CachingOperationNameGenerator : Generating unique operation named: deleteUsingOPTIONS_2
2020-11-25 15:23:31.850  INFO 52147 --- [main] .d.s.w.r.o.CachingOperationNameGenerator : Generating unique operation named: deleteUsingTRACE_2
2020-11-25 15:23:31.861  INFO 52147 --- [main] .d.s.w.r.o.CachingOperationNameGenerator : Generating unique operation named: queryDetailUsingGET_2
2020-11-25 15:23:31.868  INFO 52147 --- [main] .d.s.w.r.o.CachingOperationNameGenerator : Generating unique operation named: queryDetailUsingHEAD_2
2020-11-25 15:23:31.873  INFO 52147 --- [main] .d.s.w.r.o.CachingOperationNameGenerator : Generating unique operation named: queryDetailUsingPOST_7
2020-11-25 15:23:31.879  INFO 52147 --- [main] .d.s.w.r.o.CachingOperationNameGenerator : Generating unique operation named: queryDetailUsingPUT_2
2020-11-25 15:23:31.883  INFO 52147 --- [main] .d.s.w.r.o.CachingOperationNameGenerator : Generating unique operation named: queryDetailUsingPATCH_2
2020-11-25 15:23:31.891  INFO 52147 --- [main] .d.s.w.r.o.CachingOperationNameGenerator : Generating unique operation named: queryDetailUsingDELETE_2
2020-11-25 15:23:31.896  INFO 52147 --- [main] .d.s.w.r.o.CachingOperationNameGenerator : Generating unique operation named: queryDetailUsingOPTIONS_2
2020-11-25 15:23:31.918  INFO 52147 --- [main] .d.s.w.r.o.CachingOperationNameGenerator : Generating unique operation named: queryDetailUsingTRACE_2
2020-11-25 15:23:31.926  INFO 52147 --- [main] .d.s.w.r.o.CachingOperationNameGenerator : Generating unique operation named: queryListUsingGET_2
2020-11-25 15:23:31.928  INFO 52147 --- [main] .d.s.w.r.o.CachingOperationNameGenerator : Generating unique operation named: queryListUsingHEAD_1
2020-11-25 15:23:31.934  INFO 52147 --- [main] .d.s.w.r.o.CachingOperationNameGenerator : Generating unique operation named: queryListUsingPOST_6
2020-11-25 15:23:31.938  INFO 52147 --- [main] .d.s.w.r.o.CachingOperationNameGenerator : Generating unique operation named: queryListUsingPUT_1
2020-11-25 15:23:31.940  INFO 52147 --- [main] .d.s.w.r.o.CachingOperationNameGenerator : Generating unique operation named: queryListUsingPATCH_1
2020-11-25 15:23:31.942  INFO 52147 --- [main] .d.s.w.r.o.CachingOperationNameGenerator : Generating unique operation named: queryListUsingDELETE_1
2020-11-25 15:23:31.944  INFO 52147 --- [main] .d.s.w.r.o.CachingOperationNameGenerator : Generating unique operation named: queryListUsingOPTIONS_1
2020-11-25 15:23:31.946  INFO 52147 --- [main] .d.s.w.r.o.CachingOperationNameGenerator : Generating unique operation named: queryListUsingTRACE_1
2020-11-25 15:23:31.953  INFO 52147 --- [main] .d.s.w.r.o.CachingOperationNameGenerator : Generating unique operation named: queryListPageUsingGET_2
2020-11-25 15:23:31.958  INFO 52147 --- [main] .d.s.w.r.o.CachingOperationNameGenerator : Generating unique operation named: queryListPageUsingHEAD_2
2020-11-25 15:23:31.965  INFO 52147 --- [main] .d.s.w.r.o.CachingOperationNameGenerator : Generating unique operation named: queryListPageUsingPOST_6
2020-11-25 15:23:31.969  INFO 52147 --- [main] .d.s.w.r.o.CachingOperationNameGenerator : Generating unique operation named: queryListPageUsingPUT_2
2020-11-25 15:23:31.972  INFO 52147 --- [main] .d.s.w.r.o.CachingOperationNameGenerator : Generating unique operation named: queryListPageUsingPATCH_2
2020-11-25 15:23:31.975  INFO 52147 --- [main] .d.s.w.r.o.CachingOperationNameGenerator : Generating unique operation named: queryListPageUsingDELETE_2
2020-11-25 15:23:31.976  INFO 52147 --- [main] .d.s.w.r.o.CachingOperationNameGenerator : Generating unique operation named: queryListPageUsingOPTIONS_2
2020-11-25 15:23:31.978  INFO 52147 --- [main] .d.s.w.r.o.CachingOperationNameGenerator : Generating unique operation named: queryListPageUsingTRACE_2
2020-11-25 15:23:31.983  INFO 52147 --- [main] .d.s.w.r.o.CachingOperationNameGenerator : Generating unique operation named: updateUsingGET_2
2020-11-25 15:23:31.984  INFO 52147 --- [main] .d.s.w.r.o.CachingOperationNameGenerator : Generating unique operation named: updateUsingHEAD_2
2020-11-25 15:23:31.985  INFO 52147 --- [main] .d.s.w.r.o.CachingOperationNameGenerator : Generating unique operation named: updateUsingPOST_6
2020-11-25 15:23:31.987  INFO 52147 --- [main] .d.s.w.r.o.CachingOperationNameGenerator : Generating unique operation named: updateUsingPUT_2
2020-11-25 15:23:31.988  INFO 52147 --- [main] .d.s.w.r.o.CachingOperationNameGenerator : Generating unique operation named: updateUsingPATCH_2
2020-11-25 15:23:31.990  INFO 52147 --- [main] .d.s.w.r.o.CachingOperationNameGenerator : Generating unique operation named: updateUsingDELETE_2
2020-11-25 15:23:31.995  INFO 52147 --- [main] .d.s.w.r.o.CachingOperationNameGenerator : Generating unique operation named: updateUsingOPTIONS_2
2020-11-25 15:23:31.997  INFO 52147 --- [main] .d.s.w.r.o.CachingOperationNameGenerator : Generating unique operation named: updateUsingTRACE_2
2020-11-25 15:23:32.021  INFO 52147 --- [main] .d.s.w.r.o.CachingOperationNameGenerator : Generating unique operation named: addUsingPOST_7
2020-11-25 15:23:32.026  INFO 52147 --- [main] .d.s.w.r.o.CachingOperationNameGenerator : Generating unique operation named: deleteUsingGET_3
2020-11-25 15:23:32.032  INFO 52147 --- [main] .d.s.w.r.o.CachingOperationNameGenerator : Generating unique operation named: deleteUsingHEAD_3
2020-11-25 15:23:32.035  INFO 52147 --- [main] .d.s.w.r.o.CachingOperationNameGenerator : Generating unique operation named: deleteUsingPOST_7
2020-11-25 15:23:32.037  INFO 52147 --- [main] .d.s.w.r.o.CachingOperationNameGenerator : Generating unique operation named: deleteUsingPUT_3
2020-11-25 15:23:32.039  INFO 52147 --- [main] .d.s.w.r.o.CachingOperationNameGenerator : Generating unique operation named: deleteUsingPATCH_3
2020-11-25 15:23:32.040  INFO 52147 --- [main] .d.s.w.r.o.CachingOperationNameGenerator : Generating unique operation named: deleteUsingDELETE_3
2020-11-25 15:23:32.044  INFO 52147 --- [main] .d.s.w.r.o.CachingOperationNameGenerator : Generating unique operation named: deleteUsingOPTIONS_3
2020-11-25 15:23:32.045  INFO 52147 --- [main] .d.s.w.r.o.CachingOperationNameGenerator : Generating unique operation named: deleteUsingTRACE_3
2020-11-25 15:23:32.054  INFO 52147 --- [main] .d.s.w.r.o.CachingOperationNameGenerator : Generating unique operation named: queryDetailUsingPOST_8
2020-11-25 15:23:32.066  INFO 52147 --- [main] .d.s.w.r.o.CachingOperationNameGenerator : Generating unique operation named: queryListUsingPOST_7
2020-11-25 15:23:32.069  INFO 52147 --- [main] .d.s.w.r.o.CachingOperationNameGenerator : Generating unique operation named: queryListPageUsingPOST_7
2020-11-25 15:23:32.071  INFO 52147 --- [main] .d.s.w.r.o.CachingOperationNameGenerator : Generating unique operation named: updateUsingPOST_7
2020-11-25 15:23:32.079  INFO 52147 --- [main] .d.s.w.r.o.CachingOperationNameGenerator : Generating unique operation named: addUsingPOST_8
2020-11-25 15:23:32.082  INFO 52147 --- [main] .d.s.w.r.o.CachingOperationNameGenerator : Generating unique operation named: deleteUsingPOST_8
2020-11-25 15:23:32.100  INFO 52147 --- [main] .d.s.w.r.o.CachingOperationNameGenerator : Generating unique operation named: queryDetailUsingPOST_9
2020-11-25 15:23:32.106  INFO 52147 --- [main] .d.s.w.r.o.CachingOperationNameGenerator : Generating unique operation named: queryListUsingPOST_8
2020-11-25 15:23:32.111  INFO 52147 --- [main] .d.s.w.r.o.CachingOperationNameGenerator : Generating unique operation named: queryListPageUsingPOST_8
2020-11-25 15:23:32.115  INFO 52147 --- [main] .d.s.w.r.o.CachingOperationNameGenerator : Generating unique operation named: updateUsingPOST_8
2020-11-25 15:23:32.142  INFO 52147 --- [main] .d.s.w.r.o.CachingOperationNameGenerator : Generating unique operation named: addUsingPOST_9
2020-11-25 15:23:32.295  INFO 52147 --- [main] .d.s.w.r.o.CachingOperationNameGenerator : Generating unique operation named: logoutUsingGET_1
2020-11-25 15:23:32.310  INFO 52147 --- [main] .d.s.w.r.o.CachingOperationNameGenerator : Generating unique operation named: queryDetailUsingPOST_10
2020-11-25 15:23:32.313  INFO 52147 --- [main] .d.s.w.r.o.CachingOperationNameGenerator : Generating unique operation named: queryListUsingPOST_9
2020-11-25 15:23:32.316  INFO 52147 --- [main] .d.s.w.r.o.CachingOperationNameGenerator : Generating unique operation named: queryListPageUsingPOST_9
2020-11-25 15:23:32.331  INFO 52147 --- [main] .d.s.w.r.o.CachingOperationNameGenerator : Generating unique operation named: restLoginUsingPOST_1
2020-11-25 15:23:32.338  INFO 52147 --- [main] .d.s.w.r.o.CachingOperationNameGenerator : Generating unique operation named: updateUsingPOST_9
2020-11-25 15:23:32.361  INFO 52147 --- [main] .d.s.w.r.o.CachingOperationNameGenerator : Generating unique operation named: verifyCodeUsingPOST_1
2020-11-25 15:23:32.391  INFO 52147 --- [main] o.s.s.quartz.SchedulerFactoryBean        : Starting Quartz Scheduler now
2020-11-25 15:23:32.391  INFO 52147 --- [main] org.quartz.core.QuartzScheduler          : Scheduler quartzScheduler_$_NON_CLUSTERED started.
2020-11-25 15:23:32.512  INFO 52147 --- [main] o.s.b.w.embedded.tomcat.TomcatWebServer  : Tomcat started on port(s): 8002 (http) with context path ''
2020-11-25 15:23:32.524  INFO 52147 --- [main] cn.stylefeng.guns.GunsApplication        : Started GunsApplication in 60.517 seconds (JVM running for 64.52)
2020-11-25 15:23:32.752  INFO 52147 --- [main] c.s.g.s.m.consts.init.SysConfigInit      : 初始化常量16条！
2020-11-25 15:23:32.959  INFO 52147 --- [main] c.s.guns.base.i18n.init.TranslationInit  : 初始化所有的翻译字典457条！
2020-11-25 15:23:32.965  INFO 52147 --- [main] cn.stylefeng.guns.GunsApplication        : GunsApplication is success!
2020-11-25 15:25:55.784  INFO 52147 --- [http-nio-8002-exec-1] o.a.c.c.C.[Tomcat].[localhost].[/]       : Initializing Spring DispatcherServlet 'dispatcherServlet'
2020-11-25 15:25:55.787  INFO 52147 --- [http-nio-8002-exec-1] o.s.web.servlet.DispatcherServlet        : Initializing Servlet 'dispatcherServlet'
2020-11-25 15:25:55.907  INFO 52147 --- [http-nio-8002-exec-1] o.s.web.servlet.DispatcherServlet        : Completed initialization in 119 ms
2020-11-25 15:25:55.975 ERROR 52147 --- [http-nio-8002-exec-1] c.s.guns.base.consts.ConstantsContext    : jwt密钥存在空值！常量名称：GUNS_JWT_SECRET，采用默认值：随机字符串->yylca73qhud7288hpml45cg51vfsxvyf，若想忽略此提示，请在开发管理->系统配置->参数配置，设置相关参数！
2020-11-25 15:33:15.252  INFO 52147 --- [Thread-118] org.quartz.core.QuartzScheduler          : Scheduler quartzScheduler_$_NON_CLUSTERED paused.
2020-11-25 15:33:15.260  INFO 52147 --- [Thread-118] o.s.s.quartz.SchedulerFactoryBean        : Shutting down Quartz Scheduler
2020-11-25 15:33:15.260  INFO 52147 --- [Thread-118] org.quartz.core.QuartzScheduler          : Scheduler quartzScheduler_$_NON_CLUSTERED shutting down.
2020-11-25 15:33:15.260  INFO 52147 --- [Thread-118] org.quartz.core.QuartzScheduler          : Scheduler quartzScheduler_$_NON_CLUSTERED paused.
2020-11-25 15:33:15.262  INFO 52147 --- [Thread-118] org.quartz.core.QuartzScheduler          : Scheduler quartzScheduler_$_NON_CLUSTERED shutdown complete.
2020-11-25 15:33:15.398  INFO 52147 --- [Thread-118] o.s.s.concurrent.ThreadPoolTaskExecutor  : Shutting down ExecutorService 'applicationTaskExecutor'
2020-11-25 15:33:15.438  INFO 52147 --- [Thread-118] c.a.icatch.imp.TransactionServiceImp     : Transaction Service: Entering shutdown (false, 9223372036854775807)...
2020-11-25 15:33:15.524  INFO 52147 --- [Thread-118] c.a.datasource.pool.ConnectionPool       : atomikos connection pool 'master': destroying pool...
2020-11-25 15:33:15.525  WARN 52147 --- [Thread-118] c.a.datasource.pool.ConnectionPool       : atomikos connection pool 'master': connection is still in use on pool destroy: an AtomikosXAPooledConnection with a SessionHandleState with 1 context(s) - please check your shutdown sequence to avoid heuristic termination of ongoing transactions!
