2020-08-31 00:06:45.331  WARN 14012 --- [Atomikos:2] c.a.r.xa.XaResourceRecoveryManager       : Error while retrieving xids from resource - will retry later...

com.mysql.cj.jdbc.MysqlXAException: Undetermined error occurred in the underlying Connection - check your data for consistency
	at com.mysql.cj.jdbc.MysqlXAConnection.mapXAExceptionFromSQLException(MysqlXAConnection.java:336)
	at com.mysql.cj.jdbc.MysqlXAConnection.recover(MysqlXAConnection.java:184)
	at com.mysql.cj.jdbc.MysqlXAConnection.recover(MysqlXAConnection.java:112)
	at com.atomikos.datasource.xa.RecoveryScan.recoverXids(RecoveryScan.java:32)
	at com.atomikos.recovery.xa.XaResourceRecoveryManager.retrievePreparedXidsFromXaResource(XaResourceRecoveryManager.java:158)
	at com.atomikos.recovery.xa.XaResourceRecoveryManager.recover(XaResourceRecoveryManager.java:67)
	at com.atomikos.datasource.xa.XATransactionalResource.recover(XATransactionalResource.java:449)
	at com.atomikos.icatch.imp.TransactionServiceImp.performRecovery(TransactionServiceImp.java:490)
	at com.atomikos.icatch.imp.TransactionServiceImp.access$000(TransactionServiceImp.java:56)
	at com.atomikos.icatch.imp.TransactionServiceImp$1.alarm(TransactionServiceImp.java:471)
	at com.atomikos.timing.PooledAlarmTimer.notifyListeners(PooledAlarmTimer.java:95)
	at com.atomikos.timing.PooledAlarmTimer.run(PooledAlarmTimer.java:82)
	at java.util.concurrent.ThreadPoolExecutor.runWorker(ThreadPoolExecutor.java:1149)
	at java.util.concurrent.ThreadPoolExecutor$Worker.run(ThreadPoolExecutor.java:624)
	at java.lang.Thread.run(Thread.java:748)
Caused by: com.mysql.cj.jdbc.exceptions.CommunicationsException: Communications link failure

The last packet successfully received from the server was 944,373 milliseconds ago.  The last packet sent successfully to the server was 19,192 milliseconds ago.
	at com.mysql.cj.jdbc.exceptions.SQLError.createCommunicationsException(SQLError.java:172)
	at com.mysql.cj.jdbc.exceptions.SQLExceptionsMapping.translateException(SQLExceptionsMapping.java:64)
	at com.mysql.cj.jdbc.StatementImpl.executeQuery(StatementImpl.java:1247)
	at com.mysql.cj.jdbc.MysqlXAConnection.recover(MysqlXAConnection.java:163)
	... 13 common frames omitted
Caused by: com.mysql.cj.exceptions.CJCommunicationsException: Communications link failure

The last packet successfully received from the server was 944,373 milliseconds ago.  The last packet sent successfully to the server was 19,192 milliseconds ago.
	at sun.reflect.NativeConstructorAccessorImpl.newInstance0(Native Method)
	at sun.reflect.NativeConstructorAccessorImpl.newInstance(NativeConstructorAccessorImpl.java:62)
	at sun.reflect.DelegatingConstructorAccessorImpl.newInstance(DelegatingConstructorAccessorImpl.java:45)
	at java.lang.reflect.Constructor.newInstance(Constructor.java:423)
	at com.mysql.cj.exceptions.ExceptionFactory.createException(ExceptionFactory.java:59)
	at com.mysql.cj.exceptions.ExceptionFactory.createException(ExceptionFactory.java:103)
	at com.mysql.cj.exceptions.ExceptionFactory.createException(ExceptionFactory.java:149)
	at com.mysql.cj.exceptions.ExceptionFactory.createCommunicationsException(ExceptionFactory.java:165)
	at com.mysql.cj.protocol.a.NativeProtocol.readMessage(NativeProtocol.java:563)
	at com.mysql.cj.protocol.a.NativeProtocol.checkErrorMessage(NativeProtocol.java:735)
	at com.mysql.cj.protocol.a.NativeProtocol.sendCommand(NativeProtocol.java:674)
	at com.mysql.cj.protocol.a.NativeProtocol.sendQueryPacket(NativeProtocol.java:966)
	at com.mysql.cj.protocol.a.NativeProtocol.sendQueryString(NativeProtocol.java:912)
	at com.mysql.cj.NativeSession.execSQL(NativeSession.java:1162)
	at com.mysql.cj.jdbc.StatementImpl.executeQuery(StatementImpl.java:1215)
	... 14 common frames omitted
Caused by: java.net.SocketTimeoutException: Read timed out
	at java.net.SocketInputStream.socketRead0(Native Method)
	at java.net.SocketInputStream.socketRead(SocketInputStream.java:116)
	at java.net.SocketInputStream.read(SocketInputStream.java:171)
	at java.net.SocketInputStream.read(SocketInputStream.java:141)
	at com.mysql.cj.protocol.ReadAheadInputStream.fill(ReadAheadInputStream.java:107)
	at com.mysql.cj.protocol.ReadAheadInputStream.readFromUnderlyingStreamIfNecessary(ReadAheadInputStream.java:150)
	at com.mysql.cj.protocol.ReadAheadInputStream.read(ReadAheadInputStream.java:180)
	at java.io.FilterInputStream.read(FilterInputStream.java:133)
	at com.mysql.cj.protocol.FullReadInputStream.readFully(FullReadInputStream.java:64)
	at com.mysql.cj.protocol.a.SimplePacketReader.readHeader(SimplePacketReader.java:63)
	at com.mysql.cj.protocol.a.SimplePacketReader.readHeader(SimplePacketReader.java:45)
	at com.mysql.cj.protocol.a.TimeTrackingPacketReader.readHeader(TimeTrackingPacketReader.java:52)
	at com.mysql.cj.protocol.a.TimeTrackingPacketReader.readHeader(TimeTrackingPacketReader.java:41)
	at com.mysql.cj.protocol.a.MultiPacketReader.readHeader(MultiPacketReader.java:54)
	at com.mysql.cj.protocol.a.MultiPacketReader.readHeader(MultiPacketReader.java:44)
	at com.mysql.cj.protocol.a.NativeProtocol.readMessage(NativeProtocol.java:557)
	... 20 common frames omitted

2020-08-31 00:06:46.522  INFO 14012 --- [Atomikos:2] c.a.d.xa.XATransactionalResource         : master: refreshed XAResource
2020-08-31 01:09:52.966  INFO 13824 --- [main] cn.stylefeng.guns.GunsApplication        : Starting GunsApplication on MS-EBTBMGPPPBJG with PID 13824 (C:\Users\Administrator\Documents\miao_project\guns-vip-main\target\classes started by Administrator in C:\Users\Administrator\Documents\miao_project)
2020-08-31 01:09:53.016  INFO 13824 --- [main] cn.stylefeng.guns.GunsApplication        : The following profiles are active: dev
2020-08-31 01:09:56.123  INFO 13824 --- [main] .s.d.r.c.RepositoryConfigurationDelegate : Multiple Spring Data modules found, entering strict repository configuration mode!
2020-08-31 01:09:56.126  INFO 13824 --- [main] .s.d.r.c.RepositoryConfigurationDelegate : Bootstrapping Spring Data repositories in DEFAULT mode.
2020-08-31 01:09:56.343  INFO 13824 --- [main] .s.d.r.c.RepositoryConfigurationDelegate : Finished Spring Data repository scanning in 196ms. Found 0 repository interfaces.
2020-08-31 01:09:57.068  INFO 13824 --- [main] trationDelegate$BeanPostProcessorChecker : Bean 'webConfig' of type [cn.stylefeng.guns.config.web.WebConfig$$EnhancerBySpringCGLIB$$c6480b32] is not eligible for getting processed by all BeanPostProcessors (for example: not eligible for auto-proxying)
2020-08-31 01:09:57.188  INFO 13824 --- [main] trationDelegate$BeanPostProcessorChecker : Bean 'druidStatPointcut' of type [org.springframework.aop.support.JdkRegexpMethodPointcut] is not eligible for getting processed by all BeanPostProcessors (for example: not eligible for auto-proxying)
2020-08-31 01:09:57.201  INFO 13824 --- [main] trationDelegate$BeanPostProcessorChecker : Bean 'druidStatInterceptor' of type [com.alibaba.druid.support.spring.stat.DruidStatInterceptor] is not eligible for getting processed by all BeanPostProcessors (for example: not eligible for auto-proxying)
2020-08-31 01:09:57.202  INFO 13824 --- [main] trationDelegate$BeanPostProcessorChecker : Bean 'druidStatAdvisor' of type [org.springframework.aop.support.DefaultPointcutAdvisor] is not eligible for getting processed by all BeanPostProcessors (for example: not eligible for auto-proxying)
2020-08-31 01:09:57.299  INFO 13824 --- [main] trationDelegate$BeanPostProcessorChecker : Bean 'org.springframework.transaction.annotation.ProxyTransactionManagementConfiguration' of type [org.springframework.transaction.annotation.ProxyTransactionManagementConfiguration$$EnhancerBySpringCGLIB$$5baa688a] is not eligible for getting processed by all BeanPostProcessors (for example: not eligible for auto-proxying)
2020-08-31 01:09:57.544  INFO 13824 --- [main] trationDelegate$BeanPostProcessorChecker : Bean 'org.springframework.security.config.annotation.configuration.ObjectPostProcessorConfiguration' of type [org.springframework.security.config.annotation.configuration.ObjectPostProcessorConfiguration$$EnhancerBySpringCGLIB$$f45830c4] is not eligible for getting processed by all BeanPostProcessors (for example: not eligible for auto-proxying)
2020-08-31 01:09:57.554  INFO 13824 --- [main] trationDelegate$BeanPostProcessorChecker : Bean 'objectPostProcessor' of type [org.springframework.security.config.annotation.configuration.AutowireBeanFactoryObjectPostProcessor] is not eligible for getting processed by all BeanPostProcessors (for example: not eligible for auto-proxying)
2020-08-31 01:09:57.561  INFO 13824 --- [main] trationDelegate$BeanPostProcessorChecker : Bean 'org.springframework.security.access.expression.method.DefaultMethodSecurityExpressionHandler@8054fe2' of type [org.springframework.security.access.expression.method.DefaultMethodSecurityExpressionHandler] is not eligible for getting processed by all BeanPostProcessors (for example: not eligible for auto-proxying)
2020-08-31 01:09:57.567  INFO 13824 --- [main] trationDelegate$BeanPostProcessorChecker : Bean 'org.springframework.security.config.annotation.method.configuration.GlobalMethodSecurityConfiguration' of type [org.springframework.security.config.annotation.method.configuration.GlobalMethodSecurityConfiguration$$EnhancerBySpringCGLIB$$192cd376] is not eligible for getting processed by all BeanPostProcessors (for example: not eligible for auto-proxying)
2020-08-31 01:09:57.581  INFO 13824 --- [main] trationDelegate$BeanPostProcessorChecker : Bean 'methodSecurityMetadataSource' of type [org.springframework.security.access.method.DelegatingMethodSecurityMetadataSource] is not eligible for getting processed by all BeanPostProcessors (for example: not eligible for auto-proxying)
2020-08-31 01:09:58.142  INFO 13824 --- [main] o.s.b.w.embedded.tomcat.TomcatWebServer  : Tomcat initialized with port(s): 8002 (http)
2020-08-31 01:09:58.179  INFO 13824 --- [main] o.apache.catalina.core.StandardService   : Starting service [Tomcat]
2020-08-31 01:09:58.180  INFO 13824 --- [main] org.apache.catalina.core.StandardEngine  : Starting Servlet engine: [Apache Tomcat/9.0.21]
2020-08-31 01:09:58.472  INFO 13824 --- [main] o.a.c.c.C.[Tomcat].[localhost].[/]       : Initializing Spring embedded WebApplicationContext
2020-08-31 01:09:58.473  INFO 13824 --- [main] o.s.web.context.ContextLoader            : Root WebApplicationContext: initialization completed in 4913 ms
2020-08-31 01:09:58.706  WARN 13824 --- [main] c.atomikos.jdbc.AbstractDataSourceBean   : AtomikosDataSoureBean 'master': poolSize equals default - this may cause performance problems!
2020-08-31 01:09:59.327  INFO 13824 --- [main] com.alibaba.druid.pool.DruidDataSource   : {dataSource-1} inited
2020-08-31 01:09:59.690  INFO 13824 --- [main] c.a.icatch.provider.imp.AssemblerImp     : Loaded jar:file:/C:/Users/Administrator/.m2/repository/com/atomikos/transactions/4.0.6/transactions-4.0.6.jar!/transactions-defaults.properties
2020-08-31 01:09:59.695  WARN 13824 --- [main] c.a.icatch.provider.imp.AssemblerImp     : Thanks for using Atomikos! Evaluate http://www.atomikos.com/Main/ExtremeTransactions for advanced features and professional support
or register at http://www.atomikos.com/Main/RegisterYourDownload to disable this message and receive FREE tips & advice
2020-08-31 01:09:59.702  INFO 13824 --- [main] c.a.icatch.provider.imp.AssemblerImp     : USING: com.atomikos.icatch.default_max_wait_time_on_shutdown = 9223372036854775807
2020-08-31 01:09:59.702  INFO 13824 --- [main] c.a.icatch.provider.imp.AssemblerImp     : USING: com.atomikos.icatch.allow_subtransactions = true
2020-08-31 01:09:59.702  INFO 13824 --- [main] c.a.icatch.provider.imp.AssemblerImp     : USING: com.atomikos.icatch.recovery_delay = 10000
2020-08-31 01:09:59.703  INFO 13824 --- [main] c.a.icatch.provider.imp.AssemblerImp     : USING: com.atomikos.icatch.automatic_resource_registration = true
2020-08-31 01:09:59.703  INFO 13824 --- [main] c.a.icatch.provider.imp.AssemblerImp     : USING: com.atomikos.icatch.oltp_max_retries = 5
2020-08-31 01:09:59.703  INFO 13824 --- [main] c.a.icatch.provider.imp.AssemblerImp     : USING: com.atomikos.icatch.client_demarcation = false
2020-08-31 01:09:59.703  INFO 13824 --- [main] c.a.icatch.provider.imp.AssemblerImp     : USING: com.atomikos.icatch.threaded_2pc = false
2020-08-31 01:09:59.703  INFO 13824 --- [main] c.a.icatch.provider.imp.AssemblerImp     : USING: com.atomikos.icatch.serial_jta_transactions = true
2020-08-31 01:09:59.703  INFO 13824 --- [main] c.a.icatch.provider.imp.AssemblerImp     : USING: com.atomikos.icatch.log_base_dir = C:\Users\Administrator\Documents\miao_project\transaction-logs
2020-08-31 01:09:59.704  INFO 13824 --- [main] c.a.icatch.provider.imp.AssemblerImp     : USING: com.atomikos.icatch.rmi_export_class = none
2020-08-31 01:09:59.704  INFO 13824 --- [main] c.a.icatch.provider.imp.AssemblerImp     : USING: com.atomikos.icatch.max_actives = -1
2020-08-31 01:09:59.704  INFO 13824 --- [main] c.a.icatch.provider.imp.AssemblerImp     : USING: com.atomikos.icatch.checkpoint_interval = 500
2020-08-31 01:09:59.704  INFO 13824 --- [main] c.a.icatch.provider.imp.AssemblerImp     : USING: com.atomikos.icatch.enable_logging = true
2020-08-31 01:09:59.704  INFO 13824 --- [main] c.a.icatch.provider.imp.AssemblerImp     : USING: com.atomikos.icatch.log_base_name = tmlog
2020-08-31 01:09:59.704  INFO 13824 --- [main] c.a.icatch.provider.imp.AssemblerImp     : USING: com.atomikos.icatch.max_timeout = 300000
2020-08-31 01:09:59.704  INFO 13824 --- [main] c.a.icatch.provider.imp.AssemblerImp     : USING: com.atomikos.icatch.trust_client_tm = false
2020-08-31 01:09:59.705  INFO 13824 --- [main] c.a.icatch.provider.imp.AssemblerImp     : USING: java.naming.factory.initial = com.sun.jndi.rmi.registry.RegistryContextFactory
2020-08-31 01:09:59.705  INFO 13824 --- [main] c.a.icatch.provider.imp.AssemblerImp     : USING: com.atomikos.icatch.tm_unique_name = 192.168.99.1.tm
2020-08-31 01:09:59.705  INFO 13824 --- [main] c.a.icatch.provider.imp.AssemblerImp     : USING: com.atomikos.icatch.forget_orphaned_log_entries_delay = 86400000
2020-08-31 01:09:59.705  INFO 13824 --- [main] c.a.icatch.provider.imp.AssemblerImp     : USING: com.atomikos.icatch.oltp_retry_interval = 10000
2020-08-31 01:09:59.705  INFO 13824 --- [main] c.a.icatch.provider.imp.AssemblerImp     : USING: java.naming.provider.url = rmi://localhost:1099
2020-08-31 01:09:59.705  INFO 13824 --- [main] c.a.icatch.provider.imp.AssemblerImp     : USING: com.atomikos.icatch.force_shutdown_on_vm_exit = false
2020-08-31 01:09:59.705  INFO 13824 --- [main] c.a.icatch.provider.imp.AssemblerImp     : USING: com.atomikos.icatch.default_jta_timeout = 10000
2020-08-31 01:09:59.707  INFO 13824 --- [main] c.a.icatch.provider.imp.AssemblerImp     : Using default (local) logging and recovery...
2020-08-31 01:09:59.753  INFO 13824 --- [main] c.a.d.xa.XATransactionalResource         : master: refreshed XAResource
2020-08-31 01:10:04.156  INFO 13824 --- [main] c.s.guns.base.db.dao.DataBaseInfoDao     : 删除master的databaseInfo信息！删除1条！
2020-08-31 01:10:04.407  INFO 13824 --- [main] c.s.guns.base.db.dao.DataBaseInfoDao     : 初始化master的databaseInfo信息！初始化1条！
2020-08-31 01:10:05.289  INFO 13824 --- [main] o.s.s.concurrent.ThreadPoolTaskExecutor  : Initializing ExecutorService 'applicationTaskExecutor'
2020-08-31 01:10:11.034  INFO 13824 --- [main] aultActiviti5CompatibilityHandlerFactory : Activiti 5 compatibility handler implementation not found or error during instantiation : org.activiti.compatibility.DefaultActiviti5CompatibilityHandler. Activiti 5 backwards compatibility disabled.
2020-08-31 01:10:11.852  INFO 13824 --- [main] o.a.engine.impl.ProcessEngineImpl        : ProcessEngine default created
2020-08-31 01:10:13.371  INFO 13824 --- [main] o.s.s.web.DefaultSecurityFilterChain     : Creating filter chain: Ant [pattern='/login', POST], []
2020-08-31 01:10:13.371  INFO 13824 --- [main] o.s.s.web.DefaultSecurityFilterChain     : Creating filter chain: Ant [pattern='/user/login', POST], []
2020-08-31 01:10:13.371  INFO 13824 --- [main] o.s.s.web.DefaultSecurityFilterChain     : Creating filter chain: Ant [pattern='/user/add', POST], []
2020-08-31 01:10:13.371  INFO 13824 --- [main] o.s.s.web.DefaultSecurityFilterChain     : Creating filter chain: Ant [pattern='/user/verifyCode', POST], []
2020-08-31 01:10:13.372  INFO 13824 --- [main] o.s.s.web.DefaultSecurityFilterChain     : Creating filter chain: Ant [pattern='/user/codeVerify', POST], []
2020-08-31 01:10:13.372  INFO 13824 --- [main] o.s.s.web.DefaultSecurityFilterChain     : Creating filter chain: Ant [pattern='/commonSetting/queryDetail', POST], []
2020-08-31 01:10:13.372  INFO 13824 --- [main] o.s.s.web.DefaultSecurityFilterChain     : Creating filter chain: Ant [pattern='/user/getVerifyCode', POST], []
2020-08-31 01:10:13.372  INFO 13824 --- [main] o.s.s.web.DefaultSecurityFilterChain     : Creating filter chain: Ant [pattern='/user/resetPassword', POST], []
2020-08-31 01:10:13.372  INFO 13824 --- [main] o.s.s.web.DefaultSecurityFilterChain     : Creating filter chain: Ant [pattern='/assets/**', GET], []
2020-08-31 01:10:13.372  INFO 13824 --- [main] o.s.s.web.DefaultSecurityFilterChain     : Creating filter chain: Ant [pattern='/favicon.ico', GET], []
2020-08-31 01:10:13.372  INFO 13824 --- [main] o.s.s.web.DefaultSecurityFilterChain     : Creating filter chain: Ant [pattern='/activiti-editor/**', GET], []
2020-08-31 01:10:13.373  INFO 13824 --- [main] o.s.s.web.DefaultSecurityFilterChain     : Creating filter chain: Ant [pattern='/image/**', GET], []
2020-08-31 01:10:13.373  INFO 13824 --- [main] o.s.s.web.DefaultSecurityFilterChain     : Creating filter chain: Ant [pattern='/ueditor/**', GET], []
2020-08-31 01:10:13.446  INFO 13824 --- [main] pertySourcedRequestMappingHandlerMapping : Mapped URL path [/v2/api-docs] onto method [public org.springframework.http.ResponseEntity<springfox.documentation.spring.web.json.Json> springfox.documentation.swagger2.web.Swagger2Controller.getDocumentation(java.lang.String,javax.servlet.http.HttpServletRequest)]
2020-08-31 01:10:13.562  INFO 13824 --- [main] o.s.s.web.DefaultSecurityFilterChain     : Creating filter chain: any request, [org.springframework.security.web.context.request.async.WebAsyncManagerIntegrationFilter@2e4d252, org.springframework.security.web.context.SecurityContextPersistenceFilter@4b808427, org.springframework.security.web.header.HeaderWriterFilter@3b850bb7, org.springframework.web.filter.CorsFilter@3555d804, cn.stylefeng.guns.sys.core.auth.filter.JwtAuthorizationTokenFilter@183fc2fa, org.springframework.security.web.savedrequest.RequestCacheAwareFilter@6771fc29, org.springframework.security.web.servletapi.SecurityContextHolderAwareRequestFilter@1f602930, org.springframework.security.web.authentication.AnonymousAuthenticationFilter@19b8f1bd, org.springframework.security.web.session.SessionManagementFilter@229fe7ab, org.springframework.security.web.access.ExceptionTranslationFilter@75559cd9, org.springframework.security.web.access.intercept.FilterSecurityInterceptor@6560f387]
2020-08-31 01:10:14.644  INFO 13824 --- [main] org.quartz.impl.StdSchedulerFactory      : Using default implementation for ThreadExecutor
2020-08-31 01:10:14.660  INFO 13824 --- [main] org.quartz.core.SchedulerSignalerImpl    : Initialized Scheduler Signaller of type: class org.quartz.core.SchedulerSignalerImpl
2020-08-31 01:10:14.660  INFO 13824 --- [main] org.quartz.core.QuartzScheduler          : Quartz Scheduler v.2.3.1 created.
2020-08-31 01:10:14.661  INFO 13824 --- [main] org.quartz.simpl.RAMJobStore             : RAMJobStore initialized.
2020-08-31 01:10:14.662  INFO 13824 --- [main] org.quartz.core.QuartzScheduler          : Scheduler meta-data: Quartz Scheduler (v2.3.1) 'quartzScheduler' with instanceId 'NON_CLUSTERED'
  Scheduler class: 'org.quartz.core.QuartzScheduler' - running locally.
  NOT STARTED.
  Currently in standby mode.
  Number of jobs executed: 0
  Using thread pool 'org.quartz.simpl.SimpleThreadPool' - with 10 threads.
  Using job-store 'org.quartz.simpl.RAMJobStore' - which does not support persistence. and is not clustered.

2020-08-31 01:10:14.662  INFO 13824 --- [main] org.quartz.impl.StdSchedulerFactory      : Quartz scheduler 'quartzScheduler' initialized from an externally provided properties instance.
2020-08-31 01:10:14.662  INFO 13824 --- [main] org.quartz.impl.StdSchedulerFactory      : Quartz scheduler version: 2.3.1
2020-08-31 01:10:14.663  INFO 13824 --- [main] org.quartz.core.QuartzScheduler          : JobFactory set to: org.springframework.scheduling.quartz.SpringBeanJobFactory@12ebcdf6
2020-08-31 01:10:14.830  INFO 13824 --- [main] d.s.w.p.DocumentationPluginsBootstrapper : Context refreshed
2020-08-31 01:10:14.864  INFO 13824 --- [main] d.s.w.p.DocumentationPluginsBootstrapper : Found 1 custom documentation plugin(s)
2020-08-31 01:10:14.944  INFO 13824 --- [main] s.d.s.w.s.ApiListingReferenceScanner     : Scanning for api listing references
2020-08-31 01:10:15.222  INFO 13824 --- [main] .d.s.w.r.o.CachingOperationNameGenerator : Generating unique operation named: queryDetailUsingPOST_1
2020-08-31 01:10:15.229  INFO 13824 --- [main] .d.s.w.r.o.CachingOperationNameGenerator : Generating unique operation named: addUsingPOST_1
2020-08-31 01:10:15.231  INFO 13824 --- [main] .d.s.w.r.o.CachingOperationNameGenerator : Generating unique operation named: deleteUsingPOST_1
2020-08-31 01:10:15.235  INFO 13824 --- [main] .d.s.w.r.o.CachingOperationNameGenerator : Generating unique operation named: queryDetailUsingPOST_2
2020-08-31 01:10:15.238  INFO 13824 --- [main] .d.s.w.r.o.CachingOperationNameGenerator : Generating unique operation named: queryListUsingPOST_1
2020-08-31 01:10:15.240  INFO 13824 --- [main] .d.s.w.r.o.CachingOperationNameGenerator : Generating unique operation named: queryListPageUsingPOST_1
2020-08-31 01:10:15.242  INFO 13824 --- [main] .d.s.w.r.o.CachingOperationNameGenerator : Generating unique operation named: updateUsingPOST_1
2020-08-31 01:10:15.250  INFO 13824 --- [main] .d.s.w.r.o.CachingOperationNameGenerator : Generating unique operation named: addUsingPOST_2
2020-08-31 01:10:15.254  INFO 13824 --- [main] .d.s.w.r.o.CachingOperationNameGenerator : Generating unique operation named: deleteUsingPOST_2
2020-08-31 01:10:15.268  INFO 13824 --- [main] .d.s.w.r.o.CachingOperationNameGenerator : Generating unique operation named: queryDetailUsingPOST_3
2020-08-31 01:10:15.274  INFO 13824 --- [main] .d.s.w.r.o.CachingOperationNameGenerator : Generating unique operation named: queryListUsingPOST_2
2020-08-31 01:10:15.278  INFO 13824 --- [main] .d.s.w.r.o.CachingOperationNameGenerator : Generating unique operation named: queryListPageUsingPOST_2
2020-08-31 01:10:15.287  INFO 13824 --- [main] .d.s.w.r.o.CachingOperationNameGenerator : Generating unique operation named: updateUsingPOST_2
2020-08-31 01:10:15.298  INFO 13824 --- [main] .d.s.w.r.o.CachingOperationNameGenerator : Generating unique operation named: addUsingPOST_3
2020-08-31 01:10:15.305  INFO 13824 --- [main] .d.s.w.r.o.CachingOperationNameGenerator : Generating unique operation named: deleteUsingGET_1
2020-08-31 01:10:15.306  INFO 13824 --- [main] .d.s.w.r.o.CachingOperationNameGenerator : Generating unique operation named: deleteUsingHEAD_1
2020-08-31 01:10:15.308  INFO 13824 --- [main] .d.s.w.r.o.CachingOperationNameGenerator : Generating unique operation named: deleteUsingPOST_3
2020-08-31 01:10:15.308  INFO 13824 --- [main] .d.s.w.r.o.CachingOperationNameGenerator : Generating unique operation named: deleteUsingPUT_1
2020-08-31 01:10:15.309  INFO 13824 --- [main] .d.s.w.r.o.CachingOperationNameGenerator : Generating unique operation named: deleteUsingPATCH_1
2020-08-31 01:10:15.310  INFO 13824 --- [main] .d.s.w.r.o.CachingOperationNameGenerator : Generating unique operation named: deleteUsingDELETE_1
2020-08-31 01:10:15.311  INFO 13824 --- [main] .d.s.w.r.o.CachingOperationNameGenerator : Generating unique operation named: deleteUsingOPTIONS_1
2020-08-31 01:10:15.312  INFO 13824 --- [main] .d.s.w.r.o.CachingOperationNameGenerator : Generating unique operation named: deleteUsingTRACE_1
2020-08-31 01:10:15.316  INFO 13824 --- [main] .d.s.w.r.o.CachingOperationNameGenerator : Generating unique operation named: queryDetailUsingGET_1
2020-08-31 01:10:15.317  INFO 13824 --- [main] .d.s.w.r.o.CachingOperationNameGenerator : Generating unique operation named: queryDetailUsingHEAD_1
2020-08-31 01:10:15.318  INFO 13824 --- [main] .d.s.w.r.o.CachingOperationNameGenerator : Generating unique operation named: queryDetailUsingPOST_4
2020-08-31 01:10:15.319  INFO 13824 --- [main] .d.s.w.r.o.CachingOperationNameGenerator : Generating unique operation named: queryDetailUsingPUT_1
2020-08-31 01:10:15.320  INFO 13824 --- [main] .d.s.w.r.o.CachingOperationNameGenerator : Generating unique operation named: queryDetailUsingPATCH_1
2020-08-31 01:10:15.321  INFO 13824 --- [main] .d.s.w.r.o.CachingOperationNameGenerator : Generating unique operation named: queryDetailUsingDELETE_1
2020-08-31 01:10:15.321  INFO 13824 --- [main] .d.s.w.r.o.CachingOperationNameGenerator : Generating unique operation named: queryDetailUsingOPTIONS_1
2020-08-31 01:10:15.322  INFO 13824 --- [main] .d.s.w.r.o.CachingOperationNameGenerator : Generating unique operation named: queryDetailUsingTRACE_1
2020-08-31 01:10:15.324  INFO 13824 --- [main] .d.s.w.r.o.CachingOperationNameGenerator : Generating unique operation named: queryListUsingGET_1
2020-08-31 01:10:15.326  INFO 13824 --- [main] .d.s.w.r.o.CachingOperationNameGenerator : Generating unique operation named: queryListUsingPOST_3
2020-08-31 01:10:15.331  INFO 13824 --- [main] .d.s.w.r.o.CachingOperationNameGenerator : Generating unique operation named: queryListPageUsingGET_1
2020-08-31 01:10:15.332  INFO 13824 --- [main] .d.s.w.r.o.CachingOperationNameGenerator : Generating unique operation named: queryListPageUsingHEAD_1
2020-08-31 01:10:15.333  INFO 13824 --- [main] .d.s.w.r.o.CachingOperationNameGenerator : Generating unique operation named: queryListPageUsingPOST_3
2020-08-31 01:10:15.334  INFO 13824 --- [main] .d.s.w.r.o.CachingOperationNameGenerator : Generating unique operation named: queryListPageUsingPUT_1
2020-08-31 01:10:15.335  INFO 13824 --- [main] .d.s.w.r.o.CachingOperationNameGenerator : Generating unique operation named: queryListPageUsingPATCH_1
2020-08-31 01:10:15.336  INFO 13824 --- [main] .d.s.w.r.o.CachingOperationNameGenerator : Generating unique operation named: queryListPageUsingDELETE_1
2020-08-31 01:10:15.336  INFO 13824 --- [main] .d.s.w.r.o.CachingOperationNameGenerator : Generating unique operation named: queryListPageUsingOPTIONS_1
2020-08-31 01:10:15.337  INFO 13824 --- [main] .d.s.w.r.o.CachingOperationNameGenerator : Generating unique operation named: queryListPageUsingTRACE_1
2020-08-31 01:10:15.339  INFO 13824 --- [main] .d.s.w.r.o.CachingOperationNameGenerator : Generating unique operation named: updateUsingGET_1
2020-08-31 01:10:15.340  INFO 13824 --- [main] .d.s.w.r.o.CachingOperationNameGenerator : Generating unique operation named: updateUsingHEAD_1
2020-08-31 01:10:15.341  INFO 13824 --- [main] .d.s.w.r.o.CachingOperationNameGenerator : Generating unique operation named: updateUsingPOST_3
2020-08-31 01:10:15.342  INFO 13824 --- [main] .d.s.w.r.o.CachingOperationNameGenerator : Generating unique operation named: updateUsingPUT_1
2020-08-31 01:10:15.343  INFO 13824 --- [main] .d.s.w.r.o.CachingOperationNameGenerator : Generating unique operation named: updateUsingPATCH_1
2020-08-31 01:10:15.343  INFO 13824 --- [main] .d.s.w.r.o.CachingOperationNameGenerator : Generating unique operation named: updateUsingDELETE_1
2020-08-31 01:10:15.344  INFO 13824 --- [main] .d.s.w.r.o.CachingOperationNameGenerator : Generating unique operation named: updateUsingOPTIONS_1
2020-08-31 01:10:15.346  INFO 13824 --- [main] .d.s.w.r.o.CachingOperationNameGenerator : Generating unique operation named: updateUsingTRACE_1
2020-08-31 01:10:15.352  INFO 13824 --- [main] .d.s.w.r.o.CachingOperationNameGenerator : Generating unique operation named: addUsingPOST_4
2020-08-31 01:10:15.353  INFO 13824 --- [main] .d.s.w.r.o.CachingOperationNameGenerator : Generating unique operation named: deleteUsingPOST_4
2020-08-31 01:10:15.356  INFO 13824 --- [main] .d.s.w.r.o.CachingOperationNameGenerator : Generating unique operation named: queryDetailUsingPOST_5
2020-08-31 01:10:15.358  INFO 13824 --- [main] .d.s.w.r.o.CachingOperationNameGenerator : Generating unique operation named: queryListUsingPOST_4
2020-08-31 01:10:15.359  INFO 13824 --- [main] .d.s.w.r.o.CachingOperationNameGenerator : Generating unique operation named: queryListPageUsingPOST_4
2020-08-31 01:10:15.361  INFO 13824 --- [main] .d.s.w.r.o.CachingOperationNameGenerator : Generating unique operation named: updateUsingPOST_4
2020-08-31 01:10:15.367  INFO 13824 --- [main] .d.s.w.r.o.CachingOperationNameGenerator : Generating unique operation named: addUsingPOST_5
2020-08-31 01:10:15.368  INFO 13824 --- [main] .d.s.w.r.o.CachingOperationNameGenerator : Generating unique operation named: deleteUsingPOST_5
2020-08-31 01:10:15.373  INFO 13824 --- [main] .d.s.w.r.o.CachingOperationNameGenerator : Generating unique operation named: queryDetailUsingPOST_6
2020-08-31 01:10:15.375  INFO 13824 --- [main] .d.s.w.r.o.CachingOperationNameGenerator : Generating unique operation named: queryListUsingPOST_5
2020-08-31 01:10:15.377  INFO 13824 --- [main] .d.s.w.r.o.CachingOperationNameGenerator : Generating unique operation named: queryListPageUsingPOST_5
2020-08-31 01:10:15.378  INFO 13824 --- [main] .d.s.w.r.o.CachingOperationNameGenerator : Generating unique operation named: updateUsingPOST_5
2020-08-31 01:10:15.383  INFO 13824 --- [main] .d.s.w.r.o.CachingOperationNameGenerator : Generating unique operation named: addUsingGET_1
2020-08-31 01:10:15.384  INFO 13824 --- [main] .d.s.w.r.o.CachingOperationNameGenerator : Generating unique operation named: addUsingHEAD_1
2020-08-31 01:10:15.384  INFO 13824 --- [main] .d.s.w.r.o.CachingOperationNameGenerator : Generating unique operation named: addUsingPOST_6
2020-08-31 01:10:15.385  INFO 13824 --- [main] .d.s.w.r.o.CachingOperationNameGenerator : Generating unique operation named: addUsingPUT_1
2020-08-31 01:10:15.386  INFO 13824 --- [main] .d.s.w.r.o.CachingOperationNameGenerator : Generating unique operation named: addUsingPATCH_1
2020-08-31 01:10:15.387  INFO 13824 --- [main] .d.s.w.r.o.CachingOperationNameGenerator : Generating unique operation named: addUsingDELETE_1
2020-08-31 01:10:15.388  INFO 13824 --- [main] .d.s.w.r.o.CachingOperationNameGenerator : Generating unique operation named: addUsingOPTIONS_1
2020-08-31 01:10:15.388  INFO 13824 --- [main] .d.s.w.r.o.CachingOperationNameGenerator : Generating unique operation named: addUsingTRACE_1
2020-08-31 01:10:15.389  INFO 13824 --- [main] .d.s.w.r.o.CachingOperationNameGenerator : Generating unique operation named: deleteUsingGET_2
2020-08-31 01:10:15.390  INFO 13824 --- [main] .d.s.w.r.o.CachingOperationNameGenerator : Generating unique operation named: deleteUsingHEAD_2
2020-08-31 01:10:15.391  INFO 13824 --- [main] .d.s.w.r.o.CachingOperationNameGenerator : Generating unique operation named: deleteUsingPOST_6
2020-08-31 01:10:15.392  INFO 13824 --- [main] .d.s.w.r.o.CachingOperationNameGenerator : Generating unique operation named: deleteUsingPUT_2
2020-08-31 01:10:15.393  INFO 13824 --- [main] .d.s.w.r.o.CachingOperationNameGenerator : Generating unique operation named: deleteUsingPATCH_2
2020-08-31 01:10:15.393  INFO 13824 --- [main] .d.s.w.r.o.CachingOperationNameGenerator : Generating unique operation named: deleteUsingDELETE_2
2020-08-31 01:10:15.394  INFO 13824 --- [main] .d.s.w.r.o.CachingOperationNameGenerator : Generating unique operation named: deleteUsingOPTIONS_2
2020-08-31 01:10:15.395  INFO 13824 --- [main] .d.s.w.r.o.CachingOperationNameGenerator : Generating unique operation named: deleteUsingTRACE_2
2020-08-31 01:10:15.398  INFO 13824 --- [main] .d.s.w.r.o.CachingOperationNameGenerator : Generating unique operation named: queryDetailUsingGET_2
2020-08-31 01:10:15.399  INFO 13824 --- [main] .d.s.w.r.o.CachingOperationNameGenerator : Generating unique operation named: queryDetailUsingHEAD_2
2020-08-31 01:10:15.400  INFO 13824 --- [main] .d.s.w.r.o.CachingOperationNameGenerator : Generating unique operation named: queryDetailUsingPOST_7
2020-08-31 01:10:15.401  INFO 13824 --- [main] .d.s.w.r.o.CachingOperationNameGenerator : Generating unique operation named: queryDetailUsingPUT_2
2020-08-31 01:10:15.402  INFO 13824 --- [main] .d.s.w.r.o.CachingOperationNameGenerator : Generating unique operation named: queryDetailUsingPATCH_2
2020-08-31 01:10:15.403  INFO 13824 --- [main] .d.s.w.r.o.CachingOperationNameGenerator : Generating unique operation named: queryDetailUsingDELETE_2
2020-08-31 01:10:15.404  INFO 13824 --- [main] .d.s.w.r.o.CachingOperationNameGenerator : Generating unique operation named: queryDetailUsingOPTIONS_2
2020-08-31 01:10:15.405  INFO 13824 --- [main] .d.s.w.r.o.CachingOperationNameGenerator : Generating unique operation named: queryDetailUsingTRACE_2
2020-08-31 01:10:15.406  INFO 13824 --- [main] .d.s.w.r.o.CachingOperationNameGenerator : Generating unique operation named: queryListUsingGET_2
2020-08-31 01:10:15.407  INFO 13824 --- [main] .d.s.w.r.o.CachingOperationNameGenerator : Generating unique operation named: queryListUsingHEAD_1
2020-08-31 01:10:15.408  INFO 13824 --- [main] .d.s.w.r.o.CachingOperationNameGenerator : Generating unique operation named: queryListUsingPOST_6
2020-08-31 01:10:15.409  INFO 13824 --- [main] .d.s.w.r.o.CachingOperationNameGenerator : Generating unique operation named: queryListUsingPUT_1
2020-08-31 01:10:15.410  INFO 13824 --- [main] .d.s.w.r.o.CachingOperationNameGenerator : Generating unique operation named: queryListUsingPATCH_1
2020-08-31 01:10:15.410  INFO 13824 --- [main] .d.s.w.r.o.CachingOperationNameGenerator : Generating unique operation named: queryListUsingDELETE_1
2020-08-31 01:10:15.411  INFO 13824 --- [main] .d.s.w.r.o.CachingOperationNameGenerator : Generating unique operation named: queryListUsingOPTIONS_1
2020-08-31 01:10:15.412  INFO 13824 --- [main] .d.s.w.r.o.CachingOperationNameGenerator : Generating unique operation named: queryListUsingTRACE_1
2020-08-31 01:10:15.413  INFO 13824 --- [main] .d.s.w.r.o.CachingOperationNameGenerator : Generating unique operation named: queryListPageUsingGET_2
2020-08-31 01:10:15.414  INFO 13824 --- [main] .d.s.w.r.o.CachingOperationNameGenerator : Generating unique operation named: queryListPageUsingHEAD_2
2020-08-31 01:10:15.415  INFO 13824 --- [main] .d.s.w.r.o.CachingOperationNameGenerator : Generating unique operation named: queryListPageUsingPOST_6
2020-08-31 01:10:15.415  INFO 13824 --- [main] .d.s.w.r.o.CachingOperationNameGenerator : Generating unique operation named: queryListPageUsingPUT_2
2020-08-31 01:10:15.416  INFO 13824 --- [main] .d.s.w.r.o.CachingOperationNameGenerator : Generating unique operation named: queryListPageUsingPATCH_2
2020-08-31 01:10:15.417  INFO 13824 --- [main] .d.s.w.r.o.CachingOperationNameGenerator : Generating unique operation named: queryListPageUsingDELETE_2
2020-08-31 01:10:15.417  INFO 13824 --- [main] .d.s.w.r.o.CachingOperationNameGenerator : Generating unique operation named: queryListPageUsingOPTIONS_2
2020-08-31 01:10:15.418  INFO 13824 --- [main] .d.s.w.r.o.CachingOperationNameGenerator : Generating unique operation named: queryListPageUsingTRACE_2
2020-08-31 01:10:15.419  INFO 13824 --- [main] .d.s.w.r.o.CachingOperationNameGenerator : Generating unique operation named: updateUsingGET_2
2020-08-31 01:10:15.420  INFO 13824 --- [main] .d.s.w.r.o.CachingOperationNameGenerator : Generating unique operation named: updateUsingHEAD_2
2020-08-31 01:10:15.421  INFO 13824 --- [main] .d.s.w.r.o.CachingOperationNameGenerator : Generating unique operation named: updateUsingPOST_6
2020-08-31 01:10:15.422  INFO 13824 --- [main] .d.s.w.r.o.CachingOperationNameGenerator : Generating unique operation named: updateUsingPUT_2
2020-08-31 01:10:15.422  INFO 13824 --- [main] .d.s.w.r.o.CachingOperationNameGenerator : Generating unique operation named: updateUsingPATCH_2
2020-08-31 01:10:15.423  INFO 13824 --- [main] .d.s.w.r.o.CachingOperationNameGenerator : Generating unique operation named: updateUsingDELETE_2
2020-08-31 01:10:15.424  INFO 13824 --- [main] .d.s.w.r.o.CachingOperationNameGenerator : Generating unique operation named: updateUsingOPTIONS_2
2020-08-31 01:10:15.425  INFO 13824 --- [main] .d.s.w.r.o.CachingOperationNameGenerator : Generating unique operation named: updateUsingTRACE_2
2020-08-31 01:10:15.434  INFO 13824 --- [main] .d.s.w.r.o.CachingOperationNameGenerator : Generating unique operation named: addUsingPOST_7
2020-08-31 01:10:15.438  INFO 13824 --- [main] .d.s.w.r.o.CachingOperationNameGenerator : Generating unique operation named: deleteUsingGET_3
2020-08-31 01:10:15.439  INFO 13824 --- [main] .d.s.w.r.o.CachingOperationNameGenerator : Generating unique operation named: deleteUsingHEAD_3
2020-08-31 01:10:15.440  INFO 13824 --- [main] .d.s.w.r.o.CachingOperationNameGenerator : Generating unique operation named: deleteUsingPOST_7
2020-08-31 01:10:15.441  INFO 13824 --- [main] .d.s.w.r.o.CachingOperationNameGenerator : Generating unique operation named: deleteUsingPUT_3
2020-08-31 01:10:15.441  INFO 13824 --- [main] .d.s.w.r.o.CachingOperationNameGenerator : Generating unique operation named: deleteUsingPATCH_3
2020-08-31 01:10:15.442  INFO 13824 --- [main] .d.s.w.r.o.CachingOperationNameGenerator : Generating unique operation named: deleteUsingDELETE_3
2020-08-31 01:10:15.443  INFO 13824 --- [main] .d.s.w.r.o.CachingOperationNameGenerator : Generating unique operation named: deleteUsingOPTIONS_3
2020-08-31 01:10:15.444  INFO 13824 --- [main] .d.s.w.r.o.CachingOperationNameGenerator : Generating unique operation named: deleteUsingTRACE_3
2020-08-31 01:10:15.447  INFO 13824 --- [main] .d.s.w.r.o.CachingOperationNameGenerator : Generating unique operation named: queryDetailUsingPOST_8
2020-08-31 01:10:15.448  INFO 13824 --- [main] .d.s.w.r.o.CachingOperationNameGenerator : Generating unique operation named: queryListUsingPOST_7
2020-08-31 01:10:15.450  INFO 13824 --- [main] .d.s.w.r.o.CachingOperationNameGenerator : Generating unique operation named: queryListPageUsingPOST_7
2020-08-31 01:10:15.451  INFO 13824 --- [main] .d.s.w.r.o.CachingOperationNameGenerator : Generating unique operation named: updateUsingPOST_7
2020-08-31 01:10:15.455  INFO 13824 --- [main] .d.s.w.r.o.CachingOperationNameGenerator : Generating unique operation named: addUsingPOST_8
2020-08-31 01:10:15.458  INFO 13824 --- [main] .d.s.w.r.o.CachingOperationNameGenerator : Generating unique operation named: deleteUsingPOST_8
2020-08-31 01:10:15.461  INFO 13824 --- [main] .d.s.w.r.o.CachingOperationNameGenerator : Generating unique operation named: queryDetailUsingPOST_9
2020-08-31 01:10:15.462  INFO 13824 --- [main] .d.s.w.r.o.CachingOperationNameGenerator : Generating unique operation named: queryListUsingPOST_8
2020-08-31 01:10:15.464  INFO 13824 --- [main] .d.s.w.r.o.CachingOperationNameGenerator : Generating unique operation named: queryListPageUsingPOST_8
2020-08-31 01:10:15.465  INFO 13824 --- [main] .d.s.w.r.o.CachingOperationNameGenerator : Generating unique operation named: updateUsingPOST_8
2020-08-31 01:10:15.475  INFO 13824 --- [main] .d.s.w.r.o.CachingOperationNameGenerator : Generating unique operation named: addUsingPOST_9
2020-08-31 01:10:15.565  INFO 13824 --- [main] .d.s.w.r.o.CachingOperationNameGenerator : Generating unique operation named: logoutUsingGET_1
2020-08-31 01:10:15.573  INFO 13824 --- [main] .d.s.w.r.o.CachingOperationNameGenerator : Generating unique operation named: queryDetailUsingPOST_10
2020-08-31 01:10:15.574  INFO 13824 --- [main] .d.s.w.r.o.CachingOperationNameGenerator : Generating unique operation named: queryListUsingPOST_9
2020-08-31 01:10:15.575  INFO 13824 --- [main] .d.s.w.r.o.CachingOperationNameGenerator : Generating unique operation named: queryListPageUsingPOST_9
2020-08-31 01:10:15.584  INFO 13824 --- [main] .d.s.w.r.o.CachingOperationNameGenerator : Generating unique operation named: restLoginUsingPOST_1
2020-08-31 01:10:15.585  INFO 13824 --- [main] .d.s.w.r.o.CachingOperationNameGenerator : Generating unique operation named: updateUsingPOST_9
2020-08-31 01:10:15.600  INFO 13824 --- [main] .d.s.w.r.o.CachingOperationNameGenerator : Generating unique operation named: verifyCodeUsingPOST_1
2020-08-31 01:10:15.618  INFO 13824 --- [main] o.s.s.quartz.SchedulerFactoryBean        : Starting Quartz Scheduler now
2020-08-31 01:10:15.618  INFO 13824 --- [main] org.quartz.core.QuartzScheduler          : Scheduler quartzScheduler_$_NON_CLUSTERED started.
2020-08-31 01:10:15.680  INFO 13824 --- [main] o.s.b.w.embedded.tomcat.TomcatWebServer  : Tomcat started on port(s): 8002 (http) with context path ''
2020-08-31 01:10:15.685  INFO 13824 --- [main] cn.stylefeng.guns.GunsApplication        : Started GunsApplication in 23.702 seconds (JVM running for 25.382)
2020-08-31 01:10:15.822  INFO 13824 --- [main] c.s.g.s.m.consts.init.SysConfigInit      : 初始化常量16条！
2020-08-31 01:10:15.945  INFO 13824 --- [main] c.s.guns.base.i18n.init.TranslationInit  : 初始化所有的翻译字典457条！
2020-08-31 01:10:15.948  INFO 13824 --- [main] cn.stylefeng.guns.GunsApplication        : GunsApplication is success!
2020-08-31 01:10:43.746  INFO 13824 --- [http-nio-8002-exec-1] o.a.c.c.C.[Tomcat].[localhost].[/]       : Initializing Spring DispatcherServlet 'dispatcherServlet'
2020-08-31 01:10:43.747  INFO 13824 --- [http-nio-8002-exec-1] o.s.web.servlet.DispatcherServlet        : Initializing Servlet 'dispatcherServlet'
2020-08-31 01:10:43.768  INFO 13824 --- [http-nio-8002-exec-1] o.s.web.servlet.DispatcherServlet        : Completed initialization in 21 ms
2020-08-31 01:10:43.795 ERROR 13824 --- [http-nio-8002-exec-1] c.s.guns.base.consts.ConstantsContext    : jwt密钥存在空值！常量名称：GUNS_JWT_SECRET，采用默认值：随机字符串->9yka6ufi0u5ggrgtixfgpve0thilcjp9，若想忽略此提示，请在开发管理->系统配置->参数配置，设置相关参数！
2020-08-31 01:10:52.678 ERROR 13824 --- [http-nio-8002-exec-5] c.s.g.s.m.s.service.FileInfoService      : 头像未找到！

java.io.FileNotFoundException: \Users\percylu\upload\1294097954298228737.jpg (系统找不到指定的路径。)
	at java.io.FileInputStream.open0(Native Method)
	at java.io.FileInputStream.open(FileInputStream.java:195)
	at java.io.FileInputStream.<init>(FileInputStream.java:138)
	at java.io.FileInputStream.<init>(FileInputStream.java:93)
	at cn.stylefeng.guns.sys.modular.system.service.FileInfoService.previewAvatar(FileInfoService.java:97)
	at cn.stylefeng.guns.sys.modular.system.service.FileInfoService$$FastClassBySpringCGLIB$$adc3a6b.invoke(<generated>)
	at org.springframework.cglib.proxy.MethodProxy.invoke(MethodProxy.java:218)
	at org.springframework.aop.framework.CglibAopProxy$DynamicAdvisedInterceptor.intercept(CglibAopProxy.java:684)
	at cn.stylefeng.guns.sys.modular.system.service.FileInfoService$$EnhancerBySpringCGLIB$$8b57f0e7.previewAvatar(<generated>)
	at cn.stylefeng.guns.sys.modular.system.controller.SystemController.previewAvatar(SystemController.java:257)
	at cn.stylefeng.guns.sys.modular.system.controller.SystemController$$FastClassBySpringCGLIB$$c20e2f96.invoke(<generated>)
	at org.springframework.cglib.proxy.MethodProxy.invoke(MethodProxy.java:218)
	at org.springframework.aop.framework.CglibAopProxy$CglibMethodInvocation.invokeJoinpoint(CglibAopProxy.java:749)
	at org.springframework.aop.framework.ReflectiveMethodInvocation.proceed(ReflectiveMethodInvocation.java:163)
	at org.springframework.aop.aspectj.MethodInvocationProceedingJoinPoint.proceed(MethodInvocationProceedingJoinPoint.java:88)
	at cn.stylefeng.guns.tenant.aop.TenantSourceExAop.around(TenantSourceExAop.java:50)
	at sun.reflect.NativeMethodAccessorImpl.invoke0(Native Method)
	at sun.reflect.NativeMethodAccessorImpl.invoke(NativeMethodAccessorImpl.java:62)
	at sun.reflect.DelegatingMethodAccessorImpl.invoke(DelegatingMethodAccessorImpl.java:43)
	at java.lang.reflect.Method.invoke(Method.java:498)
	at org.springframework.aop.aspectj.AbstractAspectJAdvice.invokeAdviceMethodWithGivenArgs(AbstractAspectJAdvice.java:644)
	at org.springframework.aop.aspectj.AbstractAspectJAdvice.invokeAdviceMethod(AbstractAspectJAdvice.java:633)
	at org.springframework.aop.aspectj.AspectJAroundAdvice.invoke(AspectJAroundAdvice.java:70)
	at org.springframework.aop.framework.ReflectiveMethodInvocation.proceed(ReflectiveMethodInvocation.java:186)
	at org.springframework.aop.interceptor.ExposeInvocationInterceptor.invoke(ExposeInvocationInterceptor.java:93)
	at org.springframework.aop.framework.ReflectiveMethodInvocation.proceed(ReflectiveMethodInvocation.java:186)
	at org.springframework.aop.framework.CglibAopProxy$DynamicAdvisedInterceptor.intercept(CglibAopProxy.java:688)
	at cn.stylefeng.guns.sys.modular.system.controller.SystemController$$EnhancerBySpringCGLIB$$d4b11cc3.previewAvatar(<generated>)
	at sun.reflect.NativeMethodAccessorImpl.invoke0(Native Method)
	at sun.reflect.NativeMethodAccessorImpl.invoke(NativeMethodAccessorImpl.java:62)
	at sun.reflect.DelegatingMethodAccessorImpl.invoke(DelegatingMethodAccessorImpl.java:43)
	at java.lang.reflect.Method.invoke(Method.java:498)
	at org.springframework.web.method.support.InvocableHandlerMethod.doInvoke(InvocableHandlerMethod.java:190)
	at org.springframework.web.method.support.InvocableHandlerMethod.invokeForRequest(InvocableHandlerMethod.java:138)
	at org.springframework.web.servlet.mvc.method.annotation.ServletInvocableHandlerMethod.invokeAndHandle(ServletInvocableHandlerMethod.java:104)
	at org.springframework.web.servlet.mvc.method.annotation.RequestMappingHandlerAdapter.invokeHandlerMethod(RequestMappingHandlerAdapter.java:892)
	at org.springframework.web.servlet.mvc.method.annotation.RequestMappingHandlerAdapter.handleInternal(RequestMappingHandlerAdapter.java:797)
	at org.springframework.web.servlet.mvc.method.AbstractHandlerMethodAdapter.handle(AbstractHandlerMethodAdapter.java:87)
	at org.springframework.web.servlet.DispatcherServlet.doDispatch(DispatcherServlet.java:1039)
	at org.springframework.web.servlet.DispatcherServlet.doService(DispatcherServlet.java:942)
	at org.springframework.web.servlet.FrameworkServlet.processRequest(FrameworkServlet.java:1005)
	at org.springframework.web.servlet.FrameworkServlet.doGet(FrameworkServlet.java:897)
	at javax.servlet.http.HttpServlet.service(HttpServlet.java:634)
	at org.springframework.web.servlet.FrameworkServlet.service(FrameworkServlet.java:882)
	at javax.servlet.http.HttpServlet.service(HttpServlet.java:741)
	at org.apache.catalina.core.ApplicationFilterChain.internalDoFilter(ApplicationFilterChain.java:231)
	at org.apache.catalina.core.ApplicationFilterChain.doFilter(ApplicationFilterChain.java:166)
	at org.apache.tomcat.websocket.server.WsFilter.doFilter(WsFilter.java:53)
	at org.apache.catalina.core.ApplicationFilterChain.internalDoFilter(ApplicationFilterChain.java:193)
	at org.apache.catalina.core.ApplicationFilterChain.doFilter(ApplicationFilterChain.java:166)
	at org.springframework.web.filter.OncePerRequestFilter.doFilter(OncePerRequestFilter.java:103)
	at org.apache.catalina.core.ApplicationFilterChain.internalDoFilter(ApplicationFilterChain.java:193)
	at org.apache.catalina.core.ApplicationFilterChain.doFilter(ApplicationFilterChain.java:166)
	at cn.stylefeng.roses.core.xss.XssFilter.doFilter(XssFilter.java:31)
	at org.apache.catalina.core.ApplicationFilterChain.internalDoFilter(ApplicationFilterChain.java:193)
	at org.apache.catalina.core.ApplicationFilterChain.doFilter(ApplicationFilterChain.java:166)
	at com.alibaba.druid.support.http.WebStatFilter.doFilter(WebStatFilter.java:124)
	at org.apache.catalina.core.ApplicationFilterChain.internalDoFilter(ApplicationFilterChain.java:193)
	at org.apache.catalina.core.ApplicationFilterChain.doFilter(ApplicationFilterChain.java:166)
	at org.springframework.security.web.FilterChainProxy$VirtualFilterChain.doFilter(FilterChainProxy.java:320)
	at org.springframework.security.web.access.intercept.FilterSecurityInterceptor.invoke(FilterSecurityInterceptor.java:127)
	at org.springframework.security.web.access.intercept.FilterSecurityInterceptor.doFilter(FilterSecurityInterceptor.java:91)
	at org.springframework.security.web.FilterChainProxy$VirtualFilterChain.doFilter(FilterChainProxy.java:334)
	at org.springframework.security.web.access.ExceptionTranslationFilter.doFilter(ExceptionTranslationFilter.java:119)
	at org.springframework.security.web.FilterChainProxy$VirtualFilterChain.doFilter(FilterChainProxy.java:334)
	at org.springframework.security.web.session.SessionManagementFilter.doFilter(SessionManagementFilter.java:137)
	at org.springframework.security.web.FilterChainProxy$VirtualFilterChain.doFilter(FilterChainProxy.java:334)
	at org.springframework.security.web.authentication.AnonymousAuthenticationFilter.doFilter(AnonymousAuthenticationFilter.java:111)
	at org.springframework.security.web.FilterChainProxy$VirtualFilterChain.doFilter(FilterChainProxy.java:334)
	at org.springframework.security.web.servletapi.SecurityContextHolderAwareRequestFilter.doFilter(SecurityContextHolderAwareRequestFilter.java:170)
	at org.springframework.security.web.FilterChainProxy$VirtualFilterChain.doFilter(FilterChainProxy.java:334)
	at org.springframework.security.web.savedrequest.RequestCacheAwareFilter.doFilter(RequestCacheAwareFilter.java:63)
	at org.springframework.security.web.FilterChainProxy$VirtualFilterChain.doFilter(FilterChainProxy.java:334)
	at cn.stylefeng.guns.sys.core.auth.filter.JwtAuthorizationTokenFilter.doFilterInternal(JwtAuthorizationTokenFilter.java:78)
	at org.springframework.web.filter.OncePerRequestFilter.doFilter(OncePerRequestFilter.java:109)
	at org.springframework.security.web.FilterChainProxy$VirtualFilterChain.doFilter(FilterChainProxy.java:334)
	at org.springframework.web.filter.CorsFilter.doFilterInternal(CorsFilter.java:96)
	at org.springframework.web.filter.OncePerRequestFilter.doFilter(OncePerRequestFilter.java:109)
	at org.springframework.security.web.FilterChainProxy$VirtualFilterChain.doFilter(FilterChainProxy.java:334)
	at org.springframework.security.web.header.HeaderWriterFilter.doFilterInternal(HeaderWriterFilter.java:74)
	at org.springframework.web.filter.OncePerRequestFilter.doFilter(OncePerRequestFilter.java:109)
	at org.springframework.security.web.FilterChainProxy$VirtualFilterChain.doFilter(FilterChainProxy.java:334)
	at org.springframework.security.web.context.SecurityContextPersistenceFilter.doFilter(SecurityContextPersistenceFilter.java:105)
	at org.springframework.security.web.FilterChainProxy$VirtualFilterChain.doFilter(FilterChainProxy.java:334)
	at org.springframework.security.web.context.request.async.WebAsyncManagerIntegrationFilter.doFilterInternal(WebAsyncManagerIntegrationFilter.java:56)
	at org.springframework.web.filter.OncePerRequestFilter.doFilter(OncePerRequestFilter.java:109)
	at org.springframework.security.web.FilterChainProxy$VirtualFilterChain.doFilter(FilterChainProxy.java:334)
	at org.springframework.security.web.FilterChainProxy.doFilterInternal(FilterChainProxy.java:215)
	at org.springframework.security.web.FilterChainProxy.doFilter(FilterChainProxy.java:178)
	at org.springframework.web.filter.DelegatingFilterProxy.invokeDelegate(DelegatingFilterProxy.java:357)
	at org.springframework.web.filter.DelegatingFilterProxy.doFilter(DelegatingFilterProxy.java:270)
	at org.apache.catalina.core.ApplicationFilterChain.internalDoFilter(ApplicationFilterChain.java:193)
	at org.apache.catalina.core.ApplicationFilterChain.doFilter(ApplicationFilterChain.java:166)
	at org.springframework.web.filter.RequestContextFilter.doFilterInternal(RequestContextFilter.java:99)
	at org.springframework.web.filter.OncePerRequestFilter.doFilter(OncePerRequestFilter.java:109)
	at org.apache.catalina.core.ApplicationFilterChain.internalDoFilter(ApplicationFilterChain.java:193)
	at org.apache.catalina.core.ApplicationFilterChain.doFilter(ApplicationFilterChain.java:166)
	at org.springframework.web.filter.FormContentFilter.doFilterInternal(FormContentFilter.java:92)
	at org.springframework.web.filter.OncePerRequestFilter.doFilter(OncePerRequestFilter.java:109)
	at org.apache.catalina.core.ApplicationFilterChain.internalDoFilter(ApplicationFilterChain.java:193)
	at org.apache.catalina.core.ApplicationFilterChain.doFilter(ApplicationFilterChain.java:166)
	at org.springframework.web.filter.HiddenHttpMethodFilter.doFilterInternal(HiddenHttpMethodFilter.java:93)
	at org.springframework.web.filter.OncePerRequestFilter.doFilter(OncePerRequestFilter.java:109)
	at org.apache.catalina.core.ApplicationFilterChain.internalDoFilter(ApplicationFilterChain.java:193)
	at org.apache.catalina.core.ApplicationFilterChain.doFilter(ApplicationFilterChain.java:166)
	at org.springframework.web.filter.CharacterEncodingFilter.doFilterInternal(CharacterEncodingFilter.java:200)
	at org.springframework.web.filter.OncePerRequestFilter.doFilter(OncePerRequestFilter.java:109)
	at org.apache.catalina.core.ApplicationFilterChain.internalDoFilter(ApplicationFilterChain.java:193)
	at org.apache.catalina.core.ApplicationFilterChain.doFilter(ApplicationFilterChain.java:166)
	at org.apache.catalina.core.StandardWrapperValve.invoke(StandardWrapperValve.java:202)
	at org.apache.catalina.core.StandardContextValve.invoke(StandardContextValve.java:96)
	at org.apache.catalina.authenticator.AuthenticatorBase.invoke(AuthenticatorBase.java:490)
	at org.apache.catalina.core.StandardHostValve.invoke(StandardHostValve.java:139)
	at org.apache.catalina.valves.ErrorReportValve.invoke(ErrorReportValve.java:92)
	at org.apache.catalina.core.StandardEngineValve.invoke(StandardEngineValve.java:74)
	at org.apache.catalina.connector.CoyoteAdapter.service(CoyoteAdapter.java:343)
	at org.apache.coyote.http11.Http11Processor.service(Http11Processor.java:408)
	at org.apache.coyote.AbstractProcessorLight.process(AbstractProcessorLight.java:66)
	at org.apache.coyote.AbstractProtocol$ConnectionHandler.process(AbstractProtocol.java:853)
	at org.apache.tomcat.util.net.NioEndpoint$SocketProcessor.doRun(NioEndpoint.java:1587)
	at org.apache.tomcat.util.net.SocketProcessorBase.run(SocketProcessorBase.java:49)
	at java.util.concurrent.ThreadPoolExecutor.runWorker(ThreadPoolExecutor.java:1149)
	at java.util.concurrent.ThreadPoolExecutor$Worker.run(ThreadPoolExecutor.java:624)
	at org.apache.tomcat.util.threads.TaskThread$WrappingRunnable.run(TaskThread.java:61)
	at java.lang.Thread.run(Thread.java:748)

2020-08-31 01:20:10.899  WARN 13824 --- [http-nio-8002-exec-6] c.j.a.p.m.n.PlatformNotification         : Null extras param. Throw away it.
2020-08-31 01:20:10.902  INFO 13824 --- [http-nio-8002-exec-6] c.s.g.m.j.s.i.MyJiGuangPushServiceImpl   : 发送极光推送请求: {"platform":["android"],"audience":"all","notification":{"android":{"alert":"<p>地方</p>","title":"ve"}},"options":{"sendno":1174191269,"apns_production":false}}
2020-08-31 01:20:11.339  INFO 13824 --- [http-nio-8002-exec-6] c.s.g.m.j.s.i.MyJiGuangPushServiceImpl   : 极光推送请求成功: {"msg_id":29273485789690616,"sendno":1174191269,"statusCode":0}
2020-08-31 01:20:11.344  WARN 13824 --- [http-nio-8002-exec-6] c.j.a.p.m.n.PlatformNotification         : Null extras param. Throw away it.
2020-08-31 01:20:11.344  INFO 13824 --- [http-nio-8002-exec-6] c.s.g.m.j.s.i.MyJiGuangPushServiceImpl   : 发送极光推送请求: {"platform":["ios"],"audience":"all","notification":{"ios":{"alert":"<p>地方</p>","badge":"+1","sound":""}},"options":{"sendno":1150244855,"apns_production":false}}
2020-08-31 01:20:11.543  WARN 13824 --- [http-nio-8002-exec-6] c.j.common.connection.NativeHttpClient   : Got error response - responseCode:400, responseContent:{"msg_id":"38280679889571236","error":{"code":1011,"message":"cannot find user by this audience"}}
2020-08-31 01:20:11.543 ERROR 13824 --- [http-nio-8002-exec-6] c.j.common.connection.NativeHttpClient   : Your request params is invalid. Please check them according to error message.
2020-08-31 01:20:11.556 ERROR 13824 --- [http-nio-8002-exec-6] c.s.g.m.j.s.i.MyJiGuangPushServiceImpl   : 极光推送请求异常: 

cn.jiguang.common.resp.APIRequestException: {"msg_id":"38280679889571236","error":{"code":1011,"message":"cannot find user by this audience"}}
	at cn.jiguang.common.connection.NativeHttpClient._doRequest(NativeHttpClient.java:239)
	at cn.jiguang.common.connection.NativeHttpClient.doRequest(NativeHttpClient.java:100)
	at cn.jiguang.common.connection.NativeHttpClient.sendPost(NativeHttpClient.java:87)
	at cn.jpush.api.push.PushClient.sendPush(PushClient.java:177)
	at cn.jpush.api.JPushClient.sendPush(JPushClient.java:189)
	at cn.stylefeng.guns.modular.jpush.service.impl.MyJiGuangPushServiceImpl.sendPush(MyJiGuangPushServiceImpl.java:103)
	at cn.stylefeng.guns.modular.jpush.service.impl.MyJiGuangPushServiceImpl.pushIos(MyJiGuangPushServiceImpl.java:46)
	at cn.stylefeng.guns.modular.jpush.service.impl.MyJiGuangPushServiceImpl$$FastClassBySpringCGLIB$$af87054e.invoke(<generated>)
	at org.springframework.cglib.proxy.MethodProxy.invoke(MethodProxy.java:218)
	at org.springframework.aop.framework.CglibAopProxy$CglibMethodInvocation.invokeJoinpoint(CglibAopProxy.java:749)
	at org.springframework.aop.framework.ReflectiveMethodInvocation.proceed(ReflectiveMethodInvocation.java:163)
	at com.alibaba.druid.support.spring.stat.DruidStatInterceptor.invoke(DruidStatInterceptor.java:73)
	at org.springframework.aop.framework.ReflectiveMethodInvocation.proceed(ReflectiveMethodInvocation.java:186)
	at org.springframework.aop.framework.CglibAopProxy$DynamicAdvisedInterceptor.intercept(CglibAopProxy.java:688)
	at cn.stylefeng.guns.modular.jpush.service.impl.MyJiGuangPushServiceImpl$$EnhancerBySpringCGLIB$$9c5616de.pushIos(<generated>)
	at cn.stylefeng.guns.modular.jpush.service.impl.JiGuangPushServiceImpl.pushIos(JiGuangPushServiceImpl.java:37)
	at cn.stylefeng.guns.modular.jpush.service.impl.JiGuangPushServiceImpl$$FastClassBySpringCGLIB$$7effe182.invoke(<generated>)
	at org.springframework.cglib.proxy.MethodProxy.invoke(MethodProxy.java:218)
	at org.springframework.aop.framework.CglibAopProxy$CglibMethodInvocation.invokeJoinpoint(CglibAopProxy.java:749)
	at org.springframework.aop.framework.ReflectiveMethodInvocation.proceed(ReflectiveMethodInvocation.java:163)
	at com.alibaba.druid.support.spring.stat.DruidStatInterceptor.invoke(DruidStatInterceptor.java:73)
	at org.springframework.aop.framework.ReflectiveMethodInvocation.proceed(ReflectiveMethodInvocation.java:186)
	at org.springframework.aop.framework.CglibAopProxy$DynamicAdvisedInterceptor.intercept(CglibAopProxy.java:688)
	at cn.stylefeng.guns.modular.jpush.service.impl.JiGuangPushServiceImpl$$EnhancerBySpringCGLIB$$1ac1ebfa.pushIos(<generated>)
	at cn.stylefeng.guns.modular.miao.controller.MiaoNoticeController.addItem(MiaoNoticeController.java:85)
	at cn.stylefeng.guns.modular.miao.controller.MiaoNoticeController$$FastClassBySpringCGLIB$$b00c2103.invoke(<generated>)
	at org.springframework.cglib.proxy.MethodProxy.invoke(MethodProxy.java:218)
	at org.springframework.aop.framework.CglibAopProxy$CglibMethodInvocation.invokeJoinpoint(CglibAopProxy.java:749)
	at org.springframework.aop.framework.ReflectiveMethodInvocation.proceed(ReflectiveMethodInvocation.java:163)
	at org.springframework.aop.aspectj.MethodInvocationProceedingJoinPoint.proceed(MethodInvocationProceedingJoinPoint.java:88)
	at cn.stylefeng.guns.tenant.aop.TenantSourceExAop.around(TenantSourceExAop.java:50)
	at sun.reflect.GeneratedMethodAccessor150.invoke(Unknown Source)
	at sun.reflect.DelegatingMethodAccessorImpl.invoke(DelegatingMethodAccessorImpl.java:43)
	at java.lang.reflect.Method.invoke(Method.java:498)
	at org.springframework.aop.aspectj.AbstractAspectJAdvice.invokeAdviceMethodWithGivenArgs(AbstractAspectJAdvice.java:644)
	at org.springframework.aop.aspectj.AbstractAspectJAdvice.invokeAdviceMethod(AbstractAspectJAdvice.java:633)
	at org.springframework.aop.aspectj.AspectJAroundAdvice.invoke(AspectJAroundAdvice.java:70)
	at org.springframework.aop.framework.ReflectiveMethodInvocation.proceed(ReflectiveMethodInvocation.java:186)
	at org.springframework.aop.interceptor.ExposeInvocationInterceptor.invoke(ExposeInvocationInterceptor.java:93)
	at org.springframework.aop.framework.ReflectiveMethodInvocation.proceed(ReflectiveMethodInvocation.java:186)
	at org.springframework.aop.framework.CglibAopProxy$DynamicAdvisedInterceptor.intercept(CglibAopProxy.java:688)
	at cn.stylefeng.guns.modular.miao.controller.MiaoNoticeController$$EnhancerBySpringCGLIB$$89a2bd2a.addItem(<generated>)
	at sun.reflect.NativeMethodAccessorImpl.invoke0(Native Method)
	at sun.reflect.NativeMethodAccessorImpl.invoke(NativeMethodAccessorImpl.java:62)
	at sun.reflect.DelegatingMethodAccessorImpl.invoke(DelegatingMethodAccessorImpl.java:43)
	at java.lang.reflect.Method.invoke(Method.java:498)
	at org.springframework.web.method.support.InvocableHandlerMethod.doInvoke(InvocableHandlerMethod.java:190)
	at org.springframework.web.method.support.InvocableHandlerMethod.invokeForRequest(InvocableHandlerMethod.java:138)
	at org.springframework.web.servlet.mvc.method.annotation.ServletInvocableHandlerMethod.invokeAndHandle(ServletInvocableHandlerMethod.java:104)
	at org.springframework.web.servlet.mvc.method.annotation.RequestMappingHandlerAdapter.invokeHandlerMethod(RequestMappingHandlerAdapter.java:892)
	at org.springframework.web.servlet.mvc.method.annotation.RequestMappingHandlerAdapter.handleInternal(RequestMappingHandlerAdapter.java:797)
	at org.springframework.web.servlet.mvc.method.AbstractHandlerMethodAdapter.handle(AbstractHandlerMethodAdapter.java:87)
	at org.springframework.web.servlet.DispatcherServlet.doDispatch(DispatcherServlet.java:1039)
	at org.springframework.web.servlet.DispatcherServlet.doService(DispatcherServlet.java:942)
	at org.springframework.web.servlet.FrameworkServlet.processRequest(FrameworkServlet.java:1005)
	at org.springframework.web.servlet.FrameworkServlet.doPost(FrameworkServlet.java:908)
	at javax.servlet.http.HttpServlet.service(HttpServlet.java:660)
	at org.springframework.web.servlet.FrameworkServlet.service(FrameworkServlet.java:882)
	at javax.servlet.http.HttpServlet.service(HttpServlet.java:741)
	at org.apache.catalina.core.ApplicationFilterChain.internalDoFilter(ApplicationFilterChain.java:231)
	at org.apache.catalina.core.ApplicationFilterChain.doFilter(ApplicationFilterChain.java:166)
	at org.apache.tomcat.websocket.server.WsFilter.doFilter(WsFilter.java:53)
	at org.apache.catalina.core.ApplicationFilterChain.internalDoFilter(ApplicationFilterChain.java:193)
	at org.apache.catalina.core.ApplicationFilterChain.doFilter(ApplicationFilterChain.java:166)
	at org.springframework.web.filter.OncePerRequestFilter.doFilter(OncePerRequestFilter.java:103)
	at org.apache.catalina.core.ApplicationFilterChain.internalDoFilter(ApplicationFilterChain.java:193)
	at org.apache.catalina.core.ApplicationFilterChain.doFilter(ApplicationFilterChain.java:166)
	at cn.stylefeng.roses.core.xss.XssFilter.doFilter(XssFilter.java:29)
	at org.apache.catalina.core.ApplicationFilterChain.internalDoFilter(ApplicationFilterChain.java:193)
	at org.apache.catalina.core.ApplicationFilterChain.doFilter(ApplicationFilterChain.java:166)
	at com.alibaba.druid.support.http.WebStatFilter.doFilter(WebStatFilter.java:124)
	at org.apache.catalina.core.ApplicationFilterChain.internalDoFilter(ApplicationFilterChain.java:193)
	at org.apache.catalina.core.ApplicationFilterChain.doFilter(ApplicationFilterChain.java:166)
	at org.springframework.security.web.FilterChainProxy$VirtualFilterChain.doFilter(FilterChainProxy.java:320)
	at org.springframework.security.web.access.intercept.FilterSecurityInterceptor.invoke(FilterSecurityInterceptor.java:127)
	at org.springframework.security.web.access.intercept.FilterSecurityInterceptor.doFilter(FilterSecurityInterceptor.java:91)
	at org.springframework.security.web.FilterChainProxy$VirtualFilterChain.doFilter(FilterChainProxy.java:334)
	at org.springframework.security.web.access.ExceptionTranslationFilter.doFilter(ExceptionTranslationFilter.java:119)
	at org.springframework.security.web.FilterChainProxy$VirtualFilterChain.doFilter(FilterChainProxy.java:334)
	at org.springframework.security.web.session.SessionManagementFilter.doFilter(SessionManagementFilter.java:137)
	at org.springframework.security.web.FilterChainProxy$VirtualFilterChain.doFilter(FilterChainProxy.java:334)
	at org.springframework.security.web.authentication.AnonymousAuthenticationFilter.doFilter(AnonymousAuthenticationFilter.java:111)
	at org.springframework.security.web.FilterChainProxy$VirtualFilterChain.doFilter(FilterChainProxy.java:334)
	at org.springframework.security.web.servletapi.SecurityContextHolderAwareRequestFilter.doFilter(SecurityContextHolderAwareRequestFilter.java:170)
	at org.springframework.security.web.FilterChainProxy$VirtualFilterChain.doFilter(FilterChainProxy.java:334)
	at org.springframework.security.web.savedrequest.RequestCacheAwareFilter.doFilter(RequestCacheAwareFilter.java:63)
	at org.springframework.security.web.FilterChainProxy$VirtualFilterChain.doFilter(FilterChainProxy.java:334)
	at cn.stylefeng.guns.sys.core.auth.filter.JwtAuthorizationTokenFilter.doFilterInternal(JwtAuthorizationTokenFilter.java:78)
	at org.springframework.web.filter.OncePerRequestFilter.doFilter(OncePerRequestFilter.java:109)
	at org.springframework.security.web.FilterChainProxy$VirtualFilterChain.doFilter(FilterChainProxy.java:334)
	at org.springframework.web.filter.CorsFilter.doFilterInternal(CorsFilter.java:96)
	at org.springframework.web.filter.OncePerRequestFilter.doFilter(OncePerRequestFilter.java:109)
	at org.springframework.security.web.FilterChainProxy$VirtualFilterChain.doFilter(FilterChainProxy.java:334)
	at org.springframework.security.web.header.HeaderWriterFilter.doFilterInternal(HeaderWriterFilter.java:74)
	at org.springframework.web.filter.OncePerRequestFilter.doFilter(OncePerRequestFilter.java:109)
	at org.springframework.security.web.FilterChainProxy$VirtualFilterChain.doFilter(FilterChainProxy.java:334)
	at org.springframework.security.web.context.SecurityContextPersistenceFilter.doFilter(SecurityContextPersistenceFilter.java:105)
	at org.springframework.security.web.FilterChainProxy$VirtualFilterChain.doFilter(FilterChainProxy.java:334)
	at org.springframework.security.web.context.request.async.WebAsyncManagerIntegrationFilter.doFilterInternal(WebAsyncManagerIntegrationFilter.java:56)
	at org.springframework.web.filter.OncePerRequestFilter.doFilter(OncePerRequestFilter.java:109)
	at org.springframework.security.web.FilterChainProxy$VirtualFilterChain.doFilter(FilterChainProxy.java:334)
	at org.springframework.security.web.FilterChainProxy.doFilterInternal(FilterChainProxy.java:215)
	at org.springframework.security.web.FilterChainProxy.doFilter(FilterChainProxy.java:178)
	at org.springframework.web.filter.DelegatingFilterProxy.invokeDelegate(DelegatingFilterProxy.java:357)
	at org.springframework.web.filter.DelegatingFilterProxy.doFilter(DelegatingFilterProxy.java:270)
	at org.apache.catalina.core.ApplicationFilterChain.internalDoFilter(ApplicationFilterChain.java:193)
	at org.apache.catalina.core.ApplicationFilterChain.doFilter(ApplicationFilterChain.java:166)
	at org.springframework.web.filter.RequestContextFilter.doFilterInternal(RequestContextFilter.java:99)
	at org.springframework.web.filter.OncePerRequestFilter.doFilter(OncePerRequestFilter.java:109)
	at org.apache.catalina.core.ApplicationFilterChain.internalDoFilter(ApplicationFilterChain.java:193)
	at org.apache.catalina.core.ApplicationFilterChain.doFilter(ApplicationFilterChain.java:166)
	at org.springframework.web.filter.FormContentFilter.doFilterInternal(FormContentFilter.java:92)
	at org.springframework.web.filter.OncePerRequestFilter.doFilter(OncePerRequestFilter.java:109)
	at org.apache.catalina.core.ApplicationFilterChain.internalDoFilter(ApplicationFilterChain.java:193)
	at org.apache.catalina.core.ApplicationFilterChain.doFilter(ApplicationFilterChain.java:166)
	at org.springframework.web.filter.HiddenHttpMethodFilter.doFilterInternal(HiddenHttpMethodFilter.java:93)
	at org.springframework.web.filter.OncePerRequestFilter.doFilter(OncePerRequestFilter.java:109)
	at org.apache.catalina.core.ApplicationFilterChain.internalDoFilter(ApplicationFilterChain.java:193)
	at org.apache.catalina.core.ApplicationFilterChain.doFilter(ApplicationFilterChain.java:166)
	at org.springframework.web.filter.CharacterEncodingFilter.doFilterInternal(CharacterEncodingFilter.java:200)
	at org.springframework.web.filter.OncePerRequestFilter.doFilter(OncePerRequestFilter.java:109)
	at org.apache.catalina.core.ApplicationFilterChain.internalDoFilter(ApplicationFilterChain.java:193)
	at org.apache.catalina.core.ApplicationFilterChain.doFilter(ApplicationFilterChain.java:166)
	at org.apache.catalina.core.StandardWrapperValve.invoke(StandardWrapperValve.java:202)
	at org.apache.catalina.core.StandardContextValve.invoke(StandardContextValve.java:96)
	at org.apache.catalina.authenticator.AuthenticatorBase.invoke(AuthenticatorBase.java:490)
	at org.apache.catalina.core.StandardHostValve.invoke(StandardHostValve.java:139)
	at org.apache.catalina.valves.ErrorReportValve.invoke(ErrorReportValve.java:92)
	at org.apache.catalina.core.StandardEngineValve.invoke(StandardEngineValve.java:74)
	at org.apache.catalina.connector.CoyoteAdapter.service(CoyoteAdapter.java:343)
	at org.apache.coyote.http11.Http11Processor.service(Http11Processor.java:408)
	at org.apache.coyote.AbstractProcessorLight.process(AbstractProcessorLight.java:66)
	at org.apache.coyote.AbstractProtocol$ConnectionHandler.process(AbstractProtocol.java:853)
	at org.apache.tomcat.util.net.NioEndpoint$SocketProcessor.doRun(NioEndpoint.java:1587)
	at org.apache.tomcat.util.net.SocketProcessorBase.run(SocketProcessorBase.java:49)
	at java.util.concurrent.ThreadPoolExecutor.runWorker(ThreadPoolExecutor.java:1149)
	at java.util.concurrent.ThreadPoolExecutor$Worker.run(ThreadPoolExecutor.java:624)
	at org.apache.tomcat.util.threads.TaskThread$WrappingRunnable.run(TaskThread.java:61)
	at java.lang.Thread.run(Thread.java:748)

2020-08-31 01:20:11.561  INFO 13824 --- [http-nio-8002-exec-6] c.s.g.m.j.s.i.MyJiGuangPushServiceImpl   : 极光推送请求失败: null
2020-08-31 08:18:01.020  WARN 13824 --- [Atomikos:2] c.a.r.xa.XaResourceRecoveryManager       : Error while retrieving xids from resource - will retry later...

com.mysql.cj.jdbc.MysqlXAException: Undetermined error occurred in the underlying Connection - check your data for consistency
	at com.mysql.cj.jdbc.MysqlXAConnection.mapXAExceptionFromSQLException(MysqlXAConnection.java:336)
	at com.mysql.cj.jdbc.MysqlXAConnection.recover(MysqlXAConnection.java:184)
	at com.mysql.cj.jdbc.MysqlXAConnection.recover(MysqlXAConnection.java:112)
	at com.atomikos.datasource.xa.RecoveryScan.recoverXids(RecoveryScan.java:32)
	at com.atomikos.recovery.xa.XaResourceRecoveryManager.retrievePreparedXidsFromXaResource(XaResourceRecoveryManager.java:158)
	at com.atomikos.recovery.xa.XaResourceRecoveryManager.recover(XaResourceRecoveryManager.java:67)
	at com.atomikos.datasource.xa.XATransactionalResource.recover(XATransactionalResource.java:449)
	at com.atomikos.icatch.imp.TransactionServiceImp.performRecovery(TransactionServiceImp.java:490)
	at com.atomikos.icatch.imp.TransactionServiceImp.access$000(TransactionServiceImp.java:56)
	at com.atomikos.icatch.imp.TransactionServiceImp$1.alarm(TransactionServiceImp.java:471)
	at com.atomikos.timing.PooledAlarmTimer.notifyListeners(PooledAlarmTimer.java:95)
	at com.atomikos.timing.PooledAlarmTimer.run(PooledAlarmTimer.java:82)
	at java.util.concurrent.ThreadPoolExecutor.runWorker(ThreadPoolExecutor.java:1149)
	at java.util.concurrent.ThreadPoolExecutor$Worker.run(ThreadPoolExecutor.java:624)
	at java.lang.Thread.run(Thread.java:748)
Caused by: com.mysql.cj.jdbc.exceptions.CommunicationsException: Communications link failure

The last packet successfully received from the server was 18,883 milliseconds ago.  The last packet sent successfully to the server was 8,876 milliseconds ago.
	at com.mysql.cj.jdbc.exceptions.SQLError.createCommunicationsException(SQLError.java:172)
	at com.mysql.cj.jdbc.exceptions.SQLExceptionsMapping.translateException(SQLExceptionsMapping.java:64)
	at com.mysql.cj.jdbc.StatementImpl.executeQuery(StatementImpl.java:1247)
	at com.mysql.cj.jdbc.MysqlXAConnection.recover(MysqlXAConnection.java:163)
	... 13 common frames omitted
Caused by: com.mysql.cj.exceptions.CJCommunicationsException: Communications link failure

The last packet successfully received from the server was 18,883 milliseconds ago.  The last packet sent successfully to the server was 8,876 milliseconds ago.
	at sun.reflect.NativeConstructorAccessorImpl.newInstance0(Native Method)
	at sun.reflect.NativeConstructorAccessorImpl.newInstance(NativeConstructorAccessorImpl.java:62)
	at sun.reflect.DelegatingConstructorAccessorImpl.newInstance(DelegatingConstructorAccessorImpl.java:45)
	at java.lang.reflect.Constructor.newInstance(Constructor.java:423)
	at com.mysql.cj.exceptions.ExceptionFactory.createException(ExceptionFactory.java:59)
	at com.mysql.cj.exceptions.ExceptionFactory.createException(ExceptionFactory.java:103)
	at com.mysql.cj.exceptions.ExceptionFactory.createException(ExceptionFactory.java:149)
	at com.mysql.cj.exceptions.ExceptionFactory.createCommunicationsException(ExceptionFactory.java:165)
	at com.mysql.cj.protocol.a.NativeProtocol.readMessage(NativeProtocol.java:563)
	at com.mysql.cj.protocol.a.NativeProtocol.checkErrorMessage(NativeProtocol.java:735)
	at com.mysql.cj.protocol.a.NativeProtocol.sendCommand(NativeProtocol.java:674)
	at com.mysql.cj.protocol.a.NativeProtocol.sendQueryPacket(NativeProtocol.java:966)
	at com.mysql.cj.protocol.a.NativeProtocol.sendQueryString(NativeProtocol.java:912)
	at com.mysql.cj.NativeSession.execSQL(NativeSession.java:1162)
	at com.mysql.cj.jdbc.StatementImpl.executeQuery(StatementImpl.java:1215)
	... 14 common frames omitted
Caused by: java.net.SocketException: Network is unreachable: recv failed
	at java.net.SocketInputStream.socketRead0(Native Method)
	at java.net.SocketInputStream.socketRead(SocketInputStream.java:116)
	at java.net.SocketInputStream.read(SocketInputStream.java:171)
	at java.net.SocketInputStream.read(SocketInputStream.java:141)
	at com.mysql.cj.protocol.ReadAheadInputStream.fill(ReadAheadInputStream.java:107)
	at com.mysql.cj.protocol.ReadAheadInputStream.readFromUnderlyingStreamIfNecessary(ReadAheadInputStream.java:150)
	at com.mysql.cj.protocol.ReadAheadInputStream.read(ReadAheadInputStream.java:180)
	at java.io.FilterInputStream.read(FilterInputStream.java:133)
	at com.mysql.cj.protocol.FullReadInputStream.readFully(FullReadInputStream.java:64)
	at com.mysql.cj.protocol.a.SimplePacketReader.readHeader(SimplePacketReader.java:63)
	at com.mysql.cj.protocol.a.SimplePacketReader.readHeader(SimplePacketReader.java:45)
	at com.mysql.cj.protocol.a.TimeTrackingPacketReader.readHeader(TimeTrackingPacketReader.java:52)
	at com.mysql.cj.protocol.a.TimeTrackingPacketReader.readHeader(TimeTrackingPacketReader.java:41)
	at com.mysql.cj.protocol.a.MultiPacketReader.readHeader(MultiPacketReader.java:54)
	at com.mysql.cj.protocol.a.MultiPacketReader.readHeader(MultiPacketReader.java:44)
	at com.mysql.cj.protocol.a.NativeProtocol.readMessage(NativeProtocol.java:557)
	... 20 common frames omitted

2020-08-31 08:18:05.060 ERROR 13824 --- [Druid-ConnectionPool-Create-1233246555] com.alibaba.druid.pool.DruidDataSource   : create connection SQLException, url: jdbc:mysql://123.207.51.155:3307/miaotest?autoReconnect=true&useUnicode=true&characterEncoding=utf8&zeroDateTimeBehavior=CONVERT_TO_NULL&useSSL=false&serverTimezone=CTT, errorCode 0, state 08001

java.sql.SQLNonTransientConnectionException: Could not create connection to database server. Attempted reconnect 3 times. Giving up.
	at com.mysql.cj.jdbc.exceptions.SQLError.createSQLException(SQLError.java:108)
	at com.mysql.cj.jdbc.exceptions.SQLError.createSQLException(SQLError.java:95)
	at com.mysql.cj.jdbc.exceptions.SQLError.createSQLException(SQLError.java:87)
	at com.mysql.cj.jdbc.exceptions.SQLError.createSQLException(SQLError.java:61)
	at com.mysql.cj.jdbc.exceptions.SQLError.createSQLException(SQLError.java:71)
	at com.mysql.cj.jdbc.ConnectionImpl.connectWithRetries(ConnectionImpl.java:932)
	at com.mysql.cj.jdbc.ConnectionImpl.createNewIO(ConnectionImpl.java:857)
	at com.mysql.cj.jdbc.ConnectionImpl.<init>(ConnectionImpl.java:444)
	at com.mysql.cj.jdbc.ConnectionImpl.getInstance(ConnectionImpl.java:230)
	at com.mysql.cj.jdbc.NonRegisteringDriver.connect(NonRegisteringDriver.java:226)
	at com.alibaba.druid.filter.FilterChainImpl.connection_connect(FilterChainImpl.java:156)
	at com.alibaba.druid.filter.stat.StatFilter.connection_connect(StatFilter.java:218)
	at com.alibaba.druid.filter.FilterChainImpl.connection_connect(FilterChainImpl.java:150)
	at com.alibaba.druid.filter.FilterAdapter.connection_connect(FilterAdapter.java:787)
	at com.alibaba.druid.filter.FilterChainImpl.connection_connect(FilterChainImpl.java:150)
	at com.alibaba.druid.pool.DruidAbstractDataSource.createPhysicalConnection(DruidAbstractDataSource.java:1646)
	at com.alibaba.druid.pool.DruidAbstractDataSource.createPhysicalConnection(DruidAbstractDataSource.java:1710)
	at com.alibaba.druid.pool.DruidDataSource$CreateConnectionThread.run(DruidDataSource.java:2753)
Caused by: com.mysql.cj.exceptions.CJCommunicationsException: Communications link failure

The last packet sent successfully to the server was 0 milliseconds ago. The driver has not received any packets from the server.
	at sun.reflect.NativeConstructorAccessorImpl.newInstance0(Native Method)
	at sun.reflect.NativeConstructorAccessorImpl.newInstance(NativeConstructorAccessorImpl.java:62)
	at sun.reflect.DelegatingConstructorAccessorImpl.newInstance(DelegatingConstructorAccessorImpl.java:45)
	at java.lang.reflect.Constructor.newInstance(Constructor.java:423)
	at com.mysql.cj.exceptions.ExceptionFactory.createException(ExceptionFactory.java:59)
	at com.mysql.cj.exceptions.ExceptionFactory.createException(ExceptionFactory.java:103)
	at com.mysql.cj.exceptions.ExceptionFactory.createException(ExceptionFactory.java:149)
	at com.mysql.cj.exceptions.ExceptionFactory.createCommunicationsException(ExceptionFactory.java:165)
	at com.mysql.cj.protocol.a.NativeSocketConnection.connect(NativeSocketConnection.java:92)
	at com.mysql.cj.NativeSession.connect(NativeSession.java:152)
	at com.mysql.cj.jdbc.ConnectionImpl.connectWithRetries(ConnectionImpl.java:876)
	... 12 common frames omitted
Caused by: java.net.SocketException: Network is unreachable: connect
	at java.net.DualStackPlainSocketImpl.connect0(Native Method)
	at java.net.DualStackPlainSocketImpl.socketConnect(DualStackPlainSocketImpl.java:75)
	at java.net.AbstractPlainSocketImpl.doConnect(AbstractPlainSocketImpl.java:476)
	at java.net.AbstractPlainSocketImpl.connectToAddress(AbstractPlainSocketImpl.java:218)
	at java.net.AbstractPlainSocketImpl.connect(AbstractPlainSocketImpl.java:200)
	at java.net.PlainSocketImpl.connect(PlainSocketImpl.java:162)
	at java.net.SocksSocketImpl.connect(SocksSocketImpl.java:394)
	at java.net.Socket.connect(Socket.java:606)
	at com.mysql.cj.protocol.StandardSocketFactory.connect(StandardSocketFactory.java:173)
	at com.mysql.cj.protocol.a.NativeSocketConnection.connect(NativeSocketConnection.java:66)
	... 14 common frames omitted

2020-08-31 08:18:10.942 ERROR 13824 --- [Druid-ConnectionPool-Create-1233246555] com.alibaba.druid.pool.DruidDataSource   : create connection SQLException, url: jdbc:mysql://123.207.51.155:3307/miaotest?autoReconnect=true&useUnicode=true&characterEncoding=utf8&zeroDateTimeBehavior=CONVERT_TO_NULL&useSSL=false&serverTimezone=CTT, errorCode 0, state 08001

java.sql.SQLNonTransientConnectionException: Could not create connection to database server. Attempted reconnect 3 times. Giving up.
	at com.mysql.cj.jdbc.exceptions.SQLError.createSQLException(SQLError.java:108)
	at com.mysql.cj.jdbc.exceptions.SQLError.createSQLException(SQLError.java:95)
	at com.mysql.cj.jdbc.exceptions.SQLError.createSQLException(SQLError.java:87)
	at com.mysql.cj.jdbc.exceptions.SQLError.createSQLException(SQLError.java:61)
	at com.mysql.cj.jdbc.exceptions.SQLError.createSQLException(SQLError.java:71)
	at com.mysql.cj.jdbc.ConnectionImpl.connectWithRetries(ConnectionImpl.java:932)
	at com.mysql.cj.jdbc.ConnectionImpl.createNewIO(ConnectionImpl.java:857)
	at com.mysql.cj.jdbc.ConnectionImpl.<init>(ConnectionImpl.java:444)
	at com.mysql.cj.jdbc.ConnectionImpl.getInstance(ConnectionImpl.java:230)
	at com.mysql.cj.jdbc.NonRegisteringDriver.connect(NonRegisteringDriver.java:226)
	at com.alibaba.druid.filter.FilterChainImpl.connection_connect(FilterChainImpl.java:156)
	at com.alibaba.druid.filter.stat.StatFilter.connection_connect(StatFilter.java:218)
	at com.alibaba.druid.filter.FilterChainImpl.connection_connect(FilterChainImpl.java:150)
	at com.alibaba.druid.filter.FilterAdapter.connection_connect(FilterAdapter.java:787)
	at com.alibaba.druid.filter.FilterChainImpl.connection_connect(FilterChainImpl.java:150)
	at com.alibaba.druid.pool.DruidAbstractDataSource.createPhysicalConnection(DruidAbstractDataSource.java:1646)
	at com.alibaba.druid.pool.DruidAbstractDataSource.createPhysicalConnection(DruidAbstractDataSource.java:1710)
	at com.alibaba.druid.pool.DruidDataSource$CreateConnectionThread.run(DruidDataSource.java:2753)
Caused by: com.mysql.cj.exceptions.CJCommunicationsException: Communications link failure

The last packet sent successfully to the server was 0 milliseconds ago. The driver has not received any packets from the server.
	at sun.reflect.NativeConstructorAccessorImpl.newInstance0(Native Method)
	at sun.reflect.NativeConstructorAccessorImpl.newInstance(NativeConstructorAccessorImpl.java:62)
	at sun.reflect.DelegatingConstructorAccessorImpl.newInstance(DelegatingConstructorAccessorImpl.java:45)
	at java.lang.reflect.Constructor.newInstance(Constructor.java:423)
	at com.mysql.cj.exceptions.ExceptionFactory.createException(ExceptionFactory.java:59)
	at com.mysql.cj.exceptions.ExceptionFactory.createException(ExceptionFactory.java:103)
	at com.mysql.cj.exceptions.ExceptionFactory.createException(ExceptionFactory.java:149)
	at com.mysql.cj.exceptions.ExceptionFactory.createCommunicationsException(ExceptionFactory.java:165)
	at com.mysql.cj.protocol.a.NativeProtocol.readMessage(NativeProtocol.java:563)
	at com.mysql.cj.protocol.a.NativeProtocol.readServerCapabilities(NativeProtocol.java:514)
	at com.mysql.cj.protocol.a.NativeProtocol.beforeHandshake(NativeProtocol.java:401)
	at com.mysql.cj.protocol.a.NativeProtocol.connect(NativeProtocol.java:1409)
	at com.mysql.cj.NativeSession.connect(NativeSession.java:165)
	at com.mysql.cj.jdbc.ConnectionImpl.connectWithRetries(ConnectionImpl.java:876)
	... 12 common frames omitted
Caused by: java.io.EOFException: Can not read response from server. Expected to read 4 bytes, read 0 bytes before connection was unexpectedly lost.
	at com.mysql.cj.protocol.FullReadInputStream.readFully(FullReadInputStream.java:67)
	at com.mysql.cj.protocol.a.SimplePacketReader.readHeader(SimplePacketReader.java:63)
	at com.mysql.cj.protocol.a.SimplePacketReader.readHeader(SimplePacketReader.java:45)
	at com.mysql.cj.protocol.a.NativeProtocol.readMessage(NativeProtocol.java:557)
	... 17 common frames omitted

2020-08-31 08:18:10.944  INFO 13824 --- [Druid-ConnectionPool-Create-1233246555] c.a.druid.pool.DruidAbstractDataSource   : {dataSource-1} failContinuous is true
2020-08-31 08:18:18.622  INFO 13824 --- [Druid-ConnectionPool-Create-1233246555] c.a.druid.pool.DruidAbstractDataSource   : {dataSource-1} failContinuous is false
2020-08-31 08:18:18.664  INFO 13824 --- [Atomikos:2] c.a.d.xa.XATransactionalResource         : master: refreshed XAResource
