2020-08-24 00:30:59.803 ERROR 1883 --- [http-nio-8002-exec-2] c.s.g.s.c.e.aop.GlobalExceptionHandler   : 运行时异常:

java.lang.NullPointerException: null
	at cn.hutool.core.bean.copier.BeanCopier.create(BeanCopier.java:57)
	at cn.hutool.core.bean.BeanUtil.copyProperties(BeanUtil.java:631)
	at cn.stylefeng.roses.core.util.ToolUtil.copyProperties(ToolUtil.java:210)
	at cn.stylefeng.guns.modular.rest.service.impl.PetServiceImpl.update(PetServiceImpl.java:50)
	at cn.stylefeng.guns.modular.rest.service.impl.PetServiceImpl$$FastClassBySpringCGLIB$$83ad1aa8.invoke(<generated>)
	at org.springframework.cglib.proxy.MethodProxy.invoke(MethodProxy.java:218)
	at org.springframework.aop.framework.CglibAopProxy$CglibMethodInvocation.invokeJoinpoint(CglibAopProxy.java:749)
	at org.springframework.aop.framework.ReflectiveMethodInvocation.proceed(ReflectiveMethodInvocation.java:163)
	at com.alibaba.druid.support.spring.stat.DruidStatInterceptor.invoke(DruidStatInterceptor.java:73)
	at org.springframework.aop.framework.ReflectiveMethodInvocation.proceed(ReflectiveMethodInvocation.java:186)
	at org.springframework.aop.framework.CglibAopProxy$DynamicAdvisedInterceptor.intercept(CglibAopProxy.java:688)
	at cn.stylefeng.guns.modular.rest.service.impl.PetServiceImpl$$EnhancerBySpringCGLIB$$ecf8ef9f.update(<generated>)
	at cn.stylefeng.guns.modular.rest.controller.PetController.update(PetController.java:56)
	at cn.stylefeng.guns.modular.rest.controller.PetController$$FastClassBySpringCGLIB$$869e126c.invoke(<generated>)
	at org.springframework.cglib.proxy.MethodProxy.invoke(MethodProxy.java:218)
	at org.springframework.aop.framework.CglibAopProxy$CglibMethodInvocation.invokeJoinpoint(CglibAopProxy.java:749)
	at org.springframework.aop.framework.ReflectiveMethodInvocation.proceed(ReflectiveMethodInvocation.java:163)
	at org.springframework.aop.aspectj.MethodInvocationProceedingJoinPoint.proceed(MethodInvocationProceedingJoinPoint.java:88)
	at cn.stylefeng.guns.tenant.aop.TenantSourceExAop.around(TenantSourceExAop.java:50)
	at sun.reflect.GeneratedMethodAccessor137.invoke(Unknown Source)
	at sun.reflect.DelegatingMethodAccessorImpl.invoke(DelegatingMethodAccessorImpl.java:43)
	at java.lang.reflect.Method.invoke(Method.java:498)
	at org.springframework.aop.aspectj.AbstractAspectJAdvice.invokeAdviceMethodWithGivenArgs(AbstractAspectJAdvice.java:644)
	at org.springframework.aop.aspectj.AbstractAspectJAdvice.invokeAdviceMethod(AbstractAspectJAdvice.java:633)
	at org.springframework.aop.aspectj.AspectJAroundAdvice.invoke(AspectJAroundAdvice.java:70)
	at org.springframework.aop.framework.ReflectiveMethodInvocation.proceed(ReflectiveMethodInvocation.java:186)
	at org.springframework.aop.interceptor.ExposeInvocationInterceptor.invoke(ExposeInvocationInterceptor.java:93)
	at org.springframework.aop.framework.ReflectiveMethodInvocation.proceed(ReflectiveMethodInvocation.java:186)
	at org.springframework.aop.framework.CglibAopProxy$DynamicAdvisedInterceptor.intercept(CglibAopProxy.java:688)
	at cn.stylefeng.guns.modular.rest.controller.PetController$$EnhancerBySpringCGLIB$$41536e34.update(<generated>)
	at sun.reflect.NativeMethodAccessorImpl.invoke0(Native Method)
	at sun.reflect.NativeMethodAccessorImpl.invoke(NativeMethodAccessorImpl.java:62)
	at sun.reflect.DelegatingMethodAccessorImpl.invoke(DelegatingMethodAccessorImpl.java:43)
	at java.lang.reflect.Method.invoke(Method.java:498)
	at org.springframework.web.method.support.InvocableHandlerMethod.doInvoke(InvocableHandlerMethod.java:190)
	at org.springframework.web.method.support.InvocableHandlerMethod.invokeForRequest(InvocableHandlerMethod.java:138)
	at org.springframework.web.servlet.mvc.method.annotation.ServletInvocableHandlerMethod.invokeAndHandle(ServletInvocableHandlerMethod.java:104)
	at org.springframework.web.servlet.mvc.method.annotation.RequestMappingHandlerAdapter.invokeHandlerMethod(RequestMappingHandlerAdapter.java:892)
	at org.springframework.web.servlet.mvc.method.annotation.RequestMappingHandlerAdapter.handleInternal(RequestMappingHandlerAdapter.java:797)
	at org.springframework.web.servlet.mvc.method.AbstractHandlerMethodAdapter.handle(AbstractHandlerMethodAdapter.java:87)
	at org.springframework.web.servlet.DispatcherServlet.doDispatch(DispatcherServlet.java:1039)
	at org.springframework.web.servlet.DispatcherServlet.doService(DispatcherServlet.java:942)
	at org.springframework.web.servlet.FrameworkServlet.processRequest(FrameworkServlet.java:1005)
	at org.springframework.web.servlet.FrameworkServlet.doPost(FrameworkServlet.java:908)
	at javax.servlet.http.HttpServlet.service(HttpServlet.java:660)
	at org.springframework.web.servlet.FrameworkServlet.service(FrameworkServlet.java:882)
	at javax.servlet.http.HttpServlet.service(HttpServlet.java:741)
	at org.apache.catalina.core.ApplicationFilterChain.internalDoFilter(ApplicationFilterChain.java:231)
	at org.apache.catalina.core.ApplicationFilterChain.doFilter(ApplicationFilterChain.java:166)
	at org.apache.tomcat.websocket.server.WsFilter.doFilter(WsFilter.java:53)
	at org.apache.catalina.core.ApplicationFilterChain.internalDoFilter(ApplicationFilterChain.java:193)
	at org.apache.catalina.core.ApplicationFilterChain.doFilter(ApplicationFilterChain.java:166)
	at org.springframework.web.filter.OncePerRequestFilter.doFilter(OncePerRequestFilter.java:103)
	at org.apache.catalina.core.ApplicationFilterChain.internalDoFilter(ApplicationFilterChain.java:193)
	at org.apache.catalina.core.ApplicationFilterChain.doFilter(ApplicationFilterChain.java:166)
	at cn.stylefeng.roses.core.xss.XssFilter.doFilter(XssFilter.java:31)
	at org.apache.catalina.core.ApplicationFilterChain.internalDoFilter(ApplicationFilterChain.java:193)
	at org.apache.catalina.core.ApplicationFilterChain.doFilter(ApplicationFilterChain.java:166)
	at com.alibaba.druid.support.http.WebStatFilter.doFilter(WebStatFilter.java:124)
	at org.apache.catalina.core.ApplicationFilterChain.internalDoFilter(ApplicationFilterChain.java:193)
	at org.apache.catalina.core.ApplicationFilterChain.doFilter(ApplicationFilterChain.java:166)
	at org.springframework.security.web.FilterChainProxy$VirtualFilterChain.doFilter(FilterChainProxy.java:320)
	at org.springframework.security.web.access.intercept.FilterSecurityInterceptor.invoke(FilterSecurityInterceptor.java:127)
	at org.springframework.security.web.access.intercept.FilterSecurityInterceptor.doFilter(FilterSecurityInterceptor.java:91)
	at org.springframework.security.web.FilterChainProxy$VirtualFilterChain.doFilter(FilterChainProxy.java:334)
	at org.springframework.security.web.access.ExceptionTranslationFilter.doFilter(ExceptionTranslationFilter.java:119)
	at org.springframework.security.web.FilterChainProxy$VirtualFilterChain.doFilter(FilterChainProxy.java:334)
	at org.springframework.security.web.session.SessionManagementFilter.doFilter(SessionManagementFilter.java:137)
	at org.springframework.security.web.FilterChainProxy$VirtualFilterChain.doFilter(FilterChainProxy.java:334)
	at org.springframework.security.web.authentication.AnonymousAuthenticationFilter.doFilter(AnonymousAuthenticationFilter.java:111)
	at org.springframework.security.web.FilterChainProxy$VirtualFilterChain.doFilter(FilterChainProxy.java:334)
	at org.springframework.security.web.servletapi.SecurityContextHolderAwareRequestFilter.doFilter(SecurityContextHolderAwareRequestFilter.java:170)
	at org.springframework.security.web.FilterChainProxy$VirtualFilterChain.doFilter(FilterChainProxy.java:334)
	at org.springframework.security.web.savedrequest.RequestCacheAwareFilter.doFilter(RequestCacheAwareFilter.java:63)
	at org.springframework.security.web.FilterChainProxy$VirtualFilterChain.doFilter(FilterChainProxy.java:334)
	at cn.stylefeng.guns.sys.core.auth.filter.JwtAuthorizationTokenFilter.doFilterInternal(JwtAuthorizationTokenFilter.java:78)
	at org.springframework.web.filter.OncePerRequestFilter.doFilter(OncePerRequestFilter.java:109)
	at org.springframework.security.web.FilterChainProxy$VirtualFilterChain.doFilter(FilterChainProxy.java:334)
	at org.springframework.web.filter.CorsFilter.doFilterInternal(CorsFilter.java:96)
	at org.springframework.web.filter.OncePerRequestFilter.doFilter(OncePerRequestFilter.java:109)
	at org.springframework.security.web.FilterChainProxy$VirtualFilterChain.doFilter(FilterChainProxy.java:334)
	at org.springframework.security.web.header.HeaderWriterFilter.doFilterInternal(HeaderWriterFilter.java:74)
	at org.springframework.web.filter.OncePerRequestFilter.doFilter(OncePerRequestFilter.java:109)
	at org.springframework.security.web.FilterChainProxy$VirtualFilterChain.doFilter(FilterChainProxy.java:334)
	at org.springframework.security.web.context.SecurityContextPersistenceFilter.doFilter(SecurityContextPersistenceFilter.java:105)
	at org.springframework.security.web.FilterChainProxy$VirtualFilterChain.doFilter(FilterChainProxy.java:334)
	at org.springframework.security.web.context.request.async.WebAsyncManagerIntegrationFilter.doFilterInternal(WebAsyncManagerIntegrationFilter.java:56)
	at org.springframework.web.filter.OncePerRequestFilter.doFilter(OncePerRequestFilter.java:109)
	at org.springframework.security.web.FilterChainProxy$VirtualFilterChain.doFilter(FilterChainProxy.java:334)
	at org.springframework.security.web.FilterChainProxy.doFilterInternal(FilterChainProxy.java:215)
	at org.springframework.security.web.FilterChainProxy.doFilter(FilterChainProxy.java:178)
	at org.springframework.web.filter.DelegatingFilterProxy.invokeDelegate(DelegatingFilterProxy.java:357)
	at org.springframework.web.filter.DelegatingFilterProxy.doFilter(DelegatingFilterProxy.java:270)
	at org.apache.catalina.core.ApplicationFilterChain.internalDoFilter(ApplicationFilterChain.java:193)
	at org.apache.catalina.core.ApplicationFilterChain.doFilter(ApplicationFilterChain.java:166)
	at org.springframework.web.filter.RequestContextFilter.doFilterInternal(RequestContextFilter.java:99)
	at org.springframework.web.filter.OncePerRequestFilter.doFilter(OncePerRequestFilter.java:109)
	at org.apache.catalina.core.ApplicationFilterChain.internalDoFilter(ApplicationFilterChain.java:193)
	at org.apache.catalina.core.ApplicationFilterChain.doFilter(ApplicationFilterChain.java:166)
	at org.springframework.web.filter.FormContentFilter.doFilterInternal(FormContentFilter.java:92)
	at org.springframework.web.filter.OncePerRequestFilter.doFilter(OncePerRequestFilter.java:109)
	at org.apache.catalina.core.ApplicationFilterChain.internalDoFilter(ApplicationFilterChain.java:193)
	at org.apache.catalina.core.ApplicationFilterChain.doFilter(ApplicationFilterChain.java:166)
	at org.springframework.web.filter.HiddenHttpMethodFilter.doFilterInternal(HiddenHttpMethodFilter.java:93)
	at org.springframework.web.filter.OncePerRequestFilter.doFilter(OncePerRequestFilter.java:109)
	at org.apache.catalina.core.ApplicationFilterChain.internalDoFilter(ApplicationFilterChain.java:193)
	at org.apache.catalina.core.ApplicationFilterChain.doFilter(ApplicationFilterChain.java:166)
	at org.springframework.web.filter.CharacterEncodingFilter.doFilterInternal(CharacterEncodingFilter.java:200)
	at org.springframework.web.filter.OncePerRequestFilter.doFilter(OncePerRequestFilter.java:109)
	at org.apache.catalina.core.ApplicationFilterChain.internalDoFilter(ApplicationFilterChain.java:193)
	at org.apache.catalina.core.ApplicationFilterChain.doFilter(ApplicationFilterChain.java:166)
	at org.apache.catalina.core.StandardWrapperValve.invoke(StandardWrapperValve.java:202)
	at org.apache.catalina.core.StandardContextValve.invoke(StandardContextValve.java:96)
	at org.apache.catalina.authenticator.AuthenticatorBase.invoke(AuthenticatorBase.java:490)
	at org.apache.catalina.core.StandardHostValve.invoke(StandardHostValve.java:139)
	at org.apache.catalina.valves.ErrorReportValve.invoke(ErrorReportValve.java:92)
	at org.apache.catalina.core.StandardEngineValve.invoke(StandardEngineValve.java:74)
	at org.apache.catalina.connector.CoyoteAdapter.service(CoyoteAdapter.java:343)
	at org.apache.coyote.http11.Http11Processor.service(Http11Processor.java:408)
	at org.apache.coyote.AbstractProcessorLight.process(AbstractProcessorLight.java:66)
	at org.apache.coyote.AbstractProtocol$ConnectionHandler.process(AbstractProtocol.java:853)
	at org.apache.tomcat.util.net.NioEndpoint$SocketProcessor.doRun(NioEndpoint.java:1587)
	at org.apache.tomcat.util.net.SocketProcessorBase.run(SocketProcessorBase.java:49)
	at java.util.concurrent.ThreadPoolExecutor.runWorker(ThreadPoolExecutor.java:1149)
	at java.util.concurrent.ThreadPoolExecutor$Worker.run(ThreadPoolExecutor.java:624)
	at org.apache.tomcat.util.threads.TaskThread$WrappingRunnable.run(TaskThread.java:61)
	at java.lang.Thread.run(Thread.java:748)

2020-08-24 00:44:40.721  INFO 1883 --- [Thread-31] org.quartz.core.QuartzScheduler          : Scheduler quartzScheduler_$_NON_CLUSTERED paused.
2020-08-24 00:44:40.728  INFO 1883 --- [Thread-31] o.s.s.quartz.SchedulerFactoryBean        : Shutting down Quartz Scheduler
2020-08-24 00:44:40.728  INFO 1883 --- [Thread-31] org.quartz.core.QuartzScheduler          : Scheduler quartzScheduler_$_NON_CLUSTERED shutting down.
2020-08-24 00:44:40.731  INFO 1883 --- [Thread-31] org.quartz.core.QuartzScheduler          : Scheduler quartzScheduler_$_NON_CLUSTERED paused.
2020-08-24 00:44:40.733  INFO 1883 --- [Thread-31] org.quartz.core.QuartzScheduler          : Scheduler quartzScheduler_$_NON_CLUSTERED shutdown complete.
2020-08-24 00:44:40.848  INFO 1883 --- [Thread-31] o.s.s.concurrent.ThreadPoolTaskExecutor  : Shutting down ExecutorService 'applicationTaskExecutor'
2020-08-24 00:44:40.867  INFO 1883 --- [Thread-31] c.a.icatch.imp.TransactionServiceImp     : Transaction Service: Entering shutdown (false, 9223372036854775807)...
2020-08-24 00:44:40.913  INFO 1883 --- [Thread-31] c.a.datasource.pool.ConnectionPool       : atomikos connection pool 'master': destroying pool...
2020-08-24 00:44:40.913  WARN 1883 --- [Thread-31] c.a.datasource.pool.ConnectionPool       : atomikos connection pool 'master': connection is still in use on pool destroy: an AtomikosXAPooledConnection with a SessionHandleState with 1 context(s) - please check your shutdown sequence to avoid heuristic termination of ongoing transactions!
2020-08-24 00:44:45.503  INFO 11394 --- [main] cn.stylefeng.guns.GunsApplication        : Starting GunsApplication on percydeMacBook-Pro.local with PID 11394 (/Users/percylu/miao_project/guns-vip-main/target/classes started by percylu in /Users/percylu/miao_project)
2020-08-24 00:44:45.505  INFO 11394 --- [main] cn.stylefeng.guns.GunsApplication        : The following profiles are active: dev
2020-08-24 00:44:47.188  INFO 11394 --- [main] .s.d.r.c.RepositoryConfigurationDelegate : Multiple Spring Data modules found, entering strict repository configuration mode!
2020-08-24 00:44:47.191  INFO 11394 --- [main] .s.d.r.c.RepositoryConfigurationDelegate : Bootstrapping Spring Data repositories in DEFAULT mode.
2020-08-24 00:44:47.286  INFO 11394 --- [main] .s.d.r.c.RepositoryConfigurationDelegate : Finished Spring Data repository scanning in 77ms. Found 0 repository interfaces.
2020-08-24 00:44:47.731  INFO 11394 --- [main] trationDelegate$BeanPostProcessorChecker : Bean 'webConfig' of type [cn.stylefeng.guns.config.web.WebConfig$$EnhancerBySpringCGLIB$$77f2305c] is not eligible for getting processed by all BeanPostProcessors (for example: not eligible for auto-proxying)
2020-08-24 00:44:47.794  INFO 11394 --- [main] trationDelegate$BeanPostProcessorChecker : Bean 'druidStatPointcut' of type [org.springframework.aop.support.JdkRegexpMethodPointcut] is not eligible for getting processed by all BeanPostProcessors (for example: not eligible for auto-proxying)
2020-08-24 00:44:47.807  INFO 11394 --- [main] trationDelegate$BeanPostProcessorChecker : Bean 'druidStatInterceptor' of type [com.alibaba.druid.support.spring.stat.DruidStatInterceptor] is not eligible for getting processed by all BeanPostProcessors (for example: not eligible for auto-proxying)
2020-08-24 00:44:47.808  INFO 11394 --- [main] trationDelegate$BeanPostProcessorChecker : Bean 'druidStatAdvisor' of type [org.springframework.aop.support.DefaultPointcutAdvisor] is not eligible for getting processed by all BeanPostProcessors (for example: not eligible for auto-proxying)
2020-08-24 00:44:47.867  INFO 11394 --- [main] trationDelegate$BeanPostProcessorChecker : Bean 'org.springframework.transaction.annotation.ProxyTransactionManagementConfiguration' of type [org.springframework.transaction.annotation.ProxyTransactionManagementConfiguration$$EnhancerBySpringCGLIB$$d548db4] is not eligible for getting processed by all BeanPostProcessors (for example: not eligible for auto-proxying)
2020-08-24 00:44:48.030  INFO 11394 --- [main] trationDelegate$BeanPostProcessorChecker : Bean 'org.springframework.security.config.annotation.configuration.ObjectPostProcessorConfiguration' of type [org.springframework.security.config.annotation.configuration.ObjectPostProcessorConfiguration$$EnhancerBySpringCGLIB$$a60255ee] is not eligible for getting processed by all BeanPostProcessors (for example: not eligible for auto-proxying)
2020-08-24 00:44:48.036  INFO 11394 --- [main] trationDelegate$BeanPostProcessorChecker : Bean 'objectPostProcessor' of type [org.springframework.security.config.annotation.configuration.AutowireBeanFactoryObjectPostProcessor] is not eligible for getting processed by all BeanPostProcessors (for example: not eligible for auto-proxying)
2020-08-24 00:44:48.042  INFO 11394 --- [main] trationDelegate$BeanPostProcessorChecker : Bean 'org.springframework.security.access.expression.method.DefaultMethodSecurityExpressionHandler@3a1f2a1' of type [org.springframework.security.access.expression.method.DefaultMethodSecurityExpressionHandler] is not eligible for getting processed by all BeanPostProcessors (for example: not eligible for auto-proxying)
2020-08-24 00:44:48.050  INFO 11394 --- [main] trationDelegate$BeanPostProcessorChecker : Bean 'org.springframework.security.config.annotation.method.configuration.GlobalMethodSecurityConfiguration' of type [org.springframework.security.config.annotation.method.configuration.GlobalMethodSecurityConfiguration$$EnhancerBySpringCGLIB$$cad6f8a0] is not eligible for getting processed by all BeanPostProcessors (for example: not eligible for auto-proxying)
2020-08-24 00:44:48.061  INFO 11394 --- [main] trationDelegate$BeanPostProcessorChecker : Bean 'methodSecurityMetadataSource' of type [org.springframework.security.access.method.DelegatingMethodSecurityMetadataSource] is not eligible for getting processed by all BeanPostProcessors (for example: not eligible for auto-proxying)
2020-08-24 00:44:48.418  INFO 11394 --- [main] o.s.b.w.embedded.tomcat.TomcatWebServer  : Tomcat initialized with port(s): 8002 (http)
2020-08-24 00:44:48.449  INFO 11394 --- [main] o.apache.catalina.core.StandardService   : Starting service [Tomcat]
2020-08-24 00:44:48.449  INFO 11394 --- [main] org.apache.catalina.core.StandardEngine  : Starting Servlet engine: [Apache Tomcat/9.0.21]
2020-08-24 00:44:48.572  INFO 11394 --- [main] o.a.c.c.C.[Tomcat].[localhost].[/]       : Initializing Spring embedded WebApplicationContext
2020-08-24 00:44:48.572  INFO 11394 --- [main] o.s.web.context.ContextLoader            : Root WebApplicationContext: initialization completed in 2771 ms
2020-08-24 00:44:48.749  WARN 11394 --- [main] c.atomikos.jdbc.AbstractDataSourceBean   : AtomikosDataSoureBean 'master': poolSize equals default - this may cause performance problems!
2020-08-24 00:44:49.432  INFO 11394 --- [main] com.alibaba.druid.pool.DruidDataSource   : {dataSource-1} inited
2020-08-24 00:44:49.608  INFO 11394 --- [main] c.a.icatch.provider.imp.AssemblerImp     : Loaded jar:file:/Users/percylu/.m2/repository/com/atomikos/transactions/4.0.6/transactions-4.0.6.jar!/transactions-defaults.properties
2020-08-24 00:44:49.611  WARN 11394 --- [main] c.a.icatch.provider.imp.AssemblerImp     : Thanks for using Atomikos! Evaluate http://www.atomikos.com/Main/ExtremeTransactions for advanced features and professional support
or register at http://www.atomikos.com/Main/RegisterYourDownload to disable this message and receive FREE tips & advice
2020-08-24 00:44:49.615  INFO 11394 --- [main] c.a.icatch.provider.imp.AssemblerImp     : USING: com.atomikos.icatch.default_max_wait_time_on_shutdown = 9223372036854775807
2020-08-24 00:44:49.615  INFO 11394 --- [main] c.a.icatch.provider.imp.AssemblerImp     : USING: com.atomikos.icatch.allow_subtransactions = true
2020-08-24 00:44:49.615  INFO 11394 --- [main] c.a.icatch.provider.imp.AssemblerImp     : USING: com.atomikos.icatch.recovery_delay = 10000
2020-08-24 00:44:49.615  INFO 11394 --- [main] c.a.icatch.provider.imp.AssemblerImp     : USING: com.atomikos.icatch.automatic_resource_registration = true
2020-08-24 00:44:49.615  INFO 11394 --- [main] c.a.icatch.provider.imp.AssemblerImp     : USING: com.atomikos.icatch.oltp_max_retries = 5
2020-08-24 00:44:49.615  INFO 11394 --- [main] c.a.icatch.provider.imp.AssemblerImp     : USING: com.atomikos.icatch.client_demarcation = false
2020-08-24 00:44:49.615  INFO 11394 --- [main] c.a.icatch.provider.imp.AssemblerImp     : USING: com.atomikos.icatch.threaded_2pc = false
2020-08-24 00:44:49.615  INFO 11394 --- [main] c.a.icatch.provider.imp.AssemblerImp     : USING: com.atomikos.icatch.serial_jta_transactions = true
2020-08-24 00:44:49.616  INFO 11394 --- [main] c.a.icatch.provider.imp.AssemblerImp     : USING: com.atomikos.icatch.log_base_dir = /Users/percylu/miao_project/transaction-logs
2020-08-24 00:44:49.616  INFO 11394 --- [main] c.a.icatch.provider.imp.AssemblerImp     : USING: com.atomikos.icatch.rmi_export_class = none
2020-08-24 00:44:49.616  INFO 11394 --- [main] c.a.icatch.provider.imp.AssemblerImp     : USING: com.atomikos.icatch.max_actives = -1
2020-08-24 00:44:49.616  INFO 11394 --- [main] c.a.icatch.provider.imp.AssemblerImp     : USING: com.atomikos.icatch.checkpoint_interval = 500
2020-08-24 00:44:49.616  INFO 11394 --- [main] c.a.icatch.provider.imp.AssemblerImp     : USING: com.atomikos.icatch.enable_logging = true
2020-08-24 00:44:49.616  INFO 11394 --- [main] c.a.icatch.provider.imp.AssemblerImp     : USING: com.atomikos.icatch.log_base_name = tmlog
2020-08-24 00:44:49.616  INFO 11394 --- [main] c.a.icatch.provider.imp.AssemblerImp     : USING: com.atomikos.icatch.max_timeout = 300000
2020-08-24 00:44:49.616  INFO 11394 --- [main] c.a.icatch.provider.imp.AssemblerImp     : USING: com.atomikos.icatch.trust_client_tm = false
2020-08-24 00:44:49.616  INFO 11394 --- [main] c.a.icatch.provider.imp.AssemblerImp     : USING: java.naming.factory.initial = com.sun.jndi.rmi.registry.RegistryContextFactory
2020-08-24 00:44:49.616  INFO 11394 --- [main] c.a.icatch.provider.imp.AssemblerImp     : USING: com.atomikos.icatch.tm_unique_name = 127.0.0.1.tm
2020-08-24 00:44:49.616  INFO 11394 --- [main] c.a.icatch.provider.imp.AssemblerImp     : USING: com.atomikos.icatch.forget_orphaned_log_entries_delay = 86400000
2020-08-24 00:44:49.616  INFO 11394 --- [main] c.a.icatch.provider.imp.AssemblerImp     : USING: com.atomikos.icatch.oltp_retry_interval = 10000
2020-08-24 00:44:49.616  INFO 11394 --- [main] c.a.icatch.provider.imp.AssemblerImp     : USING: java.naming.provider.url = rmi://localhost:1099
2020-08-24 00:44:49.616  INFO 11394 --- [main] c.a.icatch.provider.imp.AssemblerImp     : USING: com.atomikos.icatch.force_shutdown_on_vm_exit = false
2020-08-24 00:44:49.616  INFO 11394 --- [main] c.a.icatch.provider.imp.AssemblerImp     : USING: com.atomikos.icatch.default_jta_timeout = 10000
2020-08-24 00:44:49.617  INFO 11394 --- [main] c.a.icatch.provider.imp.AssemblerImp     : Using default (local) logging and recovery...
2020-08-24 00:44:49.662  INFO 11394 --- [main] c.a.d.xa.XATransactionalResource         : master: refreshed XAResource
2020-08-24 00:44:51.855  INFO 11394 --- [main] c.s.guns.base.db.dao.DataBaseInfoDao     : 删除master的databaseInfo信息！删除1条！
2020-08-24 00:44:52.107  INFO 11394 --- [main] c.s.guns.base.db.dao.DataBaseInfoDao     : 初始化master的databaseInfo信息！初始化1条！
2020-08-24 00:44:52.839  INFO 11394 --- [main] o.s.s.concurrent.ThreadPoolTaskExecutor  : Initializing ExecutorService 'applicationTaskExecutor'
2020-08-24 00:44:56.350  INFO 11394 --- [main] aultActiviti5CompatibilityHandlerFactory : Activiti 5 compatibility handler implementation not found or error during instantiation : org.activiti.compatibility.DefaultActiviti5CompatibilityHandler. Activiti 5 backwards compatibility disabled.
2020-08-24 00:44:57.131  INFO 11394 --- [main] o.a.engine.impl.ProcessEngineImpl        : ProcessEngine default created
2020-08-24 00:44:58.352  INFO 11394 --- [main] o.s.s.web.DefaultSecurityFilterChain     : Creating filter chain: Ant [pattern='/login', POST], []
2020-08-24 00:44:58.353  INFO 11394 --- [main] o.s.s.web.DefaultSecurityFilterChain     : Creating filter chain: Ant [pattern='/user/login', POST], []
2020-08-24 00:44:58.353  INFO 11394 --- [main] o.s.s.web.DefaultSecurityFilterChain     : Creating filter chain: Ant [pattern='/user/add', POST], []
2020-08-24 00:44:58.353  INFO 11394 --- [main] o.s.s.web.DefaultSecurityFilterChain     : Creating filter chain: Ant [pattern='/user/verifyCode', POST], []
2020-08-24 00:44:58.353  INFO 11394 --- [main] o.s.s.web.DefaultSecurityFilterChain     : Creating filter chain: Ant [pattern='/user/codeVerify', POST], []
2020-08-24 00:44:58.353  INFO 11394 --- [main] o.s.s.web.DefaultSecurityFilterChain     : Creating filter chain: Ant [pattern='/commonSetting/queryDetail', POST], []
2020-08-24 00:44:58.353  INFO 11394 --- [main] o.s.s.web.DefaultSecurityFilterChain     : Creating filter chain: Ant [pattern='/user/getVerifyCode', POST], []
2020-08-24 00:44:58.353  INFO 11394 --- [main] o.s.s.web.DefaultSecurityFilterChain     : Creating filter chain: Ant [pattern='/user/resetPassword', POST], []
2020-08-24 00:44:58.353  INFO 11394 --- [main] o.s.s.web.DefaultSecurityFilterChain     : Creating filter chain: Ant [pattern='/assets/**', GET], []
2020-08-24 00:44:58.353  INFO 11394 --- [main] o.s.s.web.DefaultSecurityFilterChain     : Creating filter chain: Ant [pattern='/favicon.ico', GET], []
2020-08-24 00:44:58.353  INFO 11394 --- [main] o.s.s.web.DefaultSecurityFilterChain     : Creating filter chain: Ant [pattern='/activiti-editor/**', GET], []
2020-08-24 00:44:58.353  INFO 11394 --- [main] o.s.s.web.DefaultSecurityFilterChain     : Creating filter chain: Ant [pattern='/image/**', GET], []
2020-08-24 00:44:58.354  INFO 11394 --- [main] o.s.s.web.DefaultSecurityFilterChain     : Creating filter chain: Ant [pattern='/ueditor/**', GET], []
2020-08-24 00:44:58.399  INFO 11394 --- [main] pertySourcedRequestMappingHandlerMapping : Mapped URL path [/v2/api-docs] onto method [public org.springframework.http.ResponseEntity<springfox.documentation.spring.web.json.Json> springfox.documentation.swagger2.web.Swagger2Controller.getDocumentation(java.lang.String,javax.servlet.http.HttpServletRequest)]
2020-08-24 00:44:58.475  INFO 11394 --- [main] o.s.s.web.DefaultSecurityFilterChain     : Creating filter chain: any request, [org.springframework.security.web.context.request.async.WebAsyncManagerIntegrationFilter@549404e7, org.springframework.security.web.context.SecurityContextPersistenceFilter@3c205259, org.springframework.security.web.header.HeaderWriterFilter@5c13534a, org.springframework.web.filter.CorsFilter@29c76d75, cn.stylefeng.guns.sys.core.auth.filter.JwtAuthorizationTokenFilter@5ec88f9e, org.springframework.security.web.savedrequest.RequestCacheAwareFilter@20923380, org.springframework.security.web.servletapi.SecurityContextHolderAwareRequestFilter@2b76ecd5, org.springframework.security.web.authentication.AnonymousAuthenticationFilter@346a2799, org.springframework.security.web.session.SessionManagementFilter@f0d01c9, org.springframework.security.web.access.ExceptionTranslationFilter@4678ec43, org.springframework.security.web.access.intercept.FilterSecurityInterceptor@2bed5828]
2020-08-24 00:44:59.287  INFO 11394 --- [main] org.quartz.impl.StdSchedulerFactory      : Using default implementation for ThreadExecutor
2020-08-24 00:44:59.304  INFO 11394 --- [main] org.quartz.core.SchedulerSignalerImpl    : Initialized Scheduler Signaller of type: class org.quartz.core.SchedulerSignalerImpl
2020-08-24 00:44:59.304  INFO 11394 --- [main] org.quartz.core.QuartzScheduler          : Quartz Scheduler v.2.3.1 created.
2020-08-24 00:44:59.305  INFO 11394 --- [main] org.quartz.simpl.RAMJobStore             : RAMJobStore initialized.
2020-08-24 00:44:59.306  INFO 11394 --- [main] org.quartz.core.QuartzScheduler          : Scheduler meta-data: Quartz Scheduler (v2.3.1) 'quartzScheduler' with instanceId 'NON_CLUSTERED'
  Scheduler class: 'org.quartz.core.QuartzScheduler' - running locally.
  NOT STARTED.
  Currently in standby mode.
  Number of jobs executed: 0
  Using thread pool 'org.quartz.simpl.SimpleThreadPool' - with 10 threads.
  Using job-store 'org.quartz.simpl.RAMJobStore' - which does not support persistence. and is not clustered.

2020-08-24 00:44:59.306  INFO 11394 --- [main] org.quartz.impl.StdSchedulerFactory      : Quartz scheduler 'quartzScheduler' initialized from an externally provided properties instance.
2020-08-24 00:44:59.306  INFO 11394 --- [main] org.quartz.impl.StdSchedulerFactory      : Quartz scheduler version: 2.3.1
2020-08-24 00:44:59.306  INFO 11394 --- [main] org.quartz.core.QuartzScheduler          : JobFactory set to: org.springframework.scheduling.quartz.SpringBeanJobFactory@58ebfbcb
2020-08-24 00:44:59.409  INFO 11394 --- [main] d.s.w.p.DocumentationPluginsBootstrapper : Context refreshed
2020-08-24 00:44:59.432  INFO 11394 --- [main] d.s.w.p.DocumentationPluginsBootstrapper : Found 1 custom documentation plugin(s)
2020-08-24 00:44:59.482  INFO 11394 --- [main] s.d.s.w.s.ApiListingReferenceScanner     : Scanning for api listing references
2020-08-24 00:44:59.667  INFO 11394 --- [main] .d.s.w.r.o.CachingOperationNameGenerator : Generating unique operation named: queryDetailUsingPOST_1
2020-08-24 00:44:59.674  INFO 11394 --- [main] .d.s.w.r.o.CachingOperationNameGenerator : Generating unique operation named: addUsingPOST_1
2020-08-24 00:44:59.675  INFO 11394 --- [main] .d.s.w.r.o.CachingOperationNameGenerator : Generating unique operation named: deleteUsingPOST_1
2020-08-24 00:44:59.678  INFO 11394 --- [main] .d.s.w.r.o.CachingOperationNameGenerator : Generating unique operation named: queryDetailUsingPOST_2
2020-08-24 00:44:59.681  INFO 11394 --- [main] .d.s.w.r.o.CachingOperationNameGenerator : Generating unique operation named: queryListUsingPOST_1
2020-08-24 00:44:59.682  INFO 11394 --- [main] .d.s.w.r.o.CachingOperationNameGenerator : Generating unique operation named: queryListPageUsingPOST_1
2020-08-24 00:44:59.683  INFO 11394 --- [main] .d.s.w.r.o.CachingOperationNameGenerator : Generating unique operation named: updateUsingPOST_1
2020-08-24 00:44:59.688  INFO 11394 --- [main] .d.s.w.r.o.CachingOperationNameGenerator : Generating unique operation named: addUsingPOST_2
2020-08-24 00:44:59.690  INFO 11394 --- [main] .d.s.w.r.o.CachingOperationNameGenerator : Generating unique operation named: deleteUsingPOST_2
2020-08-24 00:44:59.701  INFO 11394 --- [main] .d.s.w.r.o.CachingOperationNameGenerator : Generating unique operation named: queryDetailUsingPOST_3
2020-08-24 00:44:59.707  INFO 11394 --- [main] .d.s.w.r.o.CachingOperationNameGenerator : Generating unique operation named: queryListUsingPOST_2
2020-08-24 00:44:59.710  INFO 11394 --- [main] .d.s.w.r.o.CachingOperationNameGenerator : Generating unique operation named: queryListPageUsingPOST_2
2020-08-24 00:44:59.715  INFO 11394 --- [main] .d.s.w.r.o.CachingOperationNameGenerator : Generating unique operation named: updateUsingPOST_2
2020-08-24 00:44:59.721  INFO 11394 --- [main] .d.s.w.r.o.CachingOperationNameGenerator : Generating unique operation named: addUsingPOST_3
2020-08-24 00:44:59.725  INFO 11394 --- [main] .d.s.w.r.o.CachingOperationNameGenerator : Generating unique operation named: deleteUsingGET_1
2020-08-24 00:44:59.726  INFO 11394 --- [main] .d.s.w.r.o.CachingOperationNameGenerator : Generating unique operation named: deleteUsingHEAD_1
2020-08-24 00:44:59.727  INFO 11394 --- [main] .d.s.w.r.o.CachingOperationNameGenerator : Generating unique operation named: deleteUsingPOST_3
2020-08-24 00:44:59.727  INFO 11394 --- [main] .d.s.w.r.o.CachingOperationNameGenerator : Generating unique operation named: deleteUsingPUT_1
2020-08-24 00:44:59.728  INFO 11394 --- [main] .d.s.w.r.o.CachingOperationNameGenerator : Generating unique operation named: deleteUsingPATCH_1
2020-08-24 00:44:59.728  INFO 11394 --- [main] .d.s.w.r.o.CachingOperationNameGenerator : Generating unique operation named: deleteUsingDELETE_1
2020-08-24 00:44:59.729  INFO 11394 --- [main] .d.s.w.r.o.CachingOperationNameGenerator : Generating unique operation named: deleteUsingOPTIONS_1
2020-08-24 00:44:59.730  INFO 11394 --- [main] .d.s.w.r.o.CachingOperationNameGenerator : Generating unique operation named: deleteUsingTRACE_1
2020-08-24 00:44:59.732  INFO 11394 --- [main] .d.s.w.r.o.CachingOperationNameGenerator : Generating unique operation named: queryDetailUsingGET_1
2020-08-24 00:44:59.732  INFO 11394 --- [main] .d.s.w.r.o.CachingOperationNameGenerator : Generating unique operation named: queryDetailUsingHEAD_1
2020-08-24 00:44:59.733  INFO 11394 --- [main] .d.s.w.r.o.CachingOperationNameGenerator : Generating unique operation named: queryDetailUsingPOST_4
2020-08-24 00:44:59.733  INFO 11394 --- [main] .d.s.w.r.o.CachingOperationNameGenerator : Generating unique operation named: queryDetailUsingPUT_1
2020-08-24 00:44:59.734  INFO 11394 --- [main] .d.s.w.r.o.CachingOperationNameGenerator : Generating unique operation named: queryDetailUsingPATCH_1
2020-08-24 00:44:59.734  INFO 11394 --- [main] .d.s.w.r.o.CachingOperationNameGenerator : Generating unique operation named: queryDetailUsingDELETE_1
2020-08-24 00:44:59.735  INFO 11394 --- [main] .d.s.w.r.o.CachingOperationNameGenerator : Generating unique operation named: queryDetailUsingOPTIONS_1
2020-08-24 00:44:59.736  INFO 11394 --- [main] .d.s.w.r.o.CachingOperationNameGenerator : Generating unique operation named: queryDetailUsingTRACE_1
2020-08-24 00:44:59.737  INFO 11394 --- [main] .d.s.w.r.o.CachingOperationNameGenerator : Generating unique operation named: queryListUsingGET_1
2020-08-24 00:44:59.738  INFO 11394 --- [main] .d.s.w.r.o.CachingOperationNameGenerator : Generating unique operation named: queryListUsingPOST_3
2020-08-24 00:44:59.741  INFO 11394 --- [main] .d.s.w.r.o.CachingOperationNameGenerator : Generating unique operation named: queryListPageUsingGET_1
2020-08-24 00:44:59.741  INFO 11394 --- [main] .d.s.w.r.o.CachingOperationNameGenerator : Generating unique operation named: queryListPageUsingHEAD_1
2020-08-24 00:44:59.742  INFO 11394 --- [main] .d.s.w.r.o.CachingOperationNameGenerator : Generating unique operation named: queryListPageUsingPOST_3
2020-08-24 00:44:59.743  INFO 11394 --- [main] .d.s.w.r.o.CachingOperationNameGenerator : Generating unique operation named: queryListPageUsingPUT_1
2020-08-24 00:44:59.743  INFO 11394 --- [main] .d.s.w.r.o.CachingOperationNameGenerator : Generating unique operation named: queryListPageUsingPATCH_1
2020-08-24 00:44:59.744  INFO 11394 --- [main] .d.s.w.r.o.CachingOperationNameGenerator : Generating unique operation named: queryListPageUsingDELETE_1
2020-08-24 00:44:59.744  INFO 11394 --- [main] .d.s.w.r.o.CachingOperationNameGenerator : Generating unique operation named: queryListPageUsingOPTIONS_1
2020-08-24 00:44:59.745  INFO 11394 --- [main] .d.s.w.r.o.CachingOperationNameGenerator : Generating unique operation named: queryListPageUsingTRACE_1
2020-08-24 00:44:59.746  INFO 11394 --- [main] .d.s.w.r.o.CachingOperationNameGenerator : Generating unique operation named: updateUsingGET_1
2020-08-24 00:44:59.746  INFO 11394 --- [main] .d.s.w.r.o.CachingOperationNameGenerator : Generating unique operation named: updateUsingHEAD_1
2020-08-24 00:44:59.747  INFO 11394 --- [main] .d.s.w.r.o.CachingOperationNameGenerator : Generating unique operation named: updateUsingPOST_3
2020-08-24 00:44:59.747  INFO 11394 --- [main] .d.s.w.r.o.CachingOperationNameGenerator : Generating unique operation named: updateUsingPUT_1
2020-08-24 00:44:59.748  INFO 11394 --- [main] .d.s.w.r.o.CachingOperationNameGenerator : Generating unique operation named: updateUsingPATCH_1
2020-08-24 00:44:59.749  INFO 11394 --- [main] .d.s.w.r.o.CachingOperationNameGenerator : Generating unique operation named: updateUsingDELETE_1
2020-08-24 00:44:59.749  INFO 11394 --- [main] .d.s.w.r.o.CachingOperationNameGenerator : Generating unique operation named: updateUsingOPTIONS_1
2020-08-24 00:44:59.750  INFO 11394 --- [main] .d.s.w.r.o.CachingOperationNameGenerator : Generating unique operation named: updateUsingTRACE_1
2020-08-24 00:44:59.753  INFO 11394 --- [main] .d.s.w.r.o.CachingOperationNameGenerator : Generating unique operation named: addUsingPOST_4
2020-08-24 00:44:59.754  INFO 11394 --- [main] .d.s.w.r.o.CachingOperationNameGenerator : Generating unique operation named: deleteUsingPOST_4
2020-08-24 00:44:59.756  INFO 11394 --- [main] .d.s.w.r.o.CachingOperationNameGenerator : Generating unique operation named: queryDetailUsingPOST_5
2020-08-24 00:44:59.757  INFO 11394 --- [main] .d.s.w.r.o.CachingOperationNameGenerator : Generating unique operation named: queryListUsingPOST_4
2020-08-24 00:44:59.758  INFO 11394 --- [main] .d.s.w.r.o.CachingOperationNameGenerator : Generating unique operation named: queryListPageUsingPOST_4
2020-08-24 00:44:59.759  INFO 11394 --- [main] .d.s.w.r.o.CachingOperationNameGenerator : Generating unique operation named: updateUsingPOST_4
2020-08-24 00:44:59.763  INFO 11394 --- [main] .d.s.w.r.o.CachingOperationNameGenerator : Generating unique operation named: addUsingPOST_5
2020-08-24 00:44:59.763  INFO 11394 --- [main] .d.s.w.r.o.CachingOperationNameGenerator : Generating unique operation named: deleteUsingPOST_5
2020-08-24 00:44:59.767  INFO 11394 --- [main] .d.s.w.r.o.CachingOperationNameGenerator : Generating unique operation named: queryDetailUsingPOST_6
2020-08-24 00:44:59.767  INFO 11394 --- [main] .d.s.w.r.o.CachingOperationNameGenerator : Generating unique operation named: queryListUsingPOST_5
2020-08-24 00:44:59.768  INFO 11394 --- [main] .d.s.w.r.o.CachingOperationNameGenerator : Generating unique operation named: queryListPageUsingPOST_5
2020-08-24 00:44:59.769  INFO 11394 --- [main] .d.s.w.r.o.CachingOperationNameGenerator : Generating unique operation named: updateUsingPOST_5
2020-08-24 00:44:59.772  INFO 11394 --- [main] .d.s.w.r.o.CachingOperationNameGenerator : Generating unique operation named: addUsingGET_1
2020-08-24 00:44:59.773  INFO 11394 --- [main] .d.s.w.r.o.CachingOperationNameGenerator : Generating unique operation named: addUsingHEAD_1
2020-08-24 00:44:59.773  INFO 11394 --- [main] .d.s.w.r.o.CachingOperationNameGenerator : Generating unique operation named: addUsingPOST_6
2020-08-24 00:44:59.774  INFO 11394 --- [main] .d.s.w.r.o.CachingOperationNameGenerator : Generating unique operation named: addUsingPUT_1
2020-08-24 00:44:59.774  INFO 11394 --- [main] .d.s.w.r.o.CachingOperationNameGenerator : Generating unique operation named: addUsingPATCH_1
2020-08-24 00:44:59.774  INFO 11394 --- [main] .d.s.w.r.o.CachingOperationNameGenerator : Generating unique operation named: addUsingDELETE_1
2020-08-24 00:44:59.775  INFO 11394 --- [main] .d.s.w.r.o.CachingOperationNameGenerator : Generating unique operation named: addUsingOPTIONS_1
2020-08-24 00:44:59.775  INFO 11394 --- [main] .d.s.w.r.o.CachingOperationNameGenerator : Generating unique operation named: addUsingTRACE_1
2020-08-24 00:44:59.776  INFO 11394 --- [main] .d.s.w.r.o.CachingOperationNameGenerator : Generating unique operation named: deleteUsingGET_2
2020-08-24 00:44:59.777  INFO 11394 --- [main] .d.s.w.r.o.CachingOperationNameGenerator : Generating unique operation named: deleteUsingHEAD_2
2020-08-24 00:44:59.777  INFO 11394 --- [main] .d.s.w.r.o.CachingOperationNameGenerator : Generating unique operation named: deleteUsingPOST_6
2020-08-24 00:44:59.778  INFO 11394 --- [main] .d.s.w.r.o.CachingOperationNameGenerator : Generating unique operation named: deleteUsingPUT_2
2020-08-24 00:44:59.778  INFO 11394 --- [main] .d.s.w.r.o.CachingOperationNameGenerator : Generating unique operation named: deleteUsingPATCH_2
2020-08-24 00:44:59.779  INFO 11394 --- [main] .d.s.w.r.o.CachingOperationNameGenerator : Generating unique operation named: deleteUsingDELETE_2
2020-08-24 00:44:59.779  INFO 11394 --- [main] .d.s.w.r.o.CachingOperationNameGenerator : Generating unique operation named: deleteUsingOPTIONS_2
2020-08-24 00:44:59.779  INFO 11394 --- [main] .d.s.w.r.o.CachingOperationNameGenerator : Generating unique operation named: deleteUsingTRACE_2
2020-08-24 00:44:59.781  INFO 11394 --- [main] .d.s.w.r.o.CachingOperationNameGenerator : Generating unique operation named: queryDetailUsingGET_2
2020-08-24 00:44:59.782  INFO 11394 --- [main] .d.s.w.r.o.CachingOperationNameGenerator : Generating unique operation named: queryDetailUsingHEAD_2
2020-08-24 00:44:59.783  INFO 11394 --- [main] .d.s.w.r.o.CachingOperationNameGenerator : Generating unique operation named: queryDetailUsingPOST_7
2020-08-24 00:44:59.783  INFO 11394 --- [main] .d.s.w.r.o.CachingOperationNameGenerator : Generating unique operation named: queryDetailUsingPUT_2
2020-08-24 00:44:59.784  INFO 11394 --- [main] .d.s.w.r.o.CachingOperationNameGenerator : Generating unique operation named: queryDetailUsingPATCH_2
2020-08-24 00:44:59.784  INFO 11394 --- [main] .d.s.w.r.o.CachingOperationNameGenerator : Generating unique operation named: queryDetailUsingDELETE_2
2020-08-24 00:44:59.785  INFO 11394 --- [main] .d.s.w.r.o.CachingOperationNameGenerator : Generating unique operation named: queryDetailUsingOPTIONS_2
2020-08-24 00:44:59.785  INFO 11394 --- [main] .d.s.w.r.o.CachingOperationNameGenerator : Generating unique operation named: queryDetailUsingTRACE_2
2020-08-24 00:44:59.786  INFO 11394 --- [main] .d.s.w.r.o.CachingOperationNameGenerator : Generating unique operation named: queryListUsingGET_2
2020-08-24 00:44:59.786  INFO 11394 --- [main] .d.s.w.r.o.CachingOperationNameGenerator : Generating unique operation named: queryListUsingHEAD_1
2020-08-24 00:44:59.787  INFO 11394 --- [main] .d.s.w.r.o.CachingOperationNameGenerator : Generating unique operation named: queryListUsingPOST_6
2020-08-24 00:44:59.787  INFO 11394 --- [main] .d.s.w.r.o.CachingOperationNameGenerator : Generating unique operation named: queryListUsingPUT_1
2020-08-24 00:44:59.788  INFO 11394 --- [main] .d.s.w.r.o.CachingOperationNameGenerator : Generating unique operation named: queryListUsingPATCH_1
2020-08-24 00:44:59.789  INFO 11394 --- [main] .d.s.w.r.o.CachingOperationNameGenerator : Generating unique operation named: queryListUsingDELETE_1
2020-08-24 00:44:59.790  INFO 11394 --- [main] .d.s.w.r.o.CachingOperationNameGenerator : Generating unique operation named: queryListUsingOPTIONS_1
2020-08-24 00:44:59.790  INFO 11394 --- [main] .d.s.w.r.o.CachingOperationNameGenerator : Generating unique operation named: queryListUsingTRACE_1
2020-08-24 00:44:59.791  INFO 11394 --- [main] .d.s.w.r.o.CachingOperationNameGenerator : Generating unique operation named: queryListPageUsingGET_2
2020-08-24 00:44:59.791  INFO 11394 --- [main] .d.s.w.r.o.CachingOperationNameGenerator : Generating unique operation named: queryListPageUsingHEAD_2
2020-08-24 00:44:59.792  INFO 11394 --- [main] .d.s.w.r.o.CachingOperationNameGenerator : Generating unique operation named: queryListPageUsingPOST_6
2020-08-24 00:44:59.792  INFO 11394 --- [main] .d.s.w.r.o.CachingOperationNameGenerator : Generating unique operation named: queryListPageUsingPUT_2
2020-08-24 00:44:59.793  INFO 11394 --- [main] .d.s.w.r.o.CachingOperationNameGenerator : Generating unique operation named: queryListPageUsingPATCH_2
2020-08-24 00:44:59.793  INFO 11394 --- [main] .d.s.w.r.o.CachingOperationNameGenerator : Generating unique operation named: queryListPageUsingDELETE_2
2020-08-24 00:44:59.794  INFO 11394 --- [main] .d.s.w.r.o.CachingOperationNameGenerator : Generating unique operation named: queryListPageUsingOPTIONS_2
2020-08-24 00:44:59.794  INFO 11394 --- [main] .d.s.w.r.o.CachingOperationNameGenerator : Generating unique operation named: queryListPageUsingTRACE_2
2020-08-24 00:44:59.795  INFO 11394 --- [main] .d.s.w.r.o.CachingOperationNameGenerator : Generating unique operation named: updateUsingGET_2
2020-08-24 00:44:59.796  INFO 11394 --- [main] .d.s.w.r.o.CachingOperationNameGenerator : Generating unique operation named: updateUsingHEAD_2
2020-08-24 00:44:59.796  INFO 11394 --- [main] .d.s.w.r.o.CachingOperationNameGenerator : Generating unique operation named: updateUsingPOST_6
2020-08-24 00:44:59.797  INFO 11394 --- [main] .d.s.w.r.o.CachingOperationNameGenerator : Generating unique operation named: updateUsingPUT_2
2020-08-24 00:44:59.797  INFO 11394 --- [main] .d.s.w.r.o.CachingOperationNameGenerator : Generating unique operation named: updateUsingPATCH_2
2020-08-24 00:44:59.798  INFO 11394 --- [main] .d.s.w.r.o.CachingOperationNameGenerator : Generating unique operation named: updateUsingDELETE_2
2020-08-24 00:44:59.798  INFO 11394 --- [main] .d.s.w.r.o.CachingOperationNameGenerator : Generating unique operation named: updateUsingOPTIONS_2
2020-08-24 00:44:59.799  INFO 11394 --- [main] .d.s.w.r.o.CachingOperationNameGenerator : Generating unique operation named: updateUsingTRACE_2
2020-08-24 00:44:59.805  INFO 11394 --- [main] .d.s.w.r.o.CachingOperationNameGenerator : Generating unique operation named: addUsingPOST_7
2020-08-24 00:44:59.806  INFO 11394 --- [main] .d.s.w.r.o.CachingOperationNameGenerator : Generating unique operation named: deleteUsingPOST_7
2020-08-24 00:44:59.808  INFO 11394 --- [main] .d.s.w.r.o.CachingOperationNameGenerator : Generating unique operation named: queryDetailUsingPOST_8
2020-08-24 00:44:59.808  INFO 11394 --- [main] .d.s.w.r.o.CachingOperationNameGenerator : Generating unique operation named: queryListUsingPOST_7
2020-08-24 00:44:59.809  INFO 11394 --- [main] .d.s.w.r.o.CachingOperationNameGenerator : Generating unique operation named: queryListPageUsingPOST_7
2020-08-24 00:44:59.811  INFO 11394 --- [main] .d.s.w.r.o.CachingOperationNameGenerator : Generating unique operation named: updateUsingPOST_7
2020-08-24 00:44:59.815  INFO 11394 --- [main] .d.s.w.r.o.CachingOperationNameGenerator : Generating unique operation named: addUsingPOST_8
2020-08-24 00:44:59.856  INFO 11394 --- [main] .d.s.w.r.o.CachingOperationNameGenerator : Generating unique operation named: logoutUsingGET_1
2020-08-24 00:44:59.862  INFO 11394 --- [main] .d.s.w.r.o.CachingOperationNameGenerator : Generating unique operation named: queryDetailUsingPOST_9
2020-08-24 00:44:59.863  INFO 11394 --- [main] .d.s.w.r.o.CachingOperationNameGenerator : Generating unique operation named: queryListUsingPOST_8
2020-08-24 00:44:59.864  INFO 11394 --- [main] .d.s.w.r.o.CachingOperationNameGenerator : Generating unique operation named: queryListPageUsingPOST_8
2020-08-24 00:44:59.868  INFO 11394 --- [main] .d.s.w.r.o.CachingOperationNameGenerator : Generating unique operation named: restLoginUsingPOST_1
2020-08-24 00:44:59.869  INFO 11394 --- [main] .d.s.w.r.o.CachingOperationNameGenerator : Generating unique operation named: updateUsingPOST_8
2020-08-24 00:44:59.879  INFO 11394 --- [main] .d.s.w.r.o.CachingOperationNameGenerator : Generating unique operation named: verifyCodeUsingPOST_1
2020-08-24 00:44:59.897  INFO 11394 --- [main] o.s.s.quartz.SchedulerFactoryBean        : Starting Quartz Scheduler now
2020-08-24 00:44:59.898  INFO 11394 --- [main] org.quartz.core.QuartzScheduler          : Scheduler quartzScheduler_$_NON_CLUSTERED started.
2020-08-24 00:44:59.947  INFO 11394 --- [main] o.s.b.w.embedded.tomcat.TomcatWebServer  : Tomcat started on port(s): 8002 (http) with context path ''
2020-08-24 00:44:59.951  INFO 11394 --- [main] cn.stylefeng.guns.GunsApplication        : Started GunsApplication in 15.082 seconds (JVM running for 15.808)
2020-08-24 00:45:00.045  INFO 11394 --- [main] c.s.g.s.m.consts.init.SysConfigInit      : 初始化常量16条！
2020-08-24 00:45:00.132  INFO 11394 --- [main] c.s.guns.base.i18n.init.TranslationInit  : 初始化所有的翻译字典457条！
2020-08-24 00:45:00.134  INFO 11394 --- [main] cn.stylefeng.guns.GunsApplication        : GunsApplication is success!
2020-08-24 00:45:01.455  INFO 11394 --- [http-nio-8002-exec-1] o.a.c.c.C.[Tomcat].[localhost].[/]       : Initializing Spring DispatcherServlet 'dispatcherServlet'
2020-08-24 00:45:01.455  INFO 11394 --- [http-nio-8002-exec-1] o.s.web.servlet.DispatcherServlet        : Initializing Servlet 'dispatcherServlet'
2020-08-24 00:45:01.478  INFO 11394 --- [http-nio-8002-exec-1] o.s.web.servlet.DispatcherServlet        : Completed initialization in 23 ms
2020-08-24 00:45:01.504 ERROR 11394 --- [http-nio-8002-exec-1] c.s.guns.base.consts.ConstantsContext    : jwt密钥存在空值！常量名称：GUNS_JWT_SECRET，采用默认值：随机字符串->hf0tuvw2dul8s7m9rvjbi1ljd14nm41n，若想忽略此提示，请在开发管理->系统配置->参数配置，设置相关参数！
2020-08-24 00:45:39.116  INFO 11394 --- [Thread-32] org.quartz.core.QuartzScheduler          : Scheduler quartzScheduler_$_NON_CLUSTERED paused.
2020-08-24 00:45:39.117  INFO 11394 --- [Thread-32] o.s.s.quartz.SchedulerFactoryBean        : Shutting down Quartz Scheduler
2020-08-24 00:45:39.117  INFO 11394 --- [Thread-32] org.quartz.core.QuartzScheduler          : Scheduler quartzScheduler_$_NON_CLUSTERED shutting down.
2020-08-24 00:45:39.117  INFO 11394 --- [Thread-32] org.quartz.core.QuartzScheduler          : Scheduler quartzScheduler_$_NON_CLUSTERED paused.
2020-08-24 00:45:39.117  INFO 11394 --- [Thread-32] org.quartz.core.QuartzScheduler          : Scheduler quartzScheduler_$_NON_CLUSTERED shutdown complete.
2020-08-24 00:45:39.139  INFO 11394 --- [Thread-32] o.s.s.concurrent.ThreadPoolTaskExecutor  : Shutting down ExecutorService 'applicationTaskExecutor'
2020-08-24 00:45:39.144  INFO 11394 --- [Thread-32] c.a.icatch.imp.TransactionServiceImp     : Transaction Service: Entering shutdown (false, 9223372036854775807)...
2020-08-24 00:45:39.175  INFO 11394 --- [Thread-32] c.a.datasource.pool.ConnectionPool       : atomikos connection pool 'master': destroying pool...
2020-08-24 00:45:39.176  WARN 11394 --- [Thread-32] c.a.datasource.pool.ConnectionPool       : atomikos connection pool 'master': connection is still in use on pool destroy: an AtomikosXAPooledConnection with a SessionHandleState with 1 context(s) - please check your shutdown sequence to avoid heuristic termination of ongoing transactions!
